[0.054s] Invoking command in '/home/pi/final_ws/build/my_robot': CMAKE_PREFIX_PATH=${CMAKE_PREFIX_PATH}:/opt/ros/humble /usr/bin/cmake --build /home/pi/final_ws/build/my_robot -- -j4 -l4
[0.172s] -- Found ament_cmake: 1.3.9 (/opt/ros/humble/share/ament_cmake/cmake)
[0.740s] -- Found rclcpp: 16.0.9 (/opt/ros/humble/share/rclcpp/cmake)
[0.903s] -- Found rosidl_generator_c: 3.1.5 (/opt/ros/humble/share/rosidl_generator_c/cmake)
[0.914s] -- Found rosidl_adapter: 3.1.5 (/opt/ros/humble/share/rosidl_adapter/cmake)
[0.938s] -- Found rosidl_generator_cpp: 3.1.5 (/opt/ros/humble/share/rosidl_generator_cpp/cmake)
[0.982s] -- Using all available rosidl_typesupport_c: rosidl_typesupport_fastrtps_c;rosidl_typesupport_introspection_c
[1.045s] -- Using all available rosidl_typesupport_cpp: rosidl_typesupport_fastrtps_cpp;rosidl_typesupport_introspection_cpp
[1.273s] -- Found rmw_implementation_cmake: 6.1.2 (/opt/ros/humble/share/rmw_implementation_cmake/cmake)
[1.279s] -- Found rmw_fastrtps_cpp: 6.2.6 (/opt/ros/humble/share/rmw_fastrtps_cpp/cmake)
[2.139s] -- Using RMW implementation 'rmw_fastrtps_cpp' as default
[2.744s] -- Found hardware_interface: 2.41.0 (/opt/ros/humble/share/hardware_interface/cmake)
[4.870s] -- Found controller_manager: 2.41.0 (/opt/ros/humble/share/controller_manager/cmake)
[6.367s] -- Found diff_drive_controller: 2.35.0 (/opt/ros/humble/share/diff_drive_controller/cmake)
[6.658s] -- Found parameter_traits: 0.3.8 (/opt/ros/humble/share/parameter_traits/cmake)
[7.934s] -- Found joint_state_broadcaster: 2.35.0 (/opt/ros/humble/share/joint_state_broadcaster/cmake)
[8.656s] -- Found ros2_control: 2.41.0 (/opt/ros/humble/share/ros2_control/cmake)
[8.658s] -- Found ros2_control_test_assets: 2.41.0 (/opt/ros/humble/share/ros2_control_test_assets/cmake)
[10.511s] -- Configuring done
[10.711s] -- Generating done
[10.720s] -- Build files have been written to: /home/pi/final_ws/build/my_robot
[10.839s] [35m[1mConsolidate compiler generated dependencies of target my_robot_hardware[0m
[10.941s] [ 50%] [32m[1mLinking CXX shared library libmy_robot_hardware.so[0m
[11.062s] /usr/bin/ld: cannot find -lSHARED: No such file or directory
[11.817s] collect2: error: ld returned 1 exit status
[11.822s] gmake[2]: *** [CMakeFiles/my_robot_hardware.dir/build.make:348: libmy_robot_hardware.so] Error 1
[11.823s] gmake[1]: *** [CMakeFiles/Makefile2:137: CMakeFiles/my_robot_hardware.dir/all] Error 2
[11.824s] gmake: *** [Makefile:146: all] Error 2
[11.830s] Invoked command in '/home/pi/final_ws/build/my_robot' returned '2': CMAKE_PREFIX_PATH=${CMAKE_PREFIX_PATH}:/opt/ros/humble /usr/bin/cmake --build /home/pi/final_ws/build/my_robot -- -j4 -l4
