[0.061s] Invoking command in '/home/pi/final_ws/build/my_robot': CMAKE_PREFIX_PATH=${CMAKE_PREFIX_PATH}:/opt/ros/humble /usr/bin/cmake --build /home/pi/final_ws/build/my_robot -- -j4 -l4
[0.320s] [100%] Built target my_robot_hardware
[0.360s] Invoked command in '/home/pi/final_ws/build/my_robot' returned '0': CMAKE_PREFIX_PATH=${CMAKE_PREFIX_PATH}:/opt/ros/humble /usr/bin/cmake --build /home/pi/final_ws/build/my_robot -- -j4 -l4
[0.543s] Invoking command in '/home/pi/final_ws/build/my_robot': CMAKE_PREFIX_PATH=${CMAKE_PREFIX_PATH}:/opt/ros/humble /usr/bin/cmake --install /home/pi/final_ws/build/my_robot
[0.572s] -- Install configuration: ""
[0.573s] -- Up-to-date: /home/pi/final_ws/install/my_robot/lib/libmy_robot_hardware.so
[0.574s] -- Up-to-date: /home/pi/final_ws/install/my_robot/share/my_robot//bringup
[0.575s] -- Up-to-date: /home/pi/final_ws/install/my_robot/share/my_robot//bringup/config
[0.575s] -- Up-to-date: /home/pi/final_ws/install/my_robot/share/my_robot//bringup/config/my_robot_controllers.yaml
[0.576s] -- Up-to-date: /home/pi/final_ws/install/my_robot/share/my_robot//bringup/launch
[0.576s] -- Installing: /home/pi/final_ws/install/my_robot/share/my_robot//bringup/launch/my_robot.launch.py
[0.577s] -- Up-to-date: /home/pi/final_ws/install/my_robot/share/my_robot//description
[0.577s] -- Up-to-date: /home/pi/final_ws/install/my_robot/share/my_robot//description/urdf
[0.577s] -- Up-to-date: /home/pi/final_ws/install/my_robot/share/my_robot//description/urdf/my_robot.urdf.xacro
[0.578s] -- Up-to-date: /home/pi/final_ws/install/my_robot/share/my_robot//description/urdf/common_properties.xacro
[0.578s] -- Up-to-date: /home/pi/final_ws/install/my_robot/share/my_robot//description/ros_control
[0.579s] -- Up-to-date: /home/pi/final_ws/install/my_robot/share/my_robot//description/ros_control/my_robot_control.xacro
[0.579s] -- Up-to-date: /home/pi/final_ws/install/my_robot/share/my_robot//description/launch
[0.580s] -- Up-to-date: /home/pi/final_ws/install/my_robot/share/my_robot//hardware
[0.580s] -- Up-to-date: /home/pi/final_ws/install/my_robot/share/my_robot//hardware/src
[0.580s] -- Up-to-date: /home/pi/final_ws/install/my_robot/share/my_robot//hardware/src/my_robot_hardware.cpp
[0.581s] -- Up-to-date: /home/pi/final_ws/install/my_robot/share/my_robot//hardware/include
[0.581s] -- Up-to-date: /home/pi/final_ws/install/my_robot/share/my_robot//hardware/include/my_robot
[0.582s] -- Up-to-date: /home/pi/final_ws/install/my_robot/share/my_robot//hardware/include/my_robot/my_robot_hardware.hpp
[0.582s] -- Up-to-date: /home/pi/final_ws/install/my_robot/share/ament_index/resource_index/package_run_dependencies/my_robot
[0.583s] -- Up-to-date: /home/pi/final_ws/install/my_robot/share/ament_index/resource_index/parent_prefix_path/my_robot
[0.583s] -- Up-to-date: /home/pi/final_ws/install/my_robot/share/my_robot/environment/ament_prefix_path.sh
[0.584s] -- Up-to-date: /home/pi/final_ws/install/my_robot/share/my_robot/environment/ament_prefix_path.dsv
[0.584s] -- Up-to-date: /home/pi/final_ws/install/my_robot/share/my_robot/environment/path.sh
[0.584s] -- Up-to-date: /home/pi/final_ws/install/my_robot/share/my_robot/environment/path.dsv
[0.585s] -- Up-to-date: /home/pi/final_ws/install/my_robot/share/my_robot/local_setup.bash
[0.585s] -- Up-to-date: /home/pi/final_ws/install/my_robot/share/my_robot/local_setup.sh
[0.586s] -- Up-to-date: /home/pi/final_ws/install/my_robot/share/my_robot/local_setup.zsh
[0.586s] -- Up-to-date: /home/pi/final_ws/install/my_robot/share/my_robot/local_setup.dsv
[0.586s] -- Installing: /home/pi/final_ws/install/my_robot/share/my_robot/package.dsv
[0.587s] -- Up-to-date: /home/pi/final_ws/install/my_robot/share/ament_index/resource_index/packages/my_robot
[0.587s] -- Up-to-date: /home/pi/final_ws/install/my_robot/share/my_robot/cmake/my_robotConfig.cmake
[0.588s] -- Up-to-date: /home/pi/final_ws/install/my_robot/share/my_robot/cmake/my_robotConfig-version.cmake
[0.588s] -- Up-to-date: /home/pi/final_ws/install/my_robot/share/my_robot/package.xml
[0.593s] Invoked command in '/home/pi/final_ws/build/my_robot' returned '0': CMAKE_PREFIX_PATH=${CMAKE_PREFIX_PATH}:/opt/ros/humble /usr/bin/cmake --install /home/pi/final_ws/build/my_robot
