[0.017s] Invoking command in '/home/chibueze/project_ws/build/gojo_bringup': CMAKE_PREFIX_PATH=${CMAKE_PREFIX_PATH}:/opt/ros/humble /usr/bin/cmake /home/chibueze/project_ws/src/gojo_bringup -DAMENT_CMAKE_SYMLINK_INSTALL=1 -DCMAKE_INSTALL_PREFIX=/home/chibueze/project_ws/install/gojo_bringup
[0.276s] -- The C compiler identification is GNU 11.4.0
[0.463s] -- The CXX compiler identification is GNU 11.4.0
[0.490s] -- Detecting C compiler ABI info
[0.635s] -- Detecting C compiler ABI info - done
[0.646s] -- Check for working C compiler: /usr/bin/cc - skipped
[0.647s] -- Detecting C compile features
[0.649s] -- Detecting C compile features - done
[0.657s] -- Detecting CXX compiler ABI info
[0.802s] -- Detecting CXX compiler ABI info - done
[0.814s] -- Check for working CXX compiler: /usr/bin/c++ - skipped
[0.814s] -- Detecting CXX compile features
[0.815s] -- Detecting CXX compile features - done
[0.831s] -- Found ament_cmake: 1.3.9 (/opt/ros/humble/share/ament_cmake/cmake)
[1.081s] -- Found Python3: /usr/bin/python3 (found version "3.10.12") found components: Interpreter 
[1.195s] -- Override CMake install command with custom implementation using symlinks instead of copying resources
[1.374s] -- Configuring done
[1.378s] -- Generating done
[1.380s] -- Build files have been written to: /home/chibueze/project_ws/build/gojo_bringup
[1.387s] Invoked command in '/home/chibueze/project_ws/build/gojo_bringup' returned '0': CMAKE_PREFIX_PATH=${CMAKE_PREFIX_PATH}:/opt/ros/humble /usr/bin/cmake /home/chibueze/project_ws/src/gojo_bringup -DAMENT_CMAKE_SYMLINK_INSTALL=1 -DCMAKE_INSTALL_PREFIX=/home/chibueze/project_ws/install/gojo_bringup
[1.388s] Invoking command in '/home/chibueze/project_ws/build/gojo_bringup': CMAKE_PREFIX_PATH=${CMAKE_PREFIX_PATH}:/opt/ros/humble /usr/bin/cmake --build /home/chibueze/project_ws/build/gojo_bringup -- -j2 -l2
[1.458s] Invoked command in '/home/chibueze/project_ws/build/gojo_bringup' returned '0': CMAKE_PREFIX_PATH=${CMAKE_PREFIX_PATH}:/opt/ros/humble /usr/bin/cmake --build /home/chibueze/project_ws/build/gojo_bringup -- -j2 -l2
[1.513s] Invoking command in '/home/chibueze/project_ws/build/gojo_bringup': CMAKE_PREFIX_PATH=${CMAKE_PREFIX_PATH}:/opt/ros/humble /usr/bin/cmake --install /home/chibueze/project_ws/build/gojo_bringup
[1.527s] -- Install configuration: ""
[1.528s] -- Execute custom install script
[1.529s] -- Symlinking: /home/chibueze/project_ws/install/gojo_bringup/share/gojo_bringup//launch/gojo_gazebo.launch.xml
[1.545s] -- Symlinking: /home/chibueze/project_ws/install/gojo_bringup/share/ament_index/resource_index/package_run_dependencies/gojo_bringup
[1.563s] -- Symlinking: /home/chibueze/project_ws/install/gojo_bringup/share/ament_index/resource_index/parent_prefix_path/gojo_bringup
[1.579s] -- Symlinking: /home/chibueze/project_ws/install/gojo_bringup/share/gojo_bringup/environment/ament_prefix_path.sh
[1.595s] -- Symlinking: /home/chibueze/project_ws/install/gojo_bringup/share/gojo_bringup/environment/ament_prefix_path.dsv
[1.610s] -- Symlinking: /home/chibueze/project_ws/install/gojo_bringup/share/gojo_bringup/environment/path.sh
[1.626s] -- Symlinking: /home/chibueze/project_ws/install/gojo_bringup/share/gojo_bringup/environment/path.dsv
[1.646s] -- Symlinking: /home/chibueze/project_ws/install/gojo_bringup/share/gojo_bringup/local_setup.bash
[1.663s] -- Symlinking: /home/chibueze/project_ws/install/gojo_bringup/share/gojo_bringup/local_setup.sh
[1.680s] -- Symlinking: /home/chibueze/project_ws/install/gojo_bringup/share/gojo_bringup/local_setup.zsh
[1.696s] -- Symlinking: /home/chibueze/project_ws/install/gojo_bringup/share/gojo_bringup/local_setup.dsv
[1.712s] -- Symlinking: /home/chibueze/project_ws/install/gojo_bringup/share/gojo_bringup/package.dsv
[1.729s] -- Symlinking: /home/chibueze/project_ws/install/gojo_bringup/share/ament_index/resource_index/packages/gojo_bringup
[1.745s] -- Symlinking: /home/chibueze/project_ws/install/gojo_bringup/share/gojo_bringup/cmake/gojo_bringupConfig.cmake
[1.762s] -- Symlinking: /home/chibueze/project_ws/install/gojo_bringup/share/gojo_bringup/cmake/gojo_bringupConfig-version.cmake
[1.779s] -- Symlinking: /home/chibueze/project_ws/install/gojo_bringup/share/gojo_bringup/package.xml
[1.799s] Invoked command in '/home/chibueze/project_ws/build/gojo_bringup' returned '0': CMAKE_PREFIX_PATH=${CMAKE_PREFIX_PATH}:/opt/ros/humble /usr/bin/cmake --install /home/chibueze/project_ws/build/gojo_bringup
