[0.645s] DEBUG:colcon:Command line arguments: ['/usr/bin/colcon', 'build']
[0.646s] DEBUG:colcon:Parsed command line arguments: Namespace(log_base=None, log_level=None, verb_name='build', build_base='build', install_base='install', merge_install=False, symlink_install=False, test_result_base=None, continue_on_error=False, executor='parallel', parallel_workers=4, event_handlers=None, ignore_user_meta=False, metas=['./colcon.meta'], base_paths=['.'], packages_ignore=None, packages_ignore_regex=None, paths=None, packages_up_to=None, packages_up_to_regex=None, packages_above=None, packages_above_and_dependencies=None, packages_above_depth=None, packages_select_by_dep=None, packages_skip_by_dep=None, packages_skip_up_to=None, packages_select_build_failed=False, packages_skip_build_finished=False, packages_select_test_failures=False, packages_skip_test_passed=False, packages_select=None, packages_skip=None, packages_select_regex=None, packages_skip_regex=None, packages_start=None, packages_end=None, allow_overriding=[], cmake_args=None, cmake_target=None, cmake_target_skip_unavailable=False, cmake_clean_cache=False, cmake_clean_first=False, cmake_force_configure=False, ament_cmake_args=None, catkin_cmake_args=None, catkin_skip_building_tests=False, mixin_files=None, mixin=None, verb_parser=<colcon_mixin.mixin.mixin_argument.MixinArgumentDecorator object at 0xffffaea01cf0>, verb_extension=<colcon_core.verb.build.BuildVerb object at 0xffffaeb223e0>, main=<bound method BuildVerb.main of <colcon_core.verb.build.BuildVerb object at 0xffffaeb223e0>>, mixin_verb=('build',))
[1.889s] Level 1:colcon.colcon_core.package_discovery:discover_packages(colcon_meta) check parameters
[1.890s] Level 1:colcon.colcon_core.package_discovery:discover_packages(recursive) check parameters
[1.890s] Level 1:colcon.colcon_core.package_discovery:discover_packages(ignore) check parameters
[1.891s] Level 1:colcon.colcon_core.package_discovery:discover_packages(path) check parameters
[1.891s] Level 1:colcon.colcon_core.package_discovery:discover_packages(colcon_meta) discover
[1.891s] Level 1:colcon.colcon_core.package_discovery:discover_packages(recursive) discover
[1.892s] INFO:colcon.colcon_core.package_discovery:Crawling recursively for packages in '/home/pi/final_ws'
[1.893s] Level 1:colcon.colcon_core.package_identification:_identify(.) by extensions ['ignore', 'ignore_ament_install']
[1.893s] Level 1:colcon.colcon_core.package_identification:_identify(.) by extension 'ignore'
[1.894s] Level 1:colcon.colcon_core.package_identification:_identify(.) by extension 'ignore_ament_install'
[1.894s] Level 1:colcon.colcon_core.package_identification:_identify(.) by extensions ['colcon_pkg']
[1.894s] Level 1:colcon.colcon_core.package_identification:_identify(.) by extension 'colcon_pkg'
[1.895s] Level 1:colcon.colcon_core.package_identification:_identify(.) by extensions ['colcon_meta']
[1.895s] Level 1:colcon.colcon_core.package_identification:_identify(.) by extension 'colcon_meta'
[1.895s] Level 1:colcon.colcon_core.package_identification:_identify(.) by extensions ['ros']
[1.895s] Level 1:colcon.colcon_core.package_identification:_identify(.) by extension 'ros'
[1.952s] Level 1:colcon.colcon_core.package_identification:_identify(.) by extensions ['cmake', 'python']
[1.953s] Level 1:colcon.colcon_core.package_identification:_identify(.) by extension 'cmake'
[1.953s] Level 1:colcon.colcon_core.package_identification:_identify(.) by extension 'python'
[1.954s] Level 1:colcon.colcon_core.package_identification:_identify(.) by extensions ['python_setup_py']
[1.954s] Level 1:colcon.colcon_core.package_identification:_identify(.) by extension 'python_setup_py'
[1.955s] Level 1:colcon.colcon_core.package_identification:_identify(build) by extensions ['ignore', 'ignore_ament_install']
[1.956s] Level 1:colcon.colcon_core.package_identification:_identify(build) by extension 'ignore'
[1.957s] Level 1:colcon.colcon_core.package_identification:_identify(build) ignored
[1.957s] Level 1:colcon.colcon_core.package_identification:_identify(install) by extensions ['ignore', 'ignore_ament_install']
[1.958s] Level 1:colcon.colcon_core.package_identification:_identify(install) by extension 'ignore'
[1.958s] Level 1:colcon.colcon_core.package_identification:_identify(install) ignored
[1.959s] Level 1:colcon.colcon_core.package_identification:_identify(log) by extensions ['ignore', 'ignore_ament_install']
[1.960s] Level 1:colcon.colcon_core.package_identification:_identify(log) by extension 'ignore'
[1.960s] Level 1:colcon.colcon_core.package_identification:_identify(log) ignored
[1.961s] Level 1:colcon.colcon_core.package_identification:_identify(src) by extensions ['ignore', 'ignore_ament_install']
[1.961s] Level 1:colcon.colcon_core.package_identification:_identify(src) by extension 'ignore'
[1.961s] Level 1:colcon.colcon_core.package_identification:_identify(src) by extension 'ignore_ament_install'
[1.962s] Level 1:colcon.colcon_core.package_identification:_identify(src) by extensions ['colcon_pkg']
[1.962s] Level 1:colcon.colcon_core.package_identification:_identify(src) by extension 'colcon_pkg'
[1.962s] Level 1:colcon.colcon_core.package_identification:_identify(src) by extensions ['colcon_meta']
[1.963s] Level 1:colcon.colcon_core.package_identification:_identify(src) by extension 'colcon_meta'
[1.963s] Level 1:colcon.colcon_core.package_identification:_identify(src) by extensions ['ros']
[1.963s] Level 1:colcon.colcon_core.package_identification:_identify(src) by extension 'ros'
[1.964s] Level 1:colcon.colcon_core.package_identification:_identify(src) by extensions ['cmake', 'python']
[1.964s] Level 1:colcon.colcon_core.package_identification:_identify(src) by extension 'cmake'
[1.965s] Level 1:colcon.colcon_core.package_identification:_identify(src) by extension 'python'
[1.965s] Level 1:colcon.colcon_core.package_identification:_identify(src) by extensions ['python_setup_py']
[1.965s] Level 1:colcon.colcon_core.package_identification:_identify(src) by extension 'python_setup_py'
[1.966s] Level 1:colcon.colcon_core.package_identification:_identify(src/my_robot) by extensions ['ignore', 'ignore_ament_install']
[1.966s] Level 1:colcon.colcon_core.package_identification:_identify(src/my_robot) by extension 'ignore'
[1.967s] Level 1:colcon.colcon_core.package_identification:_identify(src/my_robot) by extension 'ignore_ament_install'
[1.967s] Level 1:colcon.colcon_core.package_identification:_identify(src/my_robot) by extensions ['colcon_pkg']
[1.967s] Level 1:colcon.colcon_core.package_identification:_identify(src/my_robot) by extension 'colcon_pkg'
[1.967s] Level 1:colcon.colcon_core.package_identification:_identify(src/my_robot) by extensions ['colcon_meta']
[1.968s] Level 1:colcon.colcon_core.package_identification:_identify(src/my_robot) by extension 'colcon_meta'
[1.968s] Level 1:colcon.colcon_core.package_identification:_identify(src/my_robot) by extensions ['ros']
[1.968s] Level 1:colcon.colcon_core.package_identification:_identify(src/my_robot) by extension 'ros'
[1.980s] DEBUG:colcon.colcon_core.package_identification:Package 'src/my_robot' with type 'ros.ament_cmake' and name 'my_robot'
[1.981s] Level 1:colcon.colcon_core.package_discovery:discover_packages(recursive) using defaults
[1.981s] Level 1:colcon.colcon_core.package_discovery:discover_packages(ignore) discover
[1.982s] Level 1:colcon.colcon_core.package_discovery:discover_packages(ignore) using defaults
[1.982s] Level 1:colcon.colcon_core.package_discovery:discover_packages(path) discover
[1.982s] Level 1:colcon.colcon_core.package_discovery:discover_packages(path) using defaults
[2.118s] Level 1:colcon.colcon_core.package_discovery:discover_packages(prefix_path) check parameters
[2.118s] Level 1:colcon.colcon_core.package_discovery:discover_packages(prefix_path) discover
[2.129s] DEBUG:colcon.colcon_installed_package_information.package_discovery:Found 1 installed packages in /home/pi/final_ws/install
[2.139s] DEBUG:colcon.colcon_installed_package_information.package_discovery:Found 315 installed packages in /opt/ros/humble
[2.147s] Level 1:colcon.colcon_core.package_discovery:discover_packages(prefix_path) using defaults
[2.390s] Level 5:colcon.colcon_core.verb:set package 'my_robot' build argument 'cmake_args' from command line to 'None'
[2.390s] Level 5:colcon.colcon_core.verb:set package 'my_robot' build argument 'cmake_target' from command line to 'None'
[2.391s] Level 5:colcon.colcon_core.verb:set package 'my_robot' build argument 'cmake_target_skip_unavailable' from command line to 'False'
[2.391s] Level 5:colcon.colcon_core.verb:set package 'my_robot' build argument 'cmake_clean_cache' from command line to 'False'
[2.391s] Level 5:colcon.colcon_core.verb:set package 'my_robot' build argument 'cmake_clean_first' from command line to 'False'
[2.392s] Level 5:colcon.colcon_core.verb:set package 'my_robot' build argument 'cmake_force_configure' from command line to 'False'
[2.392s] Level 5:colcon.colcon_core.verb:set package 'my_robot' build argument 'ament_cmake_args' from command line to 'None'
[2.392s] Level 5:colcon.colcon_core.verb:set package 'my_robot' build argument 'catkin_cmake_args' from command line to 'None'
[2.392s] Level 5:colcon.colcon_core.verb:set package 'my_robot' build argument 'catkin_skip_building_tests' from command line to 'False'
[2.393s] DEBUG:colcon.colcon_core.verb:Building package 'my_robot' with the following arguments: {'ament_cmake_args': None, 'build_base': '/home/pi/final_ws/build/my_robot', 'catkin_cmake_args': None, 'catkin_skip_building_tests': False, 'cmake_args': None, 'cmake_clean_cache': False, 'cmake_clean_first': False, 'cmake_force_configure': False, 'cmake_target': None, 'cmake_target_skip_unavailable': False, 'install_base': '/home/pi/final_ws/install/my_robot', 'merge_install': False, 'path': '/home/pi/final_ws/src/my_robot', 'symlink_install': False, 'test_result_base': None}
[2.394s] INFO:colcon.colcon_core.executor:Executing jobs using 'parallel' executor
[2.398s] DEBUG:colcon.colcon_parallel_executor.executor.parallel:run_until_complete
[2.400s] INFO:colcon.colcon_ros.task.ament_cmake.build:Building ROS package in '/home/pi/final_ws/src/my_robot' with build type 'ament_cmake'
[2.401s] INFO:colcon.colcon_cmake.task.cmake.build:Building CMake package in '/home/pi/final_ws/src/my_robot'
[2.413s] INFO:colcon.colcon_core.plugin_system:Skipping extension 'colcon_core.shell.bat': Not used on non-Windows systems
[2.414s] INFO:colcon.colcon_core.shell:Skip shell extension 'powershell' for command environment: Not usable outside of PowerShell
[2.414s] DEBUG:colcon.colcon_core.shell:Skip shell extension 'dsv' for command environment
[2.466s] DEBUG:colcon.colcon_core.event_handler.log_command:Invoking command in '/home/pi/final_ws/build/my_robot': CMAKE_PREFIX_PATH=${CMAKE_PREFIX_PATH}:/opt/ros/humble /usr/bin/cmake --build /home/pi/final_ws/build/my_robot -- -j4 -l4
[37.893s] DEBUG:colcon.colcon_core.event_handler.log_command:Invoked command in '/home/pi/final_ws/build/my_robot' returned '0': CMAKE_PREFIX_PATH=${CMAKE_PREFIX_PATH}:/opt/ros/humble /usr/bin/cmake --build /home/pi/final_ws/build/my_robot -- -j4 -l4
[38.071s] DEBUG:colcon.colcon_core.event_handler.log_command:Invoking command in '/home/pi/final_ws/build/my_robot': CMAKE_PREFIX_PATH=${CMAKE_PREFIX_PATH}:/opt/ros/humble /usr/bin/cmake --install /home/pi/final_ws/build/my_robot
[38.130s] Level 1:colcon.colcon_core.environment:create_environment_scripts_only(my_robot)
[38.132s] DEBUG:colcon.colcon_core.event_handler.log_command:Invoked command in '/home/pi/final_ws/build/my_robot' returned '0': CMAKE_PREFIX_PATH=${CMAKE_PREFIX_PATH}:/opt/ros/humble /usr/bin/cmake --install /home/pi/final_ws/build/my_robot
[38.145s] Level 1:colcon.colcon_core.environment:checking '/home/pi/final_ws/install/my_robot' for CMake module files
[38.148s] Level 1:colcon.colcon_core.environment:checking '/home/pi/final_ws/install/my_robot' for CMake config files
[38.150s] Level 1:colcon.colcon_core.shell:create_environment_hook('my_robot', 'cmake_prefix_path')
[38.152s] INFO:colcon.colcon_core.shell:Creating environment hook '/home/pi/final_ws/install/my_robot/share/my_robot/hook/cmake_prefix_path.ps1'
[38.155s] INFO:colcon.colcon_core.shell:Creating environment descriptor '/home/pi/final_ws/install/my_robot/share/my_robot/hook/cmake_prefix_path.dsv'
[38.157s] INFO:colcon.colcon_core.shell:Creating environment hook '/home/pi/final_ws/install/my_robot/share/my_robot/hook/cmake_prefix_path.sh'
[38.162s] Level 1:colcon.colcon_core.environment:checking '/home/pi/final_ws/install/my_robot/lib'
[38.163s] Level 1:colcon.colcon_core.shell:create_environment_hook('my_robot', 'ld_library_path_lib')
[38.164s] INFO:colcon.colcon_core.shell:Creating environment hook '/home/pi/final_ws/install/my_robot/share/my_robot/hook/ld_library_path_lib.ps1'
[38.167s] INFO:colcon.colcon_core.shell:Creating environment descriptor '/home/pi/final_ws/install/my_robot/share/my_robot/hook/ld_library_path_lib.dsv'
[38.169s] INFO:colcon.colcon_core.shell:Creating environment hook '/home/pi/final_ws/install/my_robot/share/my_robot/hook/ld_library_path_lib.sh'
[38.171s] Level 1:colcon.colcon_core.environment:checking '/home/pi/final_ws/install/my_robot/bin'
[38.172s] Level 1:colcon.colcon_core.environment:checking '/home/pi/final_ws/install/my_robot/lib/pkgconfig/my_robot.pc'
[38.173s] Level 1:colcon.colcon_core.environment:checking '/home/pi/final_ws/install/my_robot/lib/python3.10/site-packages'
[38.174s] Level 1:colcon.colcon_core.environment:checking '/home/pi/final_ws/install/my_robot/bin'
[38.175s] INFO:colcon.colcon_core.shell:Creating package script '/home/pi/final_ws/install/my_robot/share/my_robot/package.ps1'
[38.179s] INFO:colcon.colcon_core.shell:Creating package descriptor '/home/pi/final_ws/install/my_robot/share/my_robot/package.dsv'
[38.182s] INFO:colcon.colcon_core.shell:Creating package script '/home/pi/final_ws/install/my_robot/share/my_robot/package.sh'
[38.186s] INFO:colcon.colcon_core.shell:Creating package script '/home/pi/final_ws/install/my_robot/share/my_robot/package.bash'
[38.189s] INFO:colcon.colcon_core.shell:Creating package script '/home/pi/final_ws/install/my_robot/share/my_robot/package.zsh'
[38.191s] Level 1:colcon.colcon_core.environment:create_file_with_runtime_dependencies(/home/pi/final_ws/install/my_robot/share/colcon-core/packages/my_robot)
[38.335s] Level 1:colcon.colcon_core.environment:create_environment_scripts_only(my_robot)
[38.336s] Level 1:colcon.colcon_core.environment:checking '/home/pi/final_ws/install/my_robot' for CMake module files
[38.341s] Level 1:colcon.colcon_core.environment:checking '/home/pi/final_ws/install/my_robot' for CMake config files
[38.345s] Level 1:colcon.colcon_core.shell:create_environment_hook('my_robot', 'cmake_prefix_path')
[38.346s] INFO:colcon.colcon_core.shell:Creating environment hook '/home/pi/final_ws/install/my_robot/share/my_robot/hook/cmake_prefix_path.ps1'
[38.350s] INFO:colcon.colcon_core.shell:Creating environment descriptor '/home/pi/final_ws/install/my_robot/share/my_robot/hook/cmake_prefix_path.dsv'
[38.352s] INFO:colcon.colcon_core.shell:Creating environment hook '/home/pi/final_ws/install/my_robot/share/my_robot/hook/cmake_prefix_path.sh'
[38.356s] Level 1:colcon.colcon_core.environment:checking '/home/pi/final_ws/install/my_robot/lib'
[38.357s] Level 1:colcon.colcon_core.shell:create_environment_hook('my_robot', 'ld_library_path_lib')
[38.358s] INFO:colcon.colcon_core.shell:Creating environment hook '/home/pi/final_ws/install/my_robot/share/my_robot/hook/ld_library_path_lib.ps1'
[38.361s] INFO:colcon.colcon_core.shell:Creating environment descriptor '/home/pi/final_ws/install/my_robot/share/my_robot/hook/ld_library_path_lib.dsv'
[38.364s] INFO:colcon.colcon_core.shell:Creating environment hook '/home/pi/final_ws/install/my_robot/share/my_robot/hook/ld_library_path_lib.sh'
[38.366s] Level 1:colcon.colcon_core.environment:checking '/home/pi/final_ws/install/my_robot/bin'
[38.367s] Level 1:colcon.colcon_core.environment:checking '/home/pi/final_ws/install/my_robot/lib/pkgconfig/my_robot.pc'
[38.369s] Level 1:colcon.colcon_core.environment:checking '/home/pi/final_ws/install/my_robot/lib/python3.10/site-packages'
[38.370s] Level 1:colcon.colcon_core.environment:checking '/home/pi/final_ws/install/my_robot/bin'
[38.372s] INFO:colcon.colcon_core.shell:Creating package script '/home/pi/final_ws/install/my_robot/share/my_robot/package.ps1'
[38.376s] INFO:colcon.colcon_core.shell:Creating package descriptor '/home/pi/final_ws/install/my_robot/share/my_robot/package.dsv'
[38.380s] INFO:colcon.colcon_core.shell:Creating package script '/home/pi/final_ws/install/my_robot/share/my_robot/package.sh'
[38.383s] INFO:colcon.colcon_core.shell:Creating package script '/home/pi/final_ws/install/my_robot/share/my_robot/package.bash'
[38.387s] INFO:colcon.colcon_core.shell:Creating package script '/home/pi/final_ws/install/my_robot/share/my_robot/package.zsh'
[38.390s] Level 1:colcon.colcon_core.environment:create_file_with_runtime_dependencies(/home/pi/final_ws/install/my_robot/share/colcon-core/packages/my_robot)
[38.392s] DEBUG:colcon.colcon_parallel_executor.executor.parallel:closing loop
[38.394s] DEBUG:colcon.colcon_parallel_executor.executor.parallel:loop closed
[38.394s] DEBUG:colcon.colcon_parallel_executor.executor.parallel:run_until_complete finished with '0'
[38.394s] DEBUG:colcon.colcon_core.event_reactor:joining thread
[38.442s] INFO:colcon.colcon_core.plugin_system:Skipping extension 'colcon_notification.desktop_notification.notify_send': Could not find 'notify-send'
[38.443s] INFO:colcon.colcon_core.plugin_system:Skipping extension 'colcon_notification.desktop_notification.terminal_notifier': Not used on non-Darwin systems
[38.444s] INFO:colcon.colcon_core.plugin_system:Skipping extension 'colcon_notification.desktop_notification.win32': Not used on non-Windows systems
[38.445s] INFO:colcon.colcon_notification.desktop_notification:Sending desktop notification using 'notify2'
[38.449s] DEBUG:colcon.colcon_notification.desktop_notification.notify2:Failed to initialize notify2: org.freedesktop.DBus.Error.ServiceUnknown: The name org.freedesktop.Notifications was not provided by any .service files
[38.450s] DEBUG:colcon.colcon_core.event_reactor:joined thread
[38.452s] INFO:colcon.colcon_core.shell:Creating prefix script '/home/pi/final_ws/install/local_setup.ps1'
[38.456s] INFO:colcon.colcon_core.shell:Creating prefix util module '/home/pi/final_ws/install/_local_setup_util_ps1.py'
[38.469s] INFO:colcon.colcon_core.shell:Creating prefix chain script '/home/pi/final_ws/install/setup.ps1'
[38.475s] INFO:colcon.colcon_core.shell:Creating prefix script '/home/pi/final_ws/install/local_setup.sh'
[38.478s] INFO:colcon.colcon_core.shell:Creating prefix util module '/home/pi/final_ws/install/_local_setup_util_sh.py'
[38.481s] INFO:colcon.colcon_core.shell:Creating prefix chain script '/home/pi/final_ws/install/setup.sh'
[38.488s] INFO:colcon.colcon_core.shell:Creating prefix script '/home/pi/final_ws/install/local_setup.bash'
[38.492s] INFO:colcon.colcon_core.shell:Creating prefix chain script '/home/pi/final_ws/install/setup.bash'
[38.498s] INFO:colcon.colcon_core.shell:Creating prefix script '/home/pi/final_ws/install/local_setup.zsh'
[38.502s] INFO:colcon.colcon_core.shell:Creating prefix chain script '/home/pi/final_ws/install/setup.zsh'
