[0.797s] DEBUG:colcon:Command line arguments: ['/usr/bin/colcon', 'build']
[0.797s] DEBUG:colcon:Parsed command line arguments: Namespace(log_base=None, log_level=None, verb_name='build', build_base='build', install_base='install', merge_install=False, symlink_install=False, test_result_base=None, continue_on_error=False, executor='parallel', parallel_workers=4, event_handlers=None, ignore_user_meta=False, metas=['./colcon.meta'], base_paths=['.'], packages_ignore=None, packages_ignore_regex=None, paths=None, packages_up_to=None, packages_up_to_regex=None, packages_above=None, packages_above_and_dependencies=None, packages_above_depth=None, packages_select_by_dep=None, packages_skip_by_dep=None, packages_skip_up_to=None, packages_select_build_failed=False, packages_skip_build_finished=False, packages_select_test_failures=False, packages_skip_test_passed=False, packages_select=None, packages_skip=None, packages_select_regex=None, packages_skip_regex=None, packages_start=None, packages_end=None, allow_overriding=[], cmake_args=None, cmake_target=None, cmake_target_skip_unavailable=False, cmake_clean_cache=False, cmake_clean_first=False, cmake_force_configure=False, ament_cmake_args=None, catkin_cmake_args=None, catkin_skip_building_tests=False, mixin_files=None, mixin=None, verb_parser=<colcon_mixin.mixin.mixin_argument.MixinArgumentDecorator object at 0xffff88301d80>, verb_extension=<colcon_core.verb.build.BuildVerb object at 0xffff88422470>, main=<bound method BuildVerb.main of <colcon_core.verb.build.BuildVerb object at 0xffff88422470>>, mixin_verb=('build',))
[2.157s] Level 1:colcon.colcon_core.package_discovery:discover_packages(colcon_meta) check parameters
[2.158s] Level 1:colcon.colcon_core.package_discovery:discover_packages(recursive) check parameters
[2.158s] Level 1:colcon.colcon_core.package_discovery:discover_packages(ignore) check parameters
[2.158s] Level 1:colcon.colcon_core.package_discovery:discover_packages(path) check parameters
[2.159s] Level 1:colcon.colcon_core.package_discovery:discover_packages(colcon_meta) discover
[2.159s] Level 1:colcon.colcon_core.package_discovery:discover_packages(recursive) discover
[2.159s] INFO:colcon.colcon_core.package_discovery:Crawling recursively for packages in '/home/pi/final_ws'
[2.160s] Level 1:colcon.colcon_core.package_identification:_identify(.) by extensions ['ignore', 'ignore_ament_install']
[2.161s] Level 1:colcon.colcon_core.package_identification:_identify(.) by extension 'ignore'
[2.161s] Level 1:colcon.colcon_core.package_identification:_identify(.) by extension 'ignore_ament_install'
[2.162s] Level 1:colcon.colcon_core.package_identification:_identify(.) by extensions ['colcon_pkg']
[2.162s] Level 1:colcon.colcon_core.package_identification:_identify(.) by extension 'colcon_pkg'
[2.163s] Level 1:colcon.colcon_core.package_identification:_identify(.) by extensions ['colcon_meta']
[2.163s] Level 1:colcon.colcon_core.package_identification:_identify(.) by extension 'colcon_meta'
[2.163s] Level 1:colcon.colcon_core.package_identification:_identify(.) by extensions ['ros']
[2.164s] Level 1:colcon.colcon_core.package_identification:_identify(.) by extension 'ros'
[2.229s] Level 1:colcon.colcon_core.package_identification:_identify(.) by extensions ['cmake', 'python']
[2.229s] Level 1:colcon.colcon_core.package_identification:_identify(.) by extension 'cmake'
[2.230s] Level 1:colcon.colcon_core.package_identification:_identify(.) by extension 'python'
[2.230s] Level 1:colcon.colcon_core.package_identification:_identify(.) by extensions ['python_setup_py']
[2.230s] Level 1:colcon.colcon_core.package_identification:_identify(.) by extension 'python_setup_py'
[2.231s] Level 1:colcon.colcon_core.package_identification:_identify(build) by extensions ['ignore', 'ignore_ament_install']
[2.232s] Level 1:colcon.colcon_core.package_identification:_identify(build) by extension 'ignore'
[2.233s] Level 1:colcon.colcon_core.package_identification:_identify(build) ignored
[2.234s] Level 1:colcon.colcon_core.package_identification:_identify(install) by extensions ['ignore', 'ignore_ament_install']
[2.234s] Level 1:colcon.colcon_core.package_identification:_identify(install) by extension 'ignore'
[2.235s] Level 1:colcon.colcon_core.package_identification:_identify(install) ignored
[2.237s] Level 1:colcon.colcon_core.package_identification:_identify(log) by extensions ['ignore', 'ignore_ament_install']
[2.237s] Level 1:colcon.colcon_core.package_identification:_identify(log) by extension 'ignore'
[2.238s] Level 1:colcon.colcon_core.package_identification:_identify(log) ignored
[2.239s] Level 1:colcon.colcon_core.package_identification:_identify(src) by extensions ['ignore', 'ignore_ament_install']
[2.239s] Level 1:colcon.colcon_core.package_identification:_identify(src) by extension 'ignore'
[2.240s] Level 1:colcon.colcon_core.package_identification:_identify(src) by extension 'ignore_ament_install'
[2.240s] Level 1:colcon.colcon_core.package_identification:_identify(src) by extensions ['colcon_pkg']
[2.240s] Level 1:colcon.colcon_core.package_identification:_identify(src) by extension 'colcon_pkg'
[2.241s] Level 1:colcon.colcon_core.package_identification:_identify(src) by extensions ['colcon_meta']
[2.241s] Level 1:colcon.colcon_core.package_identification:_identify(src) by extension 'colcon_meta'
[2.242s] Level 1:colcon.colcon_core.package_identification:_identify(src) by extensions ['ros']
[2.242s] Level 1:colcon.colcon_core.package_identification:_identify(src) by extension 'ros'
[2.243s] Level 1:colcon.colcon_core.package_identification:_identify(src) by extensions ['cmake', 'python']
[2.243s] Level 1:colcon.colcon_core.package_identification:_identify(src) by extension 'cmake'
[2.243s] Level 1:colcon.colcon_core.package_identification:_identify(src) by extension 'python'
[2.244s] Level 1:colcon.colcon_core.package_identification:_identify(src) by extensions ['python_setup_py']
[2.244s] Level 1:colcon.colcon_core.package_identification:_identify(src) by extension 'python_setup_py'
[2.245s] Level 1:colcon.colcon_core.package_identification:_identify(src/my_robot) by extensions ['ignore', 'ignore_ament_install']
[2.246s] Level 1:colcon.colcon_core.package_identification:_identify(src/my_robot) by extension 'ignore'
[2.246s] Level 1:colcon.colcon_core.package_identification:_identify(src/my_robot) by extension 'ignore_ament_install'
[2.247s] Level 1:colcon.colcon_core.package_identification:_identify(src/my_robot) by extensions ['colcon_pkg']
[2.247s] Level 1:colcon.colcon_core.package_identification:_identify(src/my_robot) by extension 'colcon_pkg'
[2.247s] Level 1:colcon.colcon_core.package_identification:_identify(src/my_robot) by extensions ['colcon_meta']
[2.248s] Level 1:colcon.colcon_core.package_identification:_identify(src/my_robot) by extension 'colcon_meta'
[2.248s] Level 1:colcon.colcon_core.package_identification:_identify(src/my_robot) by extensions ['ros']
[2.248s] Level 1:colcon.colcon_core.package_identification:_identify(src/my_robot) by extension 'ros'
[2.261s] DEBUG:colcon.colcon_core.package_identification:Package 'src/my_robot' with type 'ros.ament_cmake' and name 'my_robot'
[2.262s] Level 1:colcon.colcon_core.package_discovery:discover_packages(recursive) using defaults
[2.262s] Level 1:colcon.colcon_core.package_discovery:discover_packages(ignore) discover
[2.262s] Level 1:colcon.colcon_core.package_discovery:discover_packages(ignore) using defaults
[2.263s] Level 1:colcon.colcon_core.package_discovery:discover_packages(path) discover
[2.263s] Level 1:colcon.colcon_core.package_discovery:discover_packages(path) using defaults
[2.416s] Level 1:colcon.colcon_core.package_discovery:discover_packages(prefix_path) check parameters
[2.416s] Level 1:colcon.colcon_core.package_discovery:discover_packages(prefix_path) discover
[2.431s] DEBUG:colcon.colcon_installed_package_information.package_discovery:Found 1 installed packages in /home/pi/final_ws/install
[2.443s] DEBUG:colcon.colcon_installed_package_information.package_discovery:Found 316 installed packages in /opt/ros/humble
[2.450s] Level 1:colcon.colcon_core.package_discovery:discover_packages(prefix_path) using defaults
[2.787s] Level 5:colcon.colcon_core.verb:set package 'my_robot' build argument 'cmake_args' from command line to 'None'
[2.788s] Level 5:colcon.colcon_core.verb:set package 'my_robot' build argument 'cmake_target' from command line to 'None'
[2.788s] Level 5:colcon.colcon_core.verb:set package 'my_robot' build argument 'cmake_target_skip_unavailable' from command line to 'False'
[2.788s] Level 5:colcon.colcon_core.verb:set package 'my_robot' build argument 'cmake_clean_cache' from command line to 'False'
[2.788s] Level 5:colcon.colcon_core.verb:set package 'my_robot' build argument 'cmake_clean_first' from command line to 'False'
[2.789s] Level 5:colcon.colcon_core.verb:set package 'my_robot' build argument 'cmake_force_configure' from command line to 'False'
[2.789s] Level 5:colcon.colcon_core.verb:set package 'my_robot' build argument 'ament_cmake_args' from command line to 'None'
[2.789s] Level 5:colcon.colcon_core.verb:set package 'my_robot' build argument 'catkin_cmake_args' from command line to 'None'
[2.789s] Level 5:colcon.colcon_core.verb:set package 'my_robot' build argument 'catkin_skip_building_tests' from command line to 'False'
[2.790s] DEBUG:colcon.colcon_core.verb:Building package 'my_robot' with the following arguments: {'ament_cmake_args': None, 'build_base': '/home/pi/final_ws/build/my_robot', 'catkin_cmake_args': None, 'catkin_skip_building_tests': False, 'cmake_args': None, 'cmake_clean_cache': False, 'cmake_clean_first': False, 'cmake_force_configure': False, 'cmake_target': None, 'cmake_target_skip_unavailable': False, 'install_base': '/home/pi/final_ws/install/my_robot', 'merge_install': False, 'path': '/home/pi/final_ws/src/my_robot', 'symlink_install': False, 'test_result_base': None}
[2.791s] INFO:colcon.colcon_core.executor:Executing jobs using 'parallel' executor
[2.796s] DEBUG:colcon.colcon_parallel_executor.executor.parallel:run_until_complete
[2.797s] INFO:colcon.colcon_ros.task.ament_cmake.build:Building ROS package in '/home/pi/final_ws/src/my_robot' with build type 'ament_cmake'
[2.798s] INFO:colcon.colcon_cmake.task.cmake.build:Building CMake package in '/home/pi/final_ws/src/my_robot'
[2.814s] INFO:colcon.colcon_core.plugin_system:Skipping extension 'colcon_core.shell.bat': Not used on non-Windows systems
[2.816s] INFO:colcon.colcon_core.shell:Skip shell extension 'powershell' for command environment: Not usable outside of PowerShell
[2.816s] DEBUG:colcon.colcon_core.shell:Skip shell extension 'dsv' for command environment
[2.879s] DEBUG:colcon.colcon_core.event_handler.log_command:Invoking command in '/home/pi/final_ws/build/my_robot': CMAKE_PREFIX_PATH=${CMAKE_PREFIX_PATH}:/opt/ros/humble /usr/bin/cmake --build /home/pi/final_ws/build/my_robot -- -j4 -l4
[5.649s] DEBUG:colcon.colcon_core.event_handler.log_command:Invoked command in '/home/pi/final_ws/build/my_robot' returned '2': CMAKE_PREFIX_PATH=${CMAKE_PREFIX_PATH}:/opt/ros/humble /usr/bin/cmake --build /home/pi/final_ws/build/my_robot -- -j4 -l4
[5.775s] Level 1:colcon.colcon_core.environment:create_environment_scripts_only(my_robot)
[5.788s] Level 1:colcon.colcon_core.environment:checking '/home/pi/final_ws/install/my_robot' for CMake module files
[5.792s] Level 1:colcon.colcon_core.environment:checking '/home/pi/final_ws/install/my_robot' for CMake config files
[5.796s] Level 1:colcon.colcon_core.shell:create_environment_hook('my_robot', 'cmake_prefix_path')
[5.798s] INFO:colcon.colcon_core.shell:Creating environment hook '/home/pi/final_ws/install/my_robot/share/my_robot/hook/cmake_prefix_path.ps1'
[5.801s] INFO:colcon.colcon_core.shell:Creating environment descriptor '/home/pi/final_ws/install/my_robot/share/my_robot/hook/cmake_prefix_path.dsv'
[5.803s] INFO:colcon.colcon_core.shell:Creating environment hook '/home/pi/final_ws/install/my_robot/share/my_robot/hook/cmake_prefix_path.sh'
[5.807s] Level 1:colcon.colcon_core.environment:checking '/home/pi/final_ws/install/my_robot/lib'
[5.808s] Level 1:colcon.colcon_core.shell:create_environment_hook('my_robot', 'ld_library_path_lib')
[5.809s] INFO:colcon.colcon_core.shell:Creating environment hook '/home/pi/final_ws/install/my_robot/share/my_robot/hook/ld_library_path_lib.ps1'
[5.811s] INFO:colcon.colcon_core.shell:Creating environment descriptor '/home/pi/final_ws/install/my_robot/share/my_robot/hook/ld_library_path_lib.dsv'
[5.813s] INFO:colcon.colcon_core.shell:Creating environment hook '/home/pi/final_ws/install/my_robot/share/my_robot/hook/ld_library_path_lib.sh'
[5.816s] Level 1:colcon.colcon_core.environment:checking '/home/pi/final_ws/install/my_robot/bin'
[5.816s] Level 1:colcon.colcon_core.environment:checking '/home/pi/final_ws/install/my_robot/lib/pkgconfig/my_robot.pc'
[5.817s] Level 1:colcon.colcon_core.environment:checking '/home/pi/final_ws/install/my_robot/lib/python3.10/site-packages'
[5.818s] Level 1:colcon.colcon_core.environment:checking '/home/pi/final_ws/install/my_robot/bin'
[5.820s] INFO:colcon.colcon_core.shell:Creating package script '/home/pi/final_ws/install/my_robot/share/my_robot/package.ps1'
[5.824s] INFO:colcon.colcon_core.shell:Creating package descriptor '/home/pi/final_ws/install/my_robot/share/my_robot/package.dsv'
[5.828s] INFO:colcon.colcon_core.shell:Creating package script '/home/pi/final_ws/install/my_robot/share/my_robot/package.sh'
[5.832s] INFO:colcon.colcon_core.shell:Creating package script '/home/pi/final_ws/install/my_robot/share/my_robot/package.bash'
[5.836s] INFO:colcon.colcon_core.shell:Creating package script '/home/pi/final_ws/install/my_robot/share/my_robot/package.zsh'
[5.839s] Level 1:colcon.colcon_core.environment:create_file_with_runtime_dependencies(/home/pi/final_ws/install/my_robot/share/colcon-core/packages/my_robot)
[5.851s] DEBUG:colcon.colcon_parallel_executor.executor.parallel:closing loop
[5.852s] DEBUG:colcon.colcon_parallel_executor.executor.parallel:loop closed
[5.853s] DEBUG:colcon.colcon_parallel_executor.executor.parallel:run_until_complete finished with '2'
[5.853s] DEBUG:colcon.colcon_core.event_reactor:joining thread
[5.878s] INFO:colcon.colcon_core.plugin_system:Skipping extension 'colcon_notification.desktop_notification.notify_send': Could not find 'notify-send'
[5.879s] INFO:colcon.colcon_core.plugin_system:Skipping extension 'colcon_notification.desktop_notification.terminal_notifier': Not used on non-Darwin systems
[5.879s] INFO:colcon.colcon_core.plugin_system:Skipping extension 'colcon_notification.desktop_notification.win32': Not used on non-Windows systems
[5.880s] INFO:colcon.colcon_notification.desktop_notification:Sending desktop notification using 'notify2'
[5.884s] DEBUG:colcon.colcon_notification.desktop_notification.notify2:Failed to initialize notify2: org.freedesktop.DBus.Error.ServiceUnknown: The name org.freedesktop.Notifications was not provided by any .service files
[5.884s] DEBUG:colcon.colcon_core.event_reactor:joined thread
[5.886s] INFO:colcon.colcon_core.shell:Creating prefix script '/home/pi/final_ws/install/local_setup.ps1'
[5.890s] INFO:colcon.colcon_core.shell:Creating prefix util module '/home/pi/final_ws/install/_local_setup_util_ps1.py'
[5.897s] INFO:colcon.colcon_core.shell:Creating prefix chain script '/home/pi/final_ws/install/setup.ps1'
[5.902s] INFO:colcon.colcon_core.shell:Creating prefix script '/home/pi/final_ws/install/local_setup.sh'
[5.905s] INFO:colcon.colcon_core.shell:Creating prefix util module '/home/pi/final_ws/install/_local_setup_util_sh.py'
[5.909s] INFO:colcon.colcon_core.shell:Creating prefix chain script '/home/pi/final_ws/install/setup.sh'
[5.915s] INFO:colcon.colcon_core.shell:Creating prefix script '/home/pi/final_ws/install/local_setup.bash'
[5.918s] INFO:colcon.colcon_core.shell:Creating prefix chain script '/home/pi/final_ws/install/setup.bash'
[5.923s] INFO:colcon.colcon_core.shell:Creating prefix script '/home/pi/final_ws/install/local_setup.zsh'
[5.926s] INFO:colcon.colcon_core.shell:Creating prefix chain script '/home/pi/final_ws/install/setup.zsh'
