[0.053s] Invoking command in '/home/pi/final_ws/build/my_robot': CMAKE_PREFIX_PATH=${CMAKE_PREFIX_PATH}:/opt/ros/humble /usr/bin/cmake /home/pi/final_ws/src/my_robot -DCMAKE_INSTALL_PREFIX=/home/pi/final_ws/install/my_robot
[0.329s] -- The C compiler identification is GNU 11.4.0
[0.624s] -- The CXX compiler identification is GNU 11.4.0
[0.674s] -- Detecting C compiler ABI info
[1.052s] -- Detecting C compiler ABI info - done
[1.078s] -- Check for working C compiler: /usr/bin/cc - skipped
[1.079s] -- Detecting C compile features
[1.080s] -- Detecting C compile features - done
[1.095s] -- Detecting CXX compiler ABI info
[1.507s] -- Detecting CXX compiler ABI info - done
[1.544s] -- Check for working CXX compiler: /usr/bin/c++ - skipped
[1.544s] -- Detecting CXX compile features
[1.546s] -- Detecting CXX compile features - done
[1.571s] -- Found ament_cmake: 1.3.9 (/opt/ros/humble/share/ament_cmake/cmake)
[2.338s] -- Found Python3: /usr/bin/python3 (found version "3.10.12") found components: Interpreter 
[2.908s] -- Found rclcpp: 16.0.9 (/opt/ros/humble/share/rclcpp/cmake)
[3.257s] -- Found rosidl_generator_c: 3.1.5 (/opt/ros/humble/share/rosidl_generator_c/cmake)
[3.301s] -- Found rosidl_adapter: 3.1.5 (/opt/ros/humble/share/rosidl_adapter/cmake)
[3.359s] -- Found rosidl_generator_cpp: 3.1.5 (/opt/ros/humble/share/rosidl_generator_cpp/cmake)
[3.438s] -- Using all available rosidl_typesupport_c: rosidl_typesupport_fastrtps_c;rosidl_typesupport_introspection_c
[3.553s] -- Using all available rosidl_typesupport_cpp: rosidl_typesupport_fastrtps_cpp;rosidl_typesupport_introspection_cpp
[3.941s] -- Found rmw_implementation_cmake: 6.1.2 (/opt/ros/humble/share/rmw_implementation_cmake/cmake)
[3.979s] -- Found rmw_fastrtps_cpp: 6.2.6 (/opt/ros/humble/share/rmw_fastrtps_cpp/cmake)
[5.471s] -- Found OpenSSL: /usr/lib/aarch64-linux-gnu/libcrypto.so (found version "3.0.2")  
[5.690s] -- Found FastRTPS: /opt/ros/humble/include  
[6.066s] -- Using RMW implementation 'rmw_fastrtps_cpp' as default
[6.146s] -- Looking for pthread.h
[6.507s] -- Looking for pthread.h - found
[6.516s] -- Performing Test CMAKE_HAVE_LIBC_PTHREAD
[6.885s] -- Performing Test CMAKE_HAVE_LIBC_PTHREAD - Success
[6.894s] -- Found Threads: TRUE  
[7.644s] -- Found hardware_interface: 2.41.0 (/opt/ros/humble/share/hardware_interface/cmake)
[10.250s] -- Found controller_manager: 2.41.0 (/opt/ros/humble/share/controller_manager/cmake)
[11.864s] -- Found diff_drive_controller: 2.35.0 (/opt/ros/humble/share/diff_drive_controller/cmake)
[12.187s] -- Found parameter_traits: 0.3.8 (/opt/ros/humble/share/parameter_traits/cmake)
[15.661s] -- Found joint_state_broadcaster: 2.35.0 (/opt/ros/humble/share/joint_state_broadcaster/cmake)
[16.545s] -- Found ros2_control: 2.41.0 (/opt/ros/humble/share/ros2_control/cmake)
[16.563s] -- Found ros2_control_test_assets: 2.41.0 (/opt/ros/humble/share/ros2_control_test_assets/cmake)
[18.479s] -- Configuring done
[18.677s] -- Generating done
[18.687s] -- Build files have been written to: /home/pi/final_ws/build/my_robot
[18.752s] Invoked command in '/home/pi/final_ws/build/my_robot' returned '0': CMAKE_PREFIX_PATH=${CMAKE_PREFIX_PATH}:/opt/ros/humble /usr/bin/cmake /home/pi/final_ws/src/my_robot -DCMAKE_INSTALL_PREFIX=/home/pi/final_ws/install/my_robot
[18.754s] Invoking command in '/home/pi/final_ws/build/my_robot': CMAKE_PREFIX_PATH=${CMAKE_PREFIX_PATH}:/opt/ros/humble /usr/bin/cmake --build /home/pi/final_ws/build/my_robot -- -j4 -l4
[19.345s] [ 50%] [32mBuilding CXX object CMakeFiles/my_robot_hardware.dir/hardware/src/my_robot_hardware.cpp.o[0m
[41.259s] [100%] [32m[1mLinking CXX shared library libmy_robot_hardware.so[0m
[43.621s] [100%] Built target my_robot_hardware
[43.667s] Invoked command in '/home/pi/final_ws/build/my_robot' returned '0': CMAKE_PREFIX_PATH=${CMAKE_PREFIX_PATH}:/opt/ros/humble /usr/bin/cmake --build /home/pi/final_ws/build/my_robot -- -j4 -l4
[43.854s] Invoking command in '/home/pi/final_ws/build/my_robot': CMAKE_PREFIX_PATH=${CMAKE_PREFIX_PATH}:/opt/ros/humble /usr/bin/cmake --install /home/pi/final_ws/build/my_robot
[43.882s] -- Install configuration: ""
[43.882s] -- Installing: /home/pi/final_ws/install/my_robot/lib/libmy_robot_hardware.so
[43.888s] -- Set runtime path of "/home/pi/final_ws/install/my_robot/lib/libmy_robot_hardware.so" to ""
[43.890s] -- Installing: /home/pi/final_ws/install/my_robot/share/ament_index/resource_index/package_run_dependencies/my_robot
[43.892s] -- Installing: /home/pi/final_ws/install/my_robot/share/ament_index/resource_index/parent_prefix_path/my_robot
[43.893s] -- Installing: /home/pi/final_ws/install/my_robot/share/my_robot/environment/ament_prefix_path.sh
[43.894s] -- Installing: /home/pi/final_ws/install/my_robot/share/my_robot/environment/ament_prefix_path.dsv
[43.896s] -- Installing: /home/pi/final_ws/install/my_robot/share/my_robot/environment/path.sh
[43.897s] -- Installing: /home/pi/final_ws/install/my_robot/share/my_robot/environment/path.dsv
[43.898s] -- Installing: /home/pi/final_ws/install/my_robot/share/my_robot/local_setup.bash
[43.900s] -- Installing: /home/pi/final_ws/install/my_robot/share/my_robot/local_setup.sh
[43.900s] -- Installing: /home/pi/final_ws/install/my_robot/share/my_robot/local_setup.zsh
[43.901s] -- Installing: /home/pi/final_ws/install/my_robot/share/my_robot/local_setup.dsv
[43.902s] -- Installing: /home/pi/final_ws/install/my_robot/share/my_robot/package.dsv
[43.905s] -- Installing: /home/pi/final_ws/install/my_robot/share/ament_index/resource_index/packages/my_robot
[43.906s] -- Installing: /home/pi/final_ws/install/my_robot/share/my_robot/cmake/my_robotConfig.cmake
[43.908s] -- Installing: /home/pi/final_ws/install/my_robot/share/my_robot/cmake/my_robotConfig-version.cmake
[43.909s] -- Installing: /home/pi/final_ws/install/my_robot/share/my_robot/package.xml
[43.919s] Invoked command in '/home/pi/final_ws/build/my_robot' returned '0': CMAKE_PREFIX_PATH=${CMAKE_PREFIX_PATH}:/opt/ros/humble /usr/bin/cmake --install /home/pi/final_ws/build/my_robot
