[1.101s] DEBUG:colcon:Command line arguments: ['/usr/bin/colcon', 'list', '-p', '--base-paths', '/home/pi/final_ws']
[1.102s] DEBUG:colcon:Parsed command line arguments: Namespace(log_base=None, log_level=None, verb_name='list', build_base='build', ignore_user_meta=False, metas=['./colcon.meta'], base_paths=['/home/pi/final_ws'], packages_ignore=None, packages_ignore_regex=None, paths=None, packages_up_to=None, packages_up_to_regex=None, packages_above=None, packages_above_and_dependencies=None, packages_above_depth=None, packages_select_by_dep=None, packages_skip_by_dep=None, packages_skip_up_to=None, packages_select_build_failed=False, packages_skip_build_finished=False, packages_select_test_failures=False, packages_skip_test_passed=False, packages_select=None, packages_skip=None, packages_select_regex=None, packages_skip_regex=None, packages_start=None, packages_end=None, allow_overriding=[], topological_order=False, names_only=False, paths_only=True, topological_graph=False, topological_graph_dot=False, topological_graph_density=False, topological_graph_legend=False, topological_graph_dot_cluster=False, topological_graph_dot_include_skipped=False, mixin_files=None, mixin=None, verb_parser=<colcon_mixin.mixin.mixin_argument.MixinArgumentDecorator object at 0xffff8f2fe680>, verb_extension=<colcon_package_information.verb.list.ListVerb object at 0xffff8f2fd5a0>, main=<bound method ListVerb.main of <colcon_package_information.verb.list.ListVerb object at 0xffff8f2fd5a0>>, mixin_verb=('list',))
[3.954s] Level 1:colcon.colcon_core.package_discovery:discover_packages(colcon_meta) check parameters
[3.955s] Level 1:colcon.colcon_core.package_discovery:discover_packages(recursive) check parameters
[3.955s] Level 1:colcon.colcon_core.package_discovery:discover_packages(ignore) check parameters
[3.955s] Level 1:colcon.colcon_core.package_discovery:discover_packages(path) check parameters
[3.956s] Level 1:colcon.colcon_core.package_discovery:discover_packages(recursive) discover
[3.958s] INFO:colcon.colcon_core.package_discovery:Crawling recursively for packages in '/home/pi/final_ws'
[3.963s] Level 1:colcon.colcon_core.package_identification:_identify(/home/pi/final_ws) by extensions ['ignore', 'ignore_ament_install']
[3.965s] Level 1:colcon.colcon_core.package_identification:_identify(/home/pi/final_ws) by extension 'ignore'
[3.967s] Level 1:colcon.colcon_core.package_identification:_identify(/home/pi/final_ws) by extension 'ignore_ament_install'
[3.968s] Level 1:colcon.colcon_core.package_identification:_identify(/home/pi/final_ws) by extensions ['colcon_pkg']
[3.978s] Level 1:colcon.colcon_core.package_identification:_identify(/home/pi/final_ws) by extension 'colcon_pkg'
[3.979s] Level 1:colcon.colcon_core.package_identification:_identify(/home/pi/final_ws) by extensions ['colcon_meta']
[3.979s] Level 1:colcon.colcon_core.package_identification:_identify(/home/pi/final_ws) by extension 'colcon_meta'
[3.980s] Level 1:colcon.colcon_core.package_identification:_identify(/home/pi/final_ws) by extensions ['ros']
[3.981s] Level 1:colcon.colcon_core.package_identification:_identify(/home/pi/final_ws) by extension 'ros'
[4.188s] Level 1:colcon.colcon_core.package_identification:_identify(/home/pi/final_ws) by extensions ['cmake', 'python']
[4.189s] Level 1:colcon.colcon_core.package_identification:_identify(/home/pi/final_ws) by extension 'cmake'
[4.190s] Level 1:colcon.colcon_core.package_identification:_identify(/home/pi/final_ws) by extension 'python'
[4.191s] Level 1:colcon.colcon_core.package_identification:_identify(/home/pi/final_ws) by extensions ['python_setup_py']
[4.191s] Level 1:colcon.colcon_core.package_identification:_identify(/home/pi/final_ws) by extension 'python_setup_py'
[4.193s] Level 1:colcon.colcon_core.package_identification:_identify(/home/pi/final_ws/build) by extensions ['ignore', 'ignore_ament_install']
[4.202s] Level 1:colcon.colcon_core.package_identification:_identify(/home/pi/final_ws/build) by extension 'ignore'
[4.202s] Level 1:colcon.colcon_core.package_identification:_identify(/home/pi/final_ws/build) ignored
[4.203s] Level 1:colcon.colcon_core.package_identification:_identify(/home/pi/final_ws/install) by extensions ['ignore', 'ignore_ament_install']
[4.204s] Level 1:colcon.colcon_core.package_identification:_identify(/home/pi/final_ws/install) by extension 'ignore'
[4.205s] Level 1:colcon.colcon_core.package_identification:_identify(/home/pi/final_ws/install) ignored
[4.206s] Level 1:colcon.colcon_core.package_identification:_identify(/home/pi/final_ws/log) by extensions ['ignore', 'ignore_ament_install']
[4.214s] Level 1:colcon.colcon_core.package_identification:_identify(/home/pi/final_ws/log) by extension 'ignore'
[4.215s] Level 1:colcon.colcon_core.package_identification:_identify(/home/pi/final_ws/log) ignored
[4.216s] Level 1:colcon.colcon_core.package_identification:_identify(/home/pi/final_ws/src) by extensions ['ignore', 'ignore_ament_install']
[4.216s] Level 1:colcon.colcon_core.package_identification:_identify(/home/pi/final_ws/src) by extension 'ignore'
[4.217s] Level 1:colcon.colcon_core.package_identification:_identify(/home/pi/final_ws/src) by extension 'ignore_ament_install'
[4.217s] Level 1:colcon.colcon_core.package_identification:_identify(/home/pi/final_ws/src) by extensions ['colcon_pkg']
[4.222s] Level 1:colcon.colcon_core.package_identification:_identify(/home/pi/final_ws/src) by extension 'colcon_pkg'
[4.227s] Level 1:colcon.colcon_core.package_identification:_identify(/home/pi/final_ws/src) by extensions ['colcon_meta']
[4.246s] Level 1:colcon.colcon_core.package_identification:_identify(/home/pi/final_ws/src) by extension 'colcon_meta'
[4.247s] Level 1:colcon.colcon_core.package_identification:_identify(/home/pi/final_ws/src) by extensions ['ros']
[4.249s] Level 1:colcon.colcon_core.package_identification:_identify(/home/pi/final_ws/src) by extension 'ros'
[4.250s] Level 1:colcon.colcon_core.package_identification:_identify(/home/pi/final_ws/src) by extensions ['cmake', 'python']
[4.251s] Level 1:colcon.colcon_core.package_identification:_identify(/home/pi/final_ws/src) by extension 'cmake'
[4.252s] Level 1:colcon.colcon_core.package_identification:_identify(/home/pi/final_ws/src) by extension 'python'
[4.254s] Level 1:colcon.colcon_core.package_identification:_identify(/home/pi/final_ws/src) by extensions ['python_setup_py']
[4.256s] Level 1:colcon.colcon_core.package_identification:_identify(/home/pi/final_ws/src) by extension 'python_setup_py'
[4.279s] Level 1:colcon.colcon_core.package_identification:_identify(/home/pi/final_ws/src/my_robot) by extensions ['ignore', 'ignore_ament_install']
[4.279s] Level 1:colcon.colcon_core.package_identification:_identify(/home/pi/final_ws/src/my_robot) by extension 'ignore'
[4.280s] Level 1:colcon.colcon_core.package_identification:_identify(/home/pi/final_ws/src/my_robot) by extension 'ignore_ament_install'
[4.281s] Level 1:colcon.colcon_core.package_identification:_identify(/home/pi/final_ws/src/my_robot) by extensions ['colcon_pkg']
[4.281s] Level 1:colcon.colcon_core.package_identification:_identify(/home/pi/final_ws/src/my_robot) by extension 'colcon_pkg'
[4.281s] Level 1:colcon.colcon_core.package_identification:_identify(/home/pi/final_ws/src/my_robot) by extensions ['colcon_meta']
[4.282s] Level 1:colcon.colcon_core.package_identification:_identify(/home/pi/final_ws/src/my_robot) by extension 'colcon_meta'
[4.294s] Level 1:colcon.colcon_core.package_identification:_identify(/home/pi/final_ws/src/my_robot) by extensions ['ros']
[4.295s] Level 1:colcon.colcon_core.package_identification:_identify(/home/pi/final_ws/src/my_robot) by extension 'ros'
[4.327s] DEBUG:colcon.colcon_core.package_identification:Package '/home/pi/final_ws/src/my_robot' with type 'ros.ament_cmake' and name 'my_robot'
[4.327s] Level 1:colcon.colcon_core.package_discovery:discover_packages(recursive) using defaults
