[0.018s] Invoking command in '/home/chibueze/project_ws/build/gojo_bringup': CMAKE_PREFIX_PATH=/home/chibueze/project_ws/install/gojo_description:/home/chibueze/project_ws/install/gojo_bringup:/opt/ros/humble /usr/bin/cmake --build /home/chibueze/project_ws/build/gojo_bringup -- -j2 -l2
[0.101s] Invoked command in '/home/chibueze/project_ws/build/gojo_bringup' returned '0': CMAKE_PREFIX_PATH=/home/chibueze/project_ws/install/gojo_description:/home/chibueze/project_ws/install/gojo_bringup:/opt/ros/humble /usr/bin/cmake --build /home/chibueze/project_ws/build/gojo_bringup -- -j2 -l2
[0.154s] Invoking command in '/home/chibueze/project_ws/build/gojo_bringup': CMAKE_PREFIX_PATH=/home/chibueze/project_ws/install/gojo_description:/home/chibueze/project_ws/install/gojo_bringup:/opt/ros/humble /usr/bin/cmake --install /home/chibueze/project_ws/build/gojo_bringup
[0.171s] -- Install configuration: ""
[0.173s] -- Execute custom install script
[0.173s] -- Up-to-date symlink: /home/chibueze/project_ws/install/gojo_bringup/share/gojo_bringup//launch/gojo_gazebo.launch.xml
[0.174s] -- Up-to-date symlink: /home/chibueze/project_ws/install/gojo_bringup/share/ament_index/resource_index/package_run_dependencies/gojo_bringup
[0.175s] -- Up-to-date symlink: /home/chibueze/project_ws/install/gojo_bringup/share/ament_index/resource_index/parent_prefix_path/gojo_bringup
[0.176s] -- Up-to-date symlink: /home/chibueze/project_ws/install/gojo_bringup/share/gojo_bringup/environment/ament_prefix_path.sh
[0.177s] -- Up-to-date symlink: /home/chibueze/project_ws/install/gojo_bringup/share/gojo_bringup/environment/ament_prefix_path.dsv
[0.177s] -- Up-to-date symlink: /home/chibueze/project_ws/install/gojo_bringup/share/gojo_bringup/environment/path.sh
[0.177s] -- Up-to-date symlink: /home/chibueze/project_ws/install/gojo_bringup/share/gojo_bringup/environment/path.dsv
[0.177s] -- Up-to-date symlink: /home/chibueze/project_ws/install/gojo_bringup/share/gojo_bringup/local_setup.bash
[0.178s] -- Up-to-date symlink: /home/chibueze/project_ws/install/gojo_bringup/share/gojo_bringup/local_setup.sh
[0.178s] -- Up-to-date symlink: /home/chibueze/project_ws/install/gojo_bringup/share/gojo_bringup/local_setup.zsh
[0.178s] -- Up-to-date symlink: /home/chibueze/project_ws/install/gojo_bringup/share/gojo_bringup/local_setup.dsv
[0.179s] -- Symlinking: /home/chibueze/project_ws/install/gojo_bringup/share/gojo_bringup/package.dsv
[0.195s] -- Up-to-date symlink: /home/chibueze/project_ws/install/gojo_bringup/share/ament_index/resource_index/packages/gojo_bringup
[0.195s] -- Up-to-date symlink: /home/chibueze/project_ws/install/gojo_bringup/share/gojo_bringup/cmake/gojo_bringupConfig.cmake
[0.195s] -- Up-to-date symlink: /home/chibueze/project_ws/install/gojo_bringup/share/gojo_bringup/cmake/gojo_bringupConfig-version.cmake
[0.196s] -- Up-to-date symlink: /home/chibueze/project_ws/install/gojo_bringup/share/gojo_bringup/package.xml
[0.199s] Invoked command in '/home/chibueze/project_ws/build/gojo_bringup' returned '0': CMAKE_PREFIX_PATH=/home/chibueze/project_ws/install/gojo_description:/home/chibueze/project_ws/install/gojo_bringup:/opt/ros/humble /usr/bin/cmake --install /home/chibueze/project_ws/build/gojo_bringup
