[0.458s] DEBUG:colcon:Command line arguments: ['/usr/bin/colcon', 'build']
[0.458s] DEBUG:colcon:Parsed command line arguments: Namespace(log_base=None, log_level=None, verb_name='build', build_base='build', install_base='install', merge_install=False, symlink_install=False, test_result_base=None, continue_on_error=False, executor='parallel', parallel_workers=4, event_handlers=None, ignore_user_meta=False, metas=['./colcon.meta'], base_paths=['.'], packages_ignore=None, packages_ignore_regex=None, paths=None, packages_up_to=None, packages_up_to_regex=None, packages_above=None, packages_above_and_dependencies=None, packages_above_depth=None, packages_select_by_dep=None, packages_skip_by_dep=None, packages_skip_up_to=None, packages_select_build_failed=False, packages_skip_build_finished=False, packages_select_test_failures=False, packages_skip_test_passed=False, packages_select=None, packages_skip=None, packages_select_regex=None, packages_skip_regex=None, packages_start=None, packages_end=None, allow_overriding=[], cmake_args=None, cmake_target=None, cmake_target_skip_unavailable=False, cmake_clean_cache=False, cmake_clean_first=False, cmake_force_configure=False, ament_cmake_args=None, catkin_cmake_args=None, catkin_skip_building_tests=False, mixin_files=None, mixin=None, verb_parser=<colcon_mixin.mixin.mixin_argument.MixinArgumentDecorator object at 0xffff801b1d80>, verb_extension=<colcon_core.verb.build.BuildVerb object at 0xffff802d6470>, main=<bound method BuildVerb.main of <colcon_core.verb.build.BuildVerb object at 0xffff802d6470>>, mixin_verb=('build',))
[1.287s] Level 1:colcon.colcon_core.package_discovery:discover_packages(colcon_meta) check parameters
[1.288s] Level 1:colcon.colcon_core.package_discovery:discover_packages(recursive) check parameters
[1.288s] Level 1:colcon.colcon_core.package_discovery:discover_packages(ignore) check parameters
[1.288s] Level 1:colcon.colcon_core.package_discovery:discover_packages(path) check parameters
[1.288s] Level 1:colcon.colcon_core.package_discovery:discover_packages(colcon_meta) discover
[1.288s] Level 1:colcon.colcon_core.package_discovery:discover_packages(recursive) discover
[1.288s] INFO:colcon.colcon_core.package_discovery:Crawling recursively for packages in '/home/pi/final_ws'
[1.289s] Level 1:colcon.colcon_core.package_identification:_identify(.) by extensions ['ignore', 'ignore_ament_install']
[1.289s] Level 1:colcon.colcon_core.package_identification:_identify(.) by extension 'ignore'
[1.289s] Level 1:colcon.colcon_core.package_identification:_identify(.) by extension 'ignore_ament_install'
[1.290s] Level 1:colcon.colcon_core.package_identification:_identify(.) by extensions ['colcon_pkg']
[1.290s] Level 1:colcon.colcon_core.package_identification:_identify(.) by extension 'colcon_pkg'
[1.290s] Level 1:colcon.colcon_core.package_identification:_identify(.) by extensions ['colcon_meta']
[1.290s] Level 1:colcon.colcon_core.package_identification:_identify(.) by extension 'colcon_meta'
[1.290s] Level 1:colcon.colcon_core.package_identification:_identify(.) by extensions ['ros']
[1.290s] Level 1:colcon.colcon_core.package_identification:_identify(.) by extension 'ros'
[1.336s] Level 1:colcon.colcon_core.package_identification:_identify(.) by extensions ['cmake', 'python']
[1.336s] Level 1:colcon.colcon_core.package_identification:_identify(.) by extension 'cmake'
[1.336s] Level 1:colcon.colcon_core.package_identification:_identify(.) by extension 'python'
[1.336s] Level 1:colcon.colcon_core.package_identification:_identify(.) by extensions ['python_setup_py']
[1.336s] Level 1:colcon.colcon_core.package_identification:_identify(.) by extension 'python_setup_py'
[1.337s] Level 1:colcon.colcon_core.package_identification:_identify(build) by extensions ['ignore', 'ignore_ament_install']
[1.338s] Level 1:colcon.colcon_core.package_identification:_identify(build) by extension 'ignore'
[1.338s] Level 1:colcon.colcon_core.package_identification:_identify(build) ignored
[1.339s] Level 1:colcon.colcon_core.package_identification:_identify(install) by extensions ['ignore', 'ignore_ament_install']
[1.339s] Level 1:colcon.colcon_core.package_identification:_identify(install) by extension 'ignore'
[1.339s] Level 1:colcon.colcon_core.package_identification:_identify(install) ignored
[1.340s] Level 1:colcon.colcon_core.package_identification:_identify(log) by extensions ['ignore', 'ignore_ament_install']
[1.341s] Level 1:colcon.colcon_core.package_identification:_identify(log) by extension 'ignore'
[1.341s] Level 1:colcon.colcon_core.package_identification:_identify(log) ignored
[1.341s] Level 1:colcon.colcon_core.package_identification:_identify(src) by extensions ['ignore', 'ignore_ament_install']
[1.342s] Level 1:colcon.colcon_core.package_identification:_identify(src) by extension 'ignore'
[1.342s] Level 1:colcon.colcon_core.package_identification:_identify(src) by extension 'ignore_ament_install'
[1.342s] Level 1:colcon.colcon_core.package_identification:_identify(src) by extensions ['colcon_pkg']
[1.342s] Level 1:colcon.colcon_core.package_identification:_identify(src) by extension 'colcon_pkg'
[1.342s] Level 1:colcon.colcon_core.package_identification:_identify(src) by extensions ['colcon_meta']
[1.342s] Level 1:colcon.colcon_core.package_identification:_identify(src) by extension 'colcon_meta'
[1.343s] Level 1:colcon.colcon_core.package_identification:_identify(src) by extensions ['ros']
[1.343s] Level 1:colcon.colcon_core.package_identification:_identify(src) by extension 'ros'
[1.343s] Level 1:colcon.colcon_core.package_identification:_identify(src) by extensions ['cmake', 'python']
[1.343s] Level 1:colcon.colcon_core.package_identification:_identify(src) by extension 'cmake'
[1.343s] Level 1:colcon.colcon_core.package_identification:_identify(src) by extension 'python'
[1.343s] Level 1:colcon.colcon_core.package_identification:_identify(src) by extensions ['python_setup_py']
[1.343s] Level 1:colcon.colcon_core.package_identification:_identify(src) by extension 'python_setup_py'
[1.344s] Level 1:colcon.colcon_core.package_identification:_identify(src/my_robot) by extensions ['ignore', 'ignore_ament_install']
[1.344s] Level 1:colcon.colcon_core.package_identification:_identify(src/my_robot) by extension 'ignore'
[1.344s] Level 1:colcon.colcon_core.package_identification:_identify(src/my_robot) by extension 'ignore_ament_install'
[1.345s] Level 1:colcon.colcon_core.package_identification:_identify(src/my_robot) by extensions ['colcon_pkg']
[1.345s] Level 1:colcon.colcon_core.package_identification:_identify(src/my_robot) by extension 'colcon_pkg'
[1.345s] Level 1:colcon.colcon_core.package_identification:_identify(src/my_robot) by extensions ['colcon_meta']
[1.345s] Level 1:colcon.colcon_core.package_identification:_identify(src/my_robot) by extension 'colcon_meta'
[1.345s] Level 1:colcon.colcon_core.package_identification:_identify(src/my_robot) by extensions ['ros']
[1.345s] Level 1:colcon.colcon_core.package_identification:_identify(src/my_robot) by extension 'ros'
[1.354s] DEBUG:colcon.colcon_core.package_identification:Package 'src/my_robot' with type 'ros.ament_cmake' and name 'my_robot'
[1.354s] Level 1:colcon.colcon_core.package_discovery:discover_packages(recursive) using defaults
[1.354s] Level 1:colcon.colcon_core.package_discovery:discover_packages(ignore) discover
[1.354s] Level 1:colcon.colcon_core.package_discovery:discover_packages(ignore) using defaults
[1.355s] Level 1:colcon.colcon_core.package_discovery:discover_packages(path) discover
[1.355s] Level 1:colcon.colcon_core.package_discovery:discover_packages(path) using defaults
[1.471s] Level 1:colcon.colcon_core.package_discovery:discover_packages(prefix_path) check parameters
[1.471s] Level 1:colcon.colcon_core.package_discovery:discover_packages(prefix_path) discover
[1.479s] DEBUG:colcon.colcon_installed_package_information.package_discovery:Found 1 installed packages in /home/pi/final_ws/install
[1.489s] DEBUG:colcon.colcon_installed_package_information.package_discovery:Found 316 installed packages in /opt/ros/humble
[1.496s] Level 1:colcon.colcon_core.package_discovery:discover_packages(prefix_path) using defaults
[1.682s] Level 5:colcon.colcon_core.verb:set package 'my_robot' build argument 'cmake_args' from command line to 'None'
[1.683s] Level 5:colcon.colcon_core.verb:set package 'my_robot' build argument 'cmake_target' from command line to 'None'
[1.683s] Level 5:colcon.colcon_core.verb:set package 'my_robot' build argument 'cmake_target_skip_unavailable' from command line to 'False'
[1.683s] Level 5:colcon.colcon_core.verb:set package 'my_robot' build argument 'cmake_clean_cache' from command line to 'False'
[1.683s] Level 5:colcon.colcon_core.verb:set package 'my_robot' build argument 'cmake_clean_first' from command line to 'False'
[1.683s] Level 5:colcon.colcon_core.verb:set package 'my_robot' build argument 'cmake_force_configure' from command line to 'False'
[1.683s] Level 5:colcon.colcon_core.verb:set package 'my_robot' build argument 'ament_cmake_args' from command line to 'None'
[1.683s] Level 5:colcon.colcon_core.verb:set package 'my_robot' build argument 'catkin_cmake_args' from command line to 'None'
[1.683s] Level 5:colcon.colcon_core.verb:set package 'my_robot' build argument 'catkin_skip_building_tests' from command line to 'False'
[1.683s] DEBUG:colcon.colcon_core.verb:Building package 'my_robot' with the following arguments: {'ament_cmake_args': None, 'build_base': '/home/pi/final_ws/build/my_robot', 'catkin_cmake_args': None, 'catkin_skip_building_tests': False, 'cmake_args': None, 'cmake_clean_cache': False, 'cmake_clean_first': False, 'cmake_force_configure': False, 'cmake_target': None, 'cmake_target_skip_unavailable': False, 'install_base': '/home/pi/final_ws/install/my_robot', 'merge_install': False, 'path': '/home/pi/final_ws/src/my_robot', 'symlink_install': False, 'test_result_base': None}
[1.684s] INFO:colcon.colcon_core.executor:Executing jobs using 'parallel' executor
[1.687s] DEBUG:colcon.colcon_parallel_executor.executor.parallel:run_until_complete
[1.688s] INFO:colcon.colcon_ros.task.ament_cmake.build:Building ROS package in '/home/pi/final_ws/src/my_robot' with build type 'ament_cmake'
[1.689s] INFO:colcon.colcon_cmake.task.cmake.build:Building CMake package in '/home/pi/final_ws/src/my_robot'
[1.698s] INFO:colcon.colcon_core.plugin_system:Skipping extension 'colcon_core.shell.bat': Not used on non-Windows systems
[1.699s] INFO:colcon.colcon_core.shell:Skip shell extension 'powershell' for command environment: Not usable outside of PowerShell
[1.699s] DEBUG:colcon.colcon_core.shell:Skip shell extension 'dsv' for command environment
[1.742s] DEBUG:colcon.colcon_core.event_handler.log_command:Invoking command in '/home/pi/final_ws/build/my_robot': CMAKE_PREFIX_PATH=${CMAKE_PREFIX_PATH}:/opt/ros/humble /usr/bin/cmake --build /home/pi/final_ws/build/my_robot -- -j4 -l4
[2.077s] DEBUG:colcon.colcon_core.event_handler.log_command:Invoked command in '/home/pi/final_ws/build/my_robot' returned '0': CMAKE_PREFIX_PATH=${CMAKE_PREFIX_PATH}:/opt/ros/humble /usr/bin/cmake --build /home/pi/final_ws/build/my_robot -- -j4 -l4
[2.260s] DEBUG:colcon.colcon_core.event_handler.log_command:Invoking command in '/home/pi/final_ws/build/my_robot': CMAKE_PREFIX_PATH=${CMAKE_PREFIX_PATH}:/opt/ros/humble /usr/bin/cmake --install /home/pi/final_ws/build/my_robot
[2.305s] Level 1:colcon.colcon_core.environment:create_environment_scripts_only(my_robot)
[2.307s] DEBUG:colcon.colcon_core.event_handler.log_command:Invoked command in '/home/pi/final_ws/build/my_robot' returned '0': CMAKE_PREFIX_PATH=${CMAKE_PREFIX_PATH}:/opt/ros/humble /usr/bin/cmake --install /home/pi/final_ws/build/my_robot
[2.320s] Level 1:colcon.colcon_core.environment:checking '/home/pi/final_ws/install/my_robot' for CMake module files
[2.323s] Level 1:colcon.colcon_core.environment:checking '/home/pi/final_ws/install/my_robot' for CMake config files
[2.327s] Level 1:colcon.colcon_core.shell:create_environment_hook('my_robot', 'cmake_prefix_path')
[2.328s] INFO:colcon.colcon_core.shell:Creating environment hook '/home/pi/final_ws/install/my_robot/share/my_robot/hook/cmake_prefix_path.ps1'
[2.330s] INFO:colcon.colcon_core.shell:Creating environment descriptor '/home/pi/final_ws/install/my_robot/share/my_robot/hook/cmake_prefix_path.dsv'
[2.332s] INFO:colcon.colcon_core.shell:Creating environment hook '/home/pi/final_ws/install/my_robot/share/my_robot/hook/cmake_prefix_path.sh'
[2.336s] Level 1:colcon.colcon_core.environment:checking '/home/pi/final_ws/install/my_robot/lib'
[2.337s] Level 1:colcon.colcon_core.shell:create_environment_hook('my_robot', 'ld_library_path_lib')
[2.338s] INFO:colcon.colcon_core.shell:Creating environment hook '/home/pi/final_ws/install/my_robot/share/my_robot/hook/ld_library_path_lib.ps1'
[2.339s] INFO:colcon.colcon_core.shell:Creating environment descriptor '/home/pi/final_ws/install/my_robot/share/my_robot/hook/ld_library_path_lib.dsv'
[2.341s] INFO:colcon.colcon_core.shell:Creating environment hook '/home/pi/final_ws/install/my_robot/share/my_robot/hook/ld_library_path_lib.sh'
[2.343s] Level 1:colcon.colcon_core.environment:checking '/home/pi/final_ws/install/my_robot/bin'
[2.343s] Level 1:colcon.colcon_core.environment:checking '/home/pi/final_ws/install/my_robot/lib/pkgconfig/my_robot.pc'
[2.344s] Level 1:colcon.colcon_core.environment:checking '/home/pi/final_ws/install/my_robot/lib/python3.10/site-packages'
[2.345s] Level 1:colcon.colcon_core.environment:checking '/home/pi/final_ws/install/my_robot/bin'
[2.346s] INFO:colcon.colcon_core.shell:Creating package script '/home/pi/final_ws/install/my_robot/share/my_robot/package.ps1'
[2.350s] INFO:colcon.colcon_core.shell:Creating package descriptor '/home/pi/final_ws/install/my_robot/share/my_robot/package.dsv'
[2.352s] INFO:colcon.colcon_core.shell:Creating package script '/home/pi/final_ws/install/my_robot/share/my_robot/package.sh'
[2.356s] INFO:colcon.colcon_core.shell:Creating package script '/home/pi/final_ws/install/my_robot/share/my_robot/package.bash'
[2.359s] INFO:colcon.colcon_core.shell:Creating package script '/home/pi/final_ws/install/my_robot/share/my_robot/package.zsh'
[2.362s] Level 1:colcon.colcon_core.environment:create_file_with_runtime_dependencies(/home/pi/final_ws/install/my_robot/share/colcon-core/packages/my_robot)
[2.502s] Level 1:colcon.colcon_core.environment:create_environment_scripts_only(my_robot)
[2.503s] Level 1:colcon.colcon_core.environment:checking '/home/pi/final_ws/install/my_robot' for CMake module files
[2.506s] Level 1:colcon.colcon_core.environment:checking '/home/pi/final_ws/install/my_robot' for CMake config files
[2.511s] Level 1:colcon.colcon_core.shell:create_environment_hook('my_robot', 'cmake_prefix_path')
[2.513s] INFO:colcon.colcon_core.shell:Creating environment hook '/home/pi/final_ws/install/my_robot/share/my_robot/hook/cmake_prefix_path.ps1'
[2.515s] INFO:colcon.colcon_core.shell:Creating environment descriptor '/home/pi/final_ws/install/my_robot/share/my_robot/hook/cmake_prefix_path.dsv'
[2.517s] INFO:colcon.colcon_core.shell:Creating environment hook '/home/pi/final_ws/install/my_robot/share/my_robot/hook/cmake_prefix_path.sh'
[2.520s] Level 1:colcon.colcon_core.environment:checking '/home/pi/final_ws/install/my_robot/lib'
[2.520s] Level 1:colcon.colcon_core.shell:create_environment_hook('my_robot', 'ld_library_path_lib')
[2.521s] INFO:colcon.colcon_core.shell:Creating environment hook '/home/pi/final_ws/install/my_robot/share/my_robot/hook/ld_library_path_lib.ps1'
[2.523s] INFO:colcon.colcon_core.shell:Creating environment descriptor '/home/pi/final_ws/install/my_robot/share/my_robot/hook/ld_library_path_lib.dsv'
[2.524s] INFO:colcon.colcon_core.shell:Creating environment hook '/home/pi/final_ws/install/my_robot/share/my_robot/hook/ld_library_path_lib.sh'
[2.526s] Level 1:colcon.colcon_core.environment:checking '/home/pi/final_ws/install/my_robot/bin'
[2.526s] Level 1:colcon.colcon_core.environment:checking '/home/pi/final_ws/install/my_robot/lib/pkgconfig/my_robot.pc'
[2.527s] Level 1:colcon.colcon_core.environment:checking '/home/pi/final_ws/install/my_robot/lib/python3.10/site-packages'
[2.528s] Level 1:colcon.colcon_core.environment:checking '/home/pi/final_ws/install/my_robot/bin'
[2.530s] INFO:colcon.colcon_core.shell:Creating package script '/home/pi/final_ws/install/my_robot/share/my_robot/package.ps1'
[2.532s] INFO:colcon.colcon_core.shell:Creating package descriptor '/home/pi/final_ws/install/my_robot/share/my_robot/package.dsv'
[2.535s] INFO:colcon.colcon_core.shell:Creating package script '/home/pi/final_ws/install/my_robot/share/my_robot/package.sh'
[2.537s] INFO:colcon.colcon_core.shell:Creating package script '/home/pi/final_ws/install/my_robot/share/my_robot/package.bash'
[2.539s] INFO:colcon.colcon_core.shell:Creating package script '/home/pi/final_ws/install/my_robot/share/my_robot/package.zsh'
[2.541s] Level 1:colcon.colcon_core.environment:create_file_with_runtime_dependencies(/home/pi/final_ws/install/my_robot/share/colcon-core/packages/my_robot)
[2.542s] DEBUG:colcon.colcon_parallel_executor.executor.parallel:closing loop
[2.543s] DEBUG:colcon.colcon_parallel_executor.executor.parallel:loop closed
[2.544s] DEBUG:colcon.colcon_parallel_executor.executor.parallel:run_until_complete finished with '0'
[2.544s] DEBUG:colcon.colcon_core.event_reactor:joining thread
[2.565s] INFO:colcon.colcon_core.plugin_system:Skipping extension 'colcon_notification.desktop_notification.notify_send': Could not find 'notify-send'
[2.565s] INFO:colcon.colcon_core.plugin_system:Skipping extension 'colcon_notification.desktop_notification.terminal_notifier': Not used on non-Darwin systems
[2.565s] INFO:colcon.colcon_core.plugin_system:Skipping extension 'colcon_notification.desktop_notification.win32': Not used on non-Windows systems
[2.566s] INFO:colcon.colcon_notification.desktop_notification:Sending desktop notification using 'notify2'
[2.568s] DEBUG:colcon.colcon_notification.desktop_notification.notify2:Failed to initialize notify2: org.freedesktop.DBus.Error.ServiceUnknown: The name org.freedesktop.Notifications was not provided by any .service files
[2.569s] DEBUG:colcon.colcon_core.event_reactor:joined thread
[2.571s] INFO:colcon.colcon_core.shell:Creating prefix script '/home/pi/final_ws/install/local_setup.ps1'
[2.574s] INFO:colcon.colcon_core.shell:Creating prefix util module '/home/pi/final_ws/install/_local_setup_util_ps1.py'
[2.581s] INFO:colcon.colcon_core.shell:Creating prefix chain script '/home/pi/final_ws/install/setup.ps1'
[2.587s] INFO:colcon.colcon_core.shell:Creating prefix script '/home/pi/final_ws/install/local_setup.sh'
[2.589s] INFO:colcon.colcon_core.shell:Creating prefix util module '/home/pi/final_ws/install/_local_setup_util_sh.py'
[2.591s] INFO:colcon.colcon_core.shell:Creating prefix chain script '/home/pi/final_ws/install/setup.sh'
[2.596s] INFO:colcon.colcon_core.shell:Creating prefix script '/home/pi/final_ws/install/local_setup.bash'
[2.598s] INFO:colcon.colcon_core.shell:Creating prefix chain script '/home/pi/final_ws/install/setup.bash'
[2.603s] INFO:colcon.colcon_core.shell:Creating prefix script '/home/pi/final_ws/install/local_setup.zsh'
[2.605s] INFO:colcon.colcon_core.shell:Creating prefix chain script '/home/pi/final_ws/install/setup.zsh'
