[0.027s] Invoking command in '/home/chibueze/project_ws/build/gojo_description': CMAKE_PREFIX_PATH=/opt/ros/humble /usr/bin/cmake /home/chibueze/project_ws/src/gojo_description -DAMENT_CMAKE_SYMLINK_INSTALL=1 -DCMAKE_INSTALL_PREFIX=/home/chibueze/project_ws/install/gojo_description
[0.368s] -- The C compiler identification is GNU 11.4.0
[0.620s] -- The CXX compiler identification is GNU 11.4.0
[0.646s] -- Detecting C compiler ABI info
[0.800s] -- Detecting C compiler ABI info - done
[0.812s] -- Check for working C compiler: /usr/bin/cc - skipped
[0.814s] -- Detecting C compile features
[0.817s] -- Detecting C compile features - done
[0.826s] -- Detecting CXX compiler ABI info
[0.981s] -- Detecting CXX compiler ABI info - done
[0.993s] -- Check for working CXX compiler: /usr/bin/c++ - skipped
[0.993s] -- Detecting CXX compile features
[0.994s] -- Detecting CXX compile features - done
[1.003s] -- Found ament_cmake: 1.3.9 (/opt/ros/humble/share/ament_cmake/cmake)
[1.269s] -- Found Python3: /usr/bin/python3 (found version "3.10.12") found components: Interpreter 
[1.406s] -- Override CMake install command with custom implementation using symlinks instead of copying resources
[1.494s] -- Found ament_lint_auto: 0.12.11 (/opt/ros/humble/share/ament_lint_auto/cmake)
[1.654s] -- Added test 'lint_cmake' to check CMake code style
[1.658s] -- Added test 'xmllint' to check XML markup files
[1.662s] -- Configuring done
[1.666s] -- Generating done
[1.668s] -- Build files have been written to: /home/chibueze/project_ws/build/gojo_description
[1.676s] Invoked command in '/home/chibueze/project_ws/build/gojo_description' returned '0': CMAKE_PREFIX_PATH=/opt/ros/humble /usr/bin/cmake /home/chibueze/project_ws/src/gojo_description -DAMENT_CMAKE_SYMLINK_INSTALL=1 -DCMAKE_INSTALL_PREFIX=/home/chibueze/project_ws/install/gojo_description
[1.677s] Invoking command in '/home/chibueze/project_ws/build/gojo_description': CMAKE_PREFIX_PATH=/opt/ros/humble /usr/bin/cmake --build /home/chibueze/project_ws/build/gojo_description -- -j2 -l2
[1.759s] Invoked command in '/home/chibueze/project_ws/build/gojo_description' returned '0': CMAKE_PREFIX_PATH=/opt/ros/humble /usr/bin/cmake --build /home/chibueze/project_ws/build/gojo_description -- -j2 -l2
[1.836s] Invoking command in '/home/chibueze/project_ws/build/gojo_description': CMAKE_PREFIX_PATH=/opt/ros/humble /usr/bin/cmake --install /home/chibueze/project_ws/build/gojo_description
[1.850s] -- Install configuration: ""
[1.851s] -- Execute custom install script
[1.851s] -- Symlinking: /home/chibueze/project_ws/install/gojo_description/share/ament_index/resource_index/package_run_dependencies/gojo_description
[1.868s] -- Symlinking: /home/chibueze/project_ws/install/gojo_description/share/ament_index/resource_index/parent_prefix_path/gojo_description
[1.885s] -- Symlinking: /home/chibueze/project_ws/install/gojo_description/share/gojo_description/environment/ament_prefix_path.sh
[1.903s] -- Symlinking: /home/chibueze/project_ws/install/gojo_description/share/gojo_description/environment/ament_prefix_path.dsv
[1.920s] -- Symlinking: /home/chibueze/project_ws/install/gojo_description/share/gojo_description/environment/path.sh
[1.937s] -- Symlinking: /home/chibueze/project_ws/install/gojo_description/share/gojo_description/environment/path.dsv
[1.955s] -- Symlinking: /home/chibueze/project_ws/install/gojo_description/share/gojo_description/local_setup.bash
[1.973s] -- Symlinking: /home/chibueze/project_ws/install/gojo_description/share/gojo_description/local_setup.sh
[1.990s] -- Symlinking: /home/chibueze/project_ws/install/gojo_description/share/gojo_description/local_setup.zsh
[2.010s] -- Symlinking: /home/chibueze/project_ws/install/gojo_description/share/gojo_description/local_setup.dsv
[2.032s] -- Symlinking: /home/chibueze/project_ws/install/gojo_description/share/gojo_description/package.dsv
[2.049s] -- Symlinking: /home/chibueze/project_ws/install/gojo_description/share/ament_index/resource_index/packages/gojo_description
[2.066s] -- Symlinking: /home/chibueze/project_ws/install/gojo_description/share/gojo_description/cmake/gojo_descriptionConfig.cmake
[2.083s] -- Symlinking: /home/chibueze/project_ws/install/gojo_description/share/gojo_description/cmake/gojo_descriptionConfig-version.cmake
[2.099s] -- Symlinking: /home/chibueze/project_ws/install/gojo_description/share/gojo_description/package.xml
[2.119s] Invoked command in '/home/chibueze/project_ws/build/gojo_description' returned '0': CMAKE_PREFIX_PATH=/opt/ros/humble /usr/bin/cmake --install /home/chibueze/project_ws/build/gojo_description
