[0.175s] DEBUG:colcon:Command line arguments: ['/usr/bin/colcon', 'build', '--symlink-install']
[0.175s] DEBUG:colcon:Parsed command line arguments: Namespace(log_base=None, log_level=None, verb_name='build', build_base='build', install_base='install', merge_install=False, symlink_install=True, test_result_base=None, continue_on_error=False, executor='parallel', parallel_workers=2, event_handlers=None, ignore_user_meta=False, metas=['./colcon.meta'], base_paths=['.'], packages_ignore=None, packages_ignore_regex=None, paths=None, packages_up_to=None, packages_up_to_regex=None, packages_above=None, packages_above_and_dependencies=None, packages_above_depth=None, packages_select_by_dep=None, packages_skip_by_dep=None, packages_skip_up_to=None, packages_select_build_failed=False, packages_skip_build_finished=False, packages_select_test_failures=False, packages_skip_test_passed=False, packages_select=None, packages_skip=None, packages_select_regex=None, packages_skip_regex=None, packages_start=None, packages_end=None, allow_overriding=[], cmake_args=None, cmake_target=None, cmake_target_skip_unavailable=False, cmake_clean_cache=False, cmake_clean_first=False, cmake_force_configure=False, ament_cmake_args=None, catkin_cmake_args=None, catkin_skip_building_tests=False, mixin_files=None, mixin=None, verb_parser=<colcon_mixin.mixin.mixin_argument.MixinArgumentDecorator object at 0x73b775f318d0>, verb_extension=<colcon_core.verb.build.BuildVerb object at 0x73b775f313f0>, main=<bound method BuildVerb.main of <colcon_core.verb.build.BuildVerb object at 0x73b775f313f0>>, mixin_verb=('build',))
[0.440s] Level 1:colcon.colcon_core.package_discovery:discover_packages(colcon_meta) check parameters
[0.440s] Level 1:colcon.colcon_core.package_discovery:discover_packages(recursive) check parameters
[0.440s] Level 1:colcon.colcon_core.package_discovery:discover_packages(ignore) check parameters
[0.440s] Level 1:colcon.colcon_core.package_discovery:discover_packages(path) check parameters
[0.440s] Level 1:colcon.colcon_core.package_discovery:discover_packages(colcon_meta) discover
[0.440s] Level 1:colcon.colcon_core.package_discovery:discover_packages(recursive) discover
[0.440s] INFO:colcon.colcon_core.package_discovery:Crawling recursively for packages in '/home/chibueze/project_ws'
[0.441s] Level 1:colcon.colcon_core.package_identification:_identify(.) by extensions ['ignore', 'ignore_ament_install']
[0.441s] Level 1:colcon.colcon_core.package_identification:_identify(.) by extension 'ignore'
[0.441s] Level 1:colcon.colcon_core.package_identification:_identify(.) by extension 'ignore_ament_install'
[0.441s] Level 1:colcon.colcon_core.package_identification:_identify(.) by extensions ['colcon_pkg']
[0.441s] Level 1:colcon.colcon_core.package_identification:_identify(.) by extension 'colcon_pkg'
[0.441s] Level 1:colcon.colcon_core.package_identification:_identify(.) by extensions ['colcon_meta']
[0.441s] Level 1:colcon.colcon_core.package_identification:_identify(.) by extension 'colcon_meta'
[0.441s] Level 1:colcon.colcon_core.package_identification:_identify(.) by extensions ['ros']
[0.441s] Level 1:colcon.colcon_core.package_identification:_identify(.) by extension 'ros'
[0.458s] Level 1:colcon.colcon_core.package_identification:_identify(.) by extensions ['cmake', 'python']
[0.458s] Level 1:colcon.colcon_core.package_identification:_identify(.) by extension 'cmake'
[0.458s] Level 1:colcon.colcon_core.package_identification:_identify(.) by extension 'python'
[0.458s] Level 1:colcon.colcon_core.package_identification:_identify(.) by extensions ['python_setup_py']
[0.458s] Level 1:colcon.colcon_core.package_identification:_identify(.) by extension 'python_setup_py'
[0.458s] Level 1:colcon.colcon_core.package_identification:_identify(build) by extensions ['ignore', 'ignore_ament_install']
[0.458s] Level 1:colcon.colcon_core.package_identification:_identify(build) by extension 'ignore'
[0.459s] Level 1:colcon.colcon_core.package_identification:_identify(build) ignored
[0.459s] Level 1:colcon.colcon_core.package_identification:_identify(install) by extensions ['ignore', 'ignore_ament_install']
[0.459s] Level 1:colcon.colcon_core.package_identification:_identify(install) by extension 'ignore'
[0.459s] Level 1:colcon.colcon_core.package_identification:_identify(install) ignored
[0.459s] Level 1:colcon.colcon_core.package_identification:_identify(log) by extensions ['ignore', 'ignore_ament_install']
[0.459s] Level 1:colcon.colcon_core.package_identification:_identify(log) by extension 'ignore'
[0.459s] Level 1:colcon.colcon_core.package_identification:_identify(log) ignored
[0.459s] Level 1:colcon.colcon_core.package_identification:_identify(src) by extensions ['ignore', 'ignore_ament_install']
[0.460s] Level 1:colcon.colcon_core.package_identification:_identify(src) by extension 'ignore'
[0.460s] Level 1:colcon.colcon_core.package_identification:_identify(src) by extension 'ignore_ament_install'
[0.460s] Level 1:colcon.colcon_core.package_identification:_identify(src) by extensions ['colcon_pkg']
[0.460s] Level 1:colcon.colcon_core.package_identification:_identify(src) by extension 'colcon_pkg'
[0.460s] Level 1:colcon.colcon_core.package_identification:_identify(src) by extensions ['colcon_meta']
[0.460s] Level 1:colcon.colcon_core.package_identification:_identify(src) by extension 'colcon_meta'
[0.460s] Level 1:colcon.colcon_core.package_identification:_identify(src) by extensions ['ros']
[0.460s] Level 1:colcon.colcon_core.package_identification:_identify(src) by extension 'ros'
[0.460s] Level 1:colcon.colcon_core.package_identification:_identify(src) by extensions ['cmake', 'python']
[0.460s] Level 1:colcon.colcon_core.package_identification:_identify(src) by extension 'cmake'
[0.460s] Level 1:colcon.colcon_core.package_identification:_identify(src) by extension 'python'
[0.460s] Level 1:colcon.colcon_core.package_identification:_identify(src) by extensions ['python_setup_py']
[0.460s] Level 1:colcon.colcon_core.package_identification:_identify(src) by extension 'python_setup_py'
[0.461s] Level 1:colcon.colcon_core.package_identification:_identify(src/gojo_bringup) by extensions ['ignore', 'ignore_ament_install']
[0.461s] Level 1:colcon.colcon_core.package_identification:_identify(src/gojo_bringup) by extension 'ignore'
[0.461s] Level 1:colcon.colcon_core.package_identification:_identify(src/gojo_bringup) by extension 'ignore_ament_install'
[0.461s] Level 1:colcon.colcon_core.package_identification:_identify(src/gojo_bringup) by extensions ['colcon_pkg']
[0.461s] Level 1:colcon.colcon_core.package_identification:_identify(src/gojo_bringup) by extension 'colcon_pkg'
[0.461s] Level 1:colcon.colcon_core.package_identification:_identify(src/gojo_bringup) by extensions ['colcon_meta']
[0.461s] Level 1:colcon.colcon_core.package_identification:_identify(src/gojo_bringup) by extension 'colcon_meta'
[0.461s] Level 1:colcon.colcon_core.package_identification:_identify(src/gojo_bringup) by extensions ['ros']
[0.461s] Level 1:colcon.colcon_core.package_identification:_identify(src/gojo_bringup) by extension 'ros'
[0.464s] DEBUG:colcon.colcon_core.package_identification:Package 'src/gojo_bringup' with type 'ros.ament_cmake' and name 'gojo_bringup'
[0.464s] Level 1:colcon.colcon_core.package_identification:_identify(src/gojo_description) by extensions ['ignore', 'ignore_ament_install']
[0.464s] Level 1:colcon.colcon_core.package_identification:_identify(src/gojo_description) by extension 'ignore'
[0.465s] Level 1:colcon.colcon_core.package_identification:_identify(src/gojo_description) by extension 'ignore_ament_install'
[0.465s] Level 1:colcon.colcon_core.package_identification:_identify(src/gojo_description) by extensions ['colcon_pkg']
[0.465s] Level 1:colcon.colcon_core.package_identification:_identify(src/gojo_description) by extension 'colcon_pkg'
[0.465s] Level 1:colcon.colcon_core.package_identification:_identify(src/gojo_description) by extensions ['colcon_meta']
[0.465s] Level 1:colcon.colcon_core.package_identification:_identify(src/gojo_description) by extension 'colcon_meta'
[0.465s] Level 1:colcon.colcon_core.package_identification:_identify(src/gojo_description) by extensions ['ros']
[0.465s] Level 1:colcon.colcon_core.package_identification:_identify(src/gojo_description) by extension 'ros'
[0.466s] DEBUG:colcon.colcon_core.package_identification:Package 'src/gojo_description' with type 'ros.ament_cmake' and name 'gojo_description'
[0.466s] Level 1:colcon.colcon_core.package_discovery:discover_packages(recursive) using defaults
[0.466s] Level 1:colcon.colcon_core.package_discovery:discover_packages(ignore) discover
[0.466s] Level 1:colcon.colcon_core.package_discovery:discover_packages(ignore) using defaults
[0.466s] Level 1:colcon.colcon_core.package_discovery:discover_packages(path) discover
[0.466s] Level 1:colcon.colcon_core.package_discovery:discover_packages(path) using defaults
[0.495s] Level 1:colcon.colcon_core.package_discovery:discover_packages(prefix_path) check parameters
[0.495s] Level 1:colcon.colcon_core.package_discovery:discover_packages(prefix_path) discover
[0.510s] DEBUG:colcon.colcon_installed_package_information.package_discovery:Found 2 installed packages in /home/chibueze/project_ws/install
[0.512s] DEBUG:colcon.colcon_installed_package_information.package_discovery:Found 293 installed packages in /opt/ros/humble
[0.514s] Level 1:colcon.colcon_core.package_discovery:discover_packages(prefix_path) using defaults
[0.575s] Level 5:colcon.colcon_core.verb:set package 'gojo_description' build argument 'cmake_args' from command line to 'None'
[0.575s] Level 5:colcon.colcon_core.verb:set package 'gojo_description' build argument 'cmake_target' from command line to 'None'
[0.575s] Level 5:colcon.colcon_core.verb:set package 'gojo_description' build argument 'cmake_target_skip_unavailable' from command line to 'False'
[0.575s] Level 5:colcon.colcon_core.verb:set package 'gojo_description' build argument 'cmake_clean_cache' from command line to 'False'
[0.575s] Level 5:colcon.colcon_core.verb:set package 'gojo_description' build argument 'cmake_clean_first' from command line to 'False'
[0.575s] Level 5:colcon.colcon_core.verb:set package 'gojo_description' build argument 'cmake_force_configure' from command line to 'False'
[0.575s] Level 5:colcon.colcon_core.verb:set package 'gojo_description' build argument 'ament_cmake_args' from command line to 'None'
[0.575s] Level 5:colcon.colcon_core.verb:set package 'gojo_description' build argument 'catkin_cmake_args' from command line to 'None'
[0.575s] Level 5:colcon.colcon_core.verb:set package 'gojo_description' build argument 'catkin_skip_building_tests' from command line to 'False'
[0.575s] DEBUG:colcon.colcon_core.verb:Building package 'gojo_description' with the following arguments: {'ament_cmake_args': None, 'build_base': '/home/chibueze/project_ws/build/gojo_description', 'catkin_cmake_args': None, 'catkin_skip_building_tests': False, 'cmake_args': None, 'cmake_clean_cache': False, 'cmake_clean_first': False, 'cmake_force_configure': False, 'cmake_target': None, 'cmake_target_skip_unavailable': False, 'install_base': '/home/chibueze/project_ws/install/gojo_description', 'merge_install': False, 'path': '/home/chibueze/project_ws/src/gojo_description', 'symlink_install': True, 'test_result_base': None}
[0.576s] Level 5:colcon.colcon_core.verb:set package 'gojo_bringup' build argument 'cmake_args' from command line to 'None'
[0.576s] Level 5:colcon.colcon_core.verb:set package 'gojo_bringup' build argument 'cmake_target' from command line to 'None'
[0.576s] Level 5:colcon.colcon_core.verb:set package 'gojo_bringup' build argument 'cmake_target_skip_unavailable' from command line to 'False'
[0.576s] Level 5:colcon.colcon_core.verb:set package 'gojo_bringup' build argument 'cmake_clean_cache' from command line to 'False'
[0.576s] Level 5:colcon.colcon_core.verb:set package 'gojo_bringup' build argument 'cmake_clean_first' from command line to 'False'
[0.576s] Level 5:colcon.colcon_core.verb:set package 'gojo_bringup' build argument 'cmake_force_configure' from command line to 'False'
[0.576s] Level 5:colcon.colcon_core.verb:set package 'gojo_bringup' build argument 'ament_cmake_args' from command line to 'None'
[0.576s] Level 5:colcon.colcon_core.verb:set package 'gojo_bringup' build argument 'catkin_cmake_args' from command line to 'None'
[0.576s] Level 5:colcon.colcon_core.verb:set package 'gojo_bringup' build argument 'catkin_skip_building_tests' from command line to 'False'
[0.577s] DEBUG:colcon.colcon_core.verb:Building package 'gojo_bringup' with the following arguments: {'ament_cmake_args': None, 'build_base': '/home/chibueze/project_ws/build/gojo_bringup', 'catkin_cmake_args': None, 'catkin_skip_building_tests': False, 'cmake_args': None, 'cmake_clean_cache': False, 'cmake_clean_first': False, 'cmake_force_configure': False, 'cmake_target': None, 'cmake_target_skip_unavailable': False, 'install_base': '/home/chibueze/project_ws/install/gojo_bringup', 'merge_install': False, 'path': '/home/chibueze/project_ws/src/gojo_bringup', 'symlink_install': True, 'test_result_base': None}
[0.577s] INFO:colcon.colcon_core.executor:Executing jobs using 'parallel' executor
[0.579s] DEBUG:colcon.colcon_parallel_executor.executor.parallel:run_until_complete
[0.579s] INFO:colcon.colcon_ros.task.ament_cmake.build:Building ROS package in '/home/chibueze/project_ws/src/gojo_description' with build type 'ament_cmake'
[0.579s] INFO:colcon.colcon_cmake.task.cmake.build:Building CMake package in '/home/chibueze/project_ws/src/gojo_description'
[0.583s] INFO:colcon.colcon_core.plugin_system:Skipping extension 'colcon_core.shell.bat': Not used on non-Windows systems
[0.583s] INFO:colcon.colcon_core.shell:Skip shell extension 'powershell' for command environment: Not usable outside of PowerShell
[0.583s] DEBUG:colcon.colcon_core.shell:Skip shell extension 'dsv' for command environment
[0.601s] DEBUG:colcon.colcon_core.event_handler.log_command:Invoking command in '/home/chibueze/project_ws/build/gojo_description': CMAKE_PREFIX_PATH=${CMAKE_PREFIX_PATH}:/opt/ros/humble /usr/bin/cmake --build /home/chibueze/project_ws/build/gojo_description -- -j2 -l2
[0.671s] DEBUG:colcon.colcon_core.event_handler.log_command:Invoked command in '/home/chibueze/project_ws/build/gojo_description' returned '0': CMAKE_PREFIX_PATH=${CMAKE_PREFIX_PATH}:/opt/ros/humble /usr/bin/cmake --build /home/chibueze/project_ws/build/gojo_description -- -j2 -l2
[0.745s] DEBUG:colcon.colcon_core.event_handler.log_command:Invoking command in '/home/chibueze/project_ws/build/gojo_description': CMAKE_PREFIX_PATH=${CMAKE_PREFIX_PATH}:/opt/ros/humble /usr/bin/cmake --install /home/chibueze/project_ws/build/gojo_description
[0.785s] Level 1:colcon.colcon_core.environment:create_environment_scripts_only(gojo_description)
[0.788s] DEBUG:colcon.colcon_core.event_handler.log_command:Invoked command in '/home/chibueze/project_ws/build/gojo_description' returned '0': CMAKE_PREFIX_PATH=${CMAKE_PREFIX_PATH}:/opt/ros/humble /usr/bin/cmake --install /home/chibueze/project_ws/build/gojo_description
[0.790s] Level 1:colcon.colcon_core.environment:checking '/home/chibueze/project_ws/install/gojo_description' for CMake module files
[0.790s] Level 1:colcon.colcon_core.environment:checking '/home/chibueze/project_ws/install/gojo_description' for CMake config files
[0.791s] Level 1:colcon.colcon_core.shell:create_environment_hook('gojo_description', 'cmake_prefix_path')
[0.791s] INFO:colcon.colcon_core.shell:Creating environment hook '/home/chibueze/project_ws/install/gojo_description/share/gojo_description/hook/cmake_prefix_path.ps1'
[0.792s] INFO:colcon.colcon_core.shell:Creating environment descriptor '/home/chibueze/project_ws/install/gojo_description/share/gojo_description/hook/cmake_prefix_path.dsv'
[0.793s] INFO:colcon.colcon_core.shell:Creating environment hook '/home/chibueze/project_ws/install/gojo_description/share/gojo_description/hook/cmake_prefix_path.sh'
[0.794s] Level 1:colcon.colcon_core.environment:checking '/home/chibueze/project_ws/install/gojo_description/bin'
[0.794s] Level 1:colcon.colcon_core.environment:checking '/home/chibueze/project_ws/install/gojo_description/lib/pkgconfig/gojo_description.pc'
[0.795s] Level 1:colcon.colcon_core.environment:checking '/home/chibueze/project_ws/install/gojo_description/lib/python3.10/site-packages'
[0.795s] Level 1:colcon.colcon_core.environment:checking '/home/chibueze/project_ws/install/gojo_description/bin'
[0.795s] INFO:colcon.colcon_core.shell:Creating package script '/home/chibueze/project_ws/install/gojo_description/share/gojo_description/package.ps1'
[0.796s] INFO:colcon.colcon_core.shell:Creating package descriptor '/home/chibueze/project_ws/install/gojo_description/share/gojo_description/package.dsv'
[0.797s] INFO:colcon.colcon_core.shell:Creating package script '/home/chibueze/project_ws/install/gojo_description/share/gojo_description/package.sh'
[0.798s] INFO:colcon.colcon_core.shell:Creating package script '/home/chibueze/project_ws/install/gojo_description/share/gojo_description/package.bash'
[0.800s] INFO:colcon.colcon_core.shell:Creating package script '/home/chibueze/project_ws/install/gojo_description/share/gojo_description/package.zsh'
[0.801s] Level 1:colcon.colcon_core.environment:create_file_with_runtime_dependencies(/home/chibueze/project_ws/install/gojo_description/share/colcon-core/packages/gojo_description)
[0.857s] Level 1:colcon.colcon_core.environment:create_environment_scripts_only(gojo_description)
[0.858s] Level 1:colcon.colcon_core.environment:checking '/home/chibueze/project_ws/install/gojo_description' for CMake module files
[0.858s] Level 1:colcon.colcon_core.environment:checking '/home/chibueze/project_ws/install/gojo_description' for CMake config files
[0.859s] Level 1:colcon.colcon_core.shell:create_environment_hook('gojo_description', 'cmake_prefix_path')
[0.859s] INFO:colcon.colcon_core.shell:Creating environment hook '/home/chibueze/project_ws/install/gojo_description/share/gojo_description/hook/cmake_prefix_path.ps1'
[0.860s] INFO:colcon.colcon_core.shell:Creating environment descriptor '/home/chibueze/project_ws/install/gojo_description/share/gojo_description/hook/cmake_prefix_path.dsv'
[0.860s] INFO:colcon.colcon_core.shell:Creating environment hook '/home/chibueze/project_ws/install/gojo_description/share/gojo_description/hook/cmake_prefix_path.sh'
[0.861s] Level 1:colcon.colcon_core.environment:checking '/home/chibueze/project_ws/install/gojo_description/bin'
[0.861s] Level 1:colcon.colcon_core.environment:checking '/home/chibueze/project_ws/install/gojo_description/lib/pkgconfig/gojo_description.pc'
[0.862s] Level 1:colcon.colcon_core.environment:checking '/home/chibueze/project_ws/install/gojo_description/lib/python3.10/site-packages'
[0.862s] Level 1:colcon.colcon_core.environment:checking '/home/chibueze/project_ws/install/gojo_description/bin'
[0.863s] INFO:colcon.colcon_core.shell:Creating package script '/home/chibueze/project_ws/install/gojo_description/share/gojo_description/package.ps1'
[0.863s] INFO:colcon.colcon_core.shell:Creating package descriptor '/home/chibueze/project_ws/install/gojo_description/share/gojo_description/package.dsv'
[0.864s] INFO:colcon.colcon_core.shell:Creating package script '/home/chibueze/project_ws/install/gojo_description/share/gojo_description/package.sh'
[0.865s] INFO:colcon.colcon_core.shell:Creating package script '/home/chibueze/project_ws/install/gojo_description/share/gojo_description/package.bash'
[0.866s] INFO:colcon.colcon_core.shell:Creating package script '/home/chibueze/project_ws/install/gojo_description/share/gojo_description/package.zsh'
[0.867s] Level 1:colcon.colcon_core.environment:create_file_with_runtime_dependencies(/home/chibueze/project_ws/install/gojo_description/share/colcon-core/packages/gojo_description)
[0.867s] INFO:colcon.colcon_ros.task.ament_cmake.build:Building ROS package in '/home/chibueze/project_ws/src/gojo_bringup' with build type 'ament_cmake'
[0.868s] INFO:colcon.colcon_cmake.task.cmake.build:Building CMake package in '/home/chibueze/project_ws/src/gojo_bringup'
[0.868s] INFO:colcon.colcon_core.shell:Skip shell extension 'powershell' for command environment: Not usable outside of PowerShell
[0.868s] DEBUG:colcon.colcon_core.shell:Skip shell extension 'dsv' for command environment
[0.886s] DEBUG:colcon.colcon_core.event_handler.log_command:Invoking command in '/home/chibueze/project_ws/build/gojo_bringup': CMAKE_PREFIX_PATH=/home/chibueze/project_ws/install/gojo_description:/home/chibueze/project_ws/install/gojo_bringup:/opt/ros/humble /usr/bin/cmake --build /home/chibueze/project_ws/build/gojo_bringup -- -j2 -l2
[0.958s] DEBUG:colcon.colcon_core.event_handler.log_command:Invoked command in '/home/chibueze/project_ws/build/gojo_bringup' returned '0': CMAKE_PREFIX_PATH=/home/chibueze/project_ws/install/gojo_description:/home/chibueze/project_ws/install/gojo_bringup:/opt/ros/humble /usr/bin/cmake --build /home/chibueze/project_ws/build/gojo_bringup -- -j2 -l2
[1.020s] DEBUG:colcon.colcon_core.event_handler.log_command:Invoking command in '/home/chibueze/project_ws/build/gojo_bringup': CMAKE_PREFIX_PATH=/home/chibueze/project_ws/install/gojo_description:/home/chibueze/project_ws/install/gojo_bringup:/opt/ros/humble /usr/bin/cmake --install /home/chibueze/project_ws/build/gojo_bringup
[1.060s] Level 1:colcon.colcon_core.environment:create_environment_scripts_only(gojo_bringup)
[1.060s] Level 1:colcon.colcon_core.environment:checking '/home/chibueze/project_ws/install/gojo_bringup' for CMake module files
[1.061s] DEBUG:colcon.colcon_core.event_handler.log_command:Invoked command in '/home/chibueze/project_ws/build/gojo_bringup' returned '0': CMAKE_PREFIX_PATH=/home/chibueze/project_ws/install/gojo_description:/home/chibueze/project_ws/install/gojo_bringup:/opt/ros/humble /usr/bin/cmake --install /home/chibueze/project_ws/build/gojo_bringup
[1.062s] Level 1:colcon.colcon_core.environment:checking '/home/chibueze/project_ws/install/gojo_bringup' for CMake config files
[1.062s] Level 1:colcon.colcon_core.shell:create_environment_hook('gojo_bringup', 'cmake_prefix_path')
[1.062s] INFO:colcon.colcon_core.shell:Creating environment hook '/home/chibueze/project_ws/install/gojo_bringup/share/gojo_bringup/hook/cmake_prefix_path.ps1'
[1.063s] INFO:colcon.colcon_core.shell:Creating environment descriptor '/home/chibueze/project_ws/install/gojo_bringup/share/gojo_bringup/hook/cmake_prefix_path.dsv'
[1.064s] INFO:colcon.colcon_core.shell:Creating environment hook '/home/chibueze/project_ws/install/gojo_bringup/share/gojo_bringup/hook/cmake_prefix_path.sh'
[1.065s] Level 1:colcon.colcon_core.environment:checking '/home/chibueze/project_ws/install/gojo_bringup/bin'
[1.065s] Level 1:colcon.colcon_core.environment:checking '/home/chibueze/project_ws/install/gojo_bringup/lib/pkgconfig/gojo_bringup.pc'
[1.065s] Level 1:colcon.colcon_core.environment:checking '/home/chibueze/project_ws/install/gojo_bringup/lib/python3.10/site-packages'
[1.066s] Level 1:colcon.colcon_core.environment:checking '/home/chibueze/project_ws/install/gojo_bringup/bin'
[1.066s] INFO:colcon.colcon_core.shell:Creating package script '/home/chibueze/project_ws/install/gojo_bringup/share/gojo_bringup/package.ps1'
[1.067s] INFO:colcon.colcon_core.shell:Creating package descriptor '/home/chibueze/project_ws/install/gojo_bringup/share/gojo_bringup/package.dsv'
[1.068s] INFO:colcon.colcon_core.shell:Creating package script '/home/chibueze/project_ws/install/gojo_bringup/share/gojo_bringup/package.sh'
[1.069s] INFO:colcon.colcon_core.shell:Creating package script '/home/chibueze/project_ws/install/gojo_bringup/share/gojo_bringup/package.bash'
[1.069s] INFO:colcon.colcon_core.shell:Creating package script '/home/chibueze/project_ws/install/gojo_bringup/share/gojo_bringup/package.zsh'
[1.070s] Level 1:colcon.colcon_core.environment:create_file_with_runtime_dependencies(/home/chibueze/project_ws/install/gojo_bringup/share/colcon-core/packages/gojo_bringup)
[1.135s] Level 1:colcon.colcon_core.environment:create_environment_scripts_only(gojo_bringup)
[1.135s] Level 1:colcon.colcon_core.environment:checking '/home/chibueze/project_ws/install/gojo_bringup' for CMake module files
[1.136s] Level 1:colcon.colcon_core.environment:checking '/home/chibueze/project_ws/install/gojo_bringup' for CMake config files
[1.136s] Level 1:colcon.colcon_core.shell:create_environment_hook('gojo_bringup', 'cmake_prefix_path')
[1.136s] INFO:colcon.colcon_core.shell:Creating environment hook '/home/chibueze/project_ws/install/gojo_bringup/share/gojo_bringup/hook/cmake_prefix_path.ps1'
[1.137s] INFO:colcon.colcon_core.shell:Creating environment descriptor '/home/chibueze/project_ws/install/gojo_bringup/share/gojo_bringup/hook/cmake_prefix_path.dsv'
[1.138s] INFO:colcon.colcon_core.shell:Creating environment hook '/home/chibueze/project_ws/install/gojo_bringup/share/gojo_bringup/hook/cmake_prefix_path.sh'
[1.139s] Level 1:colcon.colcon_core.environment:checking '/home/chibueze/project_ws/install/gojo_bringup/bin'
[1.139s] Level 1:colcon.colcon_core.environment:checking '/home/chibueze/project_ws/install/gojo_bringup/lib/pkgconfig/gojo_bringup.pc'
[1.139s] Level 1:colcon.colcon_core.environment:checking '/home/chibueze/project_ws/install/gojo_bringup/lib/python3.10/site-packages'
[1.139s] Level 1:colcon.colcon_core.environment:checking '/home/chibueze/project_ws/install/gojo_bringup/bin'
[1.140s] INFO:colcon.colcon_core.shell:Creating package script '/home/chibueze/project_ws/install/gojo_bringup/share/gojo_bringup/package.ps1'
[1.140s] INFO:colcon.colcon_core.shell:Creating package descriptor '/home/chibueze/project_ws/install/gojo_bringup/share/gojo_bringup/package.dsv'
[1.141s] INFO:colcon.colcon_core.shell:Creating package script '/home/chibueze/project_ws/install/gojo_bringup/share/gojo_bringup/package.sh'
[1.142s] INFO:colcon.colcon_core.shell:Creating package script '/home/chibueze/project_ws/install/gojo_bringup/share/gojo_bringup/package.bash'
[1.143s] INFO:colcon.colcon_core.shell:Creating package script '/home/chibueze/project_ws/install/gojo_bringup/share/gojo_bringup/package.zsh'
[1.143s] Level 1:colcon.colcon_core.environment:create_file_with_runtime_dependencies(/home/chibueze/project_ws/install/gojo_bringup/share/colcon-core/packages/gojo_bringup)
[1.145s] DEBUG:colcon.colcon_parallel_executor.executor.parallel:closing loop
[1.146s] DEBUG:colcon.colcon_parallel_executor.executor.parallel:loop closed
[1.146s] DEBUG:colcon.colcon_parallel_executor.executor.parallel:run_until_complete finished with '0'
[1.146s] DEBUG:colcon.colcon_core.event_reactor:joining thread
[1.154s] INFO:colcon.colcon_core.plugin_system:Skipping extension 'colcon_notification.desktop_notification.terminal_notifier': Not used on non-Darwin systems
[1.154s] INFO:colcon.colcon_core.plugin_system:Skipping extension 'colcon_notification.desktop_notification.win32': Not used on non-Windows systems
[1.154s] INFO:colcon.colcon_notification.desktop_notification:Sending desktop notification using 'notify2'
[1.174s] DEBUG:colcon.colcon_core.event_reactor:joined thread
[1.175s] INFO:colcon.colcon_core.shell:Creating prefix script '/home/chibueze/project_ws/install/local_setup.ps1'
[1.176s] INFO:colcon.colcon_core.shell:Creating prefix util module '/home/chibueze/project_ws/install/_local_setup_util_ps1.py'
[1.178s] INFO:colcon.colcon_core.shell:Creating prefix chain script '/home/chibueze/project_ws/install/setup.ps1'
[1.180s] INFO:colcon.colcon_core.shell:Creating prefix script '/home/chibueze/project_ws/install/local_setup.sh'
[1.182s] INFO:colcon.colcon_core.shell:Creating prefix util module '/home/chibueze/project_ws/install/_local_setup_util_sh.py'
[1.183s] INFO:colcon.colcon_core.shell:Creating prefix chain script '/home/chibueze/project_ws/install/setup.sh'
[1.185s] INFO:colcon.colcon_core.shell:Creating prefix script '/home/chibueze/project_ws/install/local_setup.bash'
[1.186s] INFO:colcon.colcon_core.shell:Creating prefix chain script '/home/chibueze/project_ws/install/setup.bash'
[1.188s] INFO:colcon.colcon_core.shell:Creating prefix script '/home/chibueze/project_ws/install/local_setup.zsh'
[1.189s] INFO:colcon.colcon_core.shell:Creating prefix chain script '/home/chibueze/project_ws/install/setup.zsh'
