[0.069s] Invoking command in '/home/pi/final_ws/build/my_robot': CMAKE_PREFIX_PATH=${CMAKE_PREFIX_PATH}:/opt/ros/humble /usr/bin/cmake --build /home/pi/final_ws/build/my_robot -- -j4 -l4
[0.340s] [100%] Built target my_robot_hardware
[0.383s] Invoked command in '/home/pi/final_ws/build/my_robot' returned '0': CMAKE_PREFIX_PATH=${CMAKE_PREFIX_PATH}:/opt/ros/humble /usr/bin/cmake --build /home/pi/final_ws/build/my_robot -- -j4 -l4
[0.564s] Invoking command in '/home/pi/final_ws/build/my_robot': CMAKE_PREFIX_PATH=${CMAKE_PREFIX_PATH}:/opt/ros/humble /usr/bin/cmake --install /home/pi/final_ws/build/my_robot
[0.590s] -- Install configuration: ""
[0.591s] -- Up-to-date: /home/pi/final_ws/install/my_robot/lib/libmy_robot_hardware.so
[0.593s] -- Up-to-date: /home/pi/final_ws/install/my_robot/share/my_robot//bringup
[0.594s] -- Up-to-date: /home/pi/final_ws/install/my_robot/share/my_robot//bringup/config
[0.595s] -- Up-to-date: /home/pi/final_ws/install/my_robot/share/my_robot//bringup/config/my_robot_controllers.yaml
[0.601s] -- Up-to-date: /home/pi/final_ws/install/my_robot/share/my_robot//bringup/launch
[0.604s] -- Up-to-date: /home/pi/final_ws/install/my_robot/share/my_robot//bringup/launch/rsp.launch.py
[0.604s] -- Installing: /home/pi/final_ws/install/my_robot/share/my_robot//bringup/launch/my_robot.launch.py
[0.607s] -- Up-to-date: /home/pi/final_ws/install/my_robot/share/my_robot//description
[0.608s] -- Up-to-date: /home/pi/final_ws/install/my_robot/share/my_robot//description/urdf
[0.609s] -- Up-to-date: /home/pi/final_ws/install/my_robot/share/my_robot//description/urdf/my_robot.urdf.xacro
[0.610s] -- Up-to-date: /home/pi/final_ws/install/my_robot/share/my_robot//description/urdf/common_properties.xacro
[0.610s] -- Up-to-date: /home/pi/final_ws/install/my_robot/share/my_robot//description/ros_control
[0.611s] -- Up-to-date: /home/pi/final_ws/install/my_robot/share/my_robot//description/ros_control/my_robot_control.xacro
[0.613s] -- Up-to-date: /home/pi/final_ws/install/my_robot/share/my_robot//description/launch
[0.615s] -- Up-to-date: /home/pi/final_ws/install/my_robot/share/my_robot//hardware
[0.631s] -- Up-to-date: /home/pi/final_ws/install/my_robot/share/my_robot//hardware/src
[0.632s] -- Up-to-date: /home/pi/final_ws/install/my_robot/share/my_robot//hardware/src/my_robot_hardware.cpp
[0.633s] -- Up-to-date: /home/pi/final_ws/install/my_robot/share/my_robot//hardware/include
[0.635s] -- Up-to-date: /home/pi/final_ws/install/my_robot/share/my_robot//hardware/include/my_robot
[0.635s] -- Up-to-date: /home/pi/final_ws/install/my_robot/share/my_robot//hardware/include/my_robot/my_robot_hardware.hpp
[0.640s] -- Up-to-date: /home/pi/final_ws/install/my_robot/share/ament_index/resource_index/package_run_dependencies/my_robot
[0.640s] -- Up-to-date: /home/pi/final_ws/install/my_robot/share/ament_index/resource_index/parent_prefix_path/my_robot
[0.641s] -- Up-to-date: /home/pi/final_ws/install/my_robot/share/my_robot/environment/ament_prefix_path.sh
[0.642s] -- Up-to-date: /home/pi/final_ws/install/my_robot/share/my_robot/environment/ament_prefix_path.dsv
[0.642s] -- Up-to-date: /home/pi/final_ws/install/my_robot/share/my_robot/environment/path.sh
[0.643s] -- Up-to-date: /home/pi/final_ws/install/my_robot/share/my_robot/environment/path.dsv
[0.643s] -- Up-to-date: /home/pi/final_ws/install/my_robot/share/my_robot/local_setup.bash
[0.644s] -- Up-to-date: /home/pi/final_ws/install/my_robot/share/my_robot/local_setup.sh
[0.645s] -- Up-to-date: /home/pi/final_ws/install/my_robot/share/my_robot/local_setup.zsh
[0.646s] -- Up-to-date: /home/pi/final_ws/install/my_robot/share/my_robot/local_setup.dsv
[0.646s] -- Installing: /home/pi/final_ws/install/my_robot/share/my_robot/package.dsv
[0.647s] -- Up-to-date: /home/pi/final_ws/install/my_robot/share/ament_index/resource_index/packages/my_robot
[0.647s] -- Up-to-date: /home/pi/final_ws/install/my_robot/share/my_robot/cmake/my_robotConfig.cmake
[0.649s] -- Up-to-date: /home/pi/final_ws/install/my_robot/share/my_robot/cmake/my_robotConfig-version.cmake
[0.649s] -- Up-to-date: /home/pi/final_ws/install/my_robot/share/my_robot/package.xml
[0.650s] Invoked command in '/home/pi/final_ws/build/my_robot' returned '0': CMAKE_PREFIX_PATH=${CMAKE_PREFIX_PATH}:/opt/ros/humble /usr/bin/cmake --install /home/pi/final_ws/build/my_robot
