[0.032s] Invoking command in '/home/chibueze/project_ws/build/gojo_description': CMAKE_PREFIX_PATH=${CMAKE_PREFIX_PATH}:/opt/ros/humble /usr/bin/cmake --build /home/chibueze/project_ws/build/gojo_description -- -j2 -l2
[0.284s] Invoked command in '/home/chibueze/project_ws/build/gojo_description' returned '0': CMAKE_PREFIX_PATH=${CMAKE_PREFIX_PATH}:/opt/ros/humble /usr/bin/cmake --build /home/chibueze/project_ws/build/gojo_description -- -j2 -l2
[0.394s] Invoking command in '/home/chibueze/project_ws/build/gojo_description': CMAKE_PREFIX_PATH=${CMAKE_PREFIX_PATH}:/opt/ros/humble /usr/bin/cmake --install /home/chibueze/project_ws/build/gojo_description
[0.421s] -- Install configuration: ""
[0.425s] -- Execute custom install script
[0.431s] -- Up-to-date symlink: /home/chibueze/project_ws/install/gojo_description/share/gojo_description//urdf/common_properties.xacro
[0.431s] -- Up-to-date symlink: /home/chibueze/project_ws/install/gojo_description/share/gojo_description//urdf/gojo.urdf.xacro
[0.433s] -- Up-to-date symlink: /home/chibueze/project_ws/install/gojo_description/share/gojo_description//urdf/gojo_gazebo.urdf.xacro
[0.435s] -- Up-to-date symlink: /home/chibueze/project_ws/install/gojo_description/share/gojo_description//urdf/mobile_base.xacro
[0.439s] -- Up-to-date symlink: /home/chibueze/project_ws/install/gojo_description/share/gojo_description//launch/display.launch.xml
[0.443s] -- Up-to-date symlink: /home/chibueze/project_ws/install/gojo_description/share/gojo_description//meshes/cam_stand.stl
[0.445s] -- Up-to-date symlink: /home/chibueze/project_ws/install/gojo_description/share/gojo_description//meshes/chassis.stl
[0.447s] -- Up-to-date symlink: /home/chibueze/project_ws/install/gojo_description/share/gojo_description//meshes/pi_stand.stl
[0.448s] -- Up-to-date symlink: /home/chibueze/project_ws/install/gojo_description/share/gojo_description//meshes/tire.stl
[0.450s] -- Up-to-date symlink: /home/chibueze/project_ws/install/gojo_description/share/gojo_description//meshes/u_sensor.stl
[0.453s] -- Up-to-date symlink: /home/chibueze/project_ws/install/gojo_description/share/gojo_description//rviz/gojo_urdf_config.rviz
[0.454s] -- Up-to-date symlink: /home/chibueze/project_ws/install/gojo_description/share/ament_index/resource_index/package_run_dependencies/gojo_description
[0.457s] -- Up-to-date symlink: /home/chibueze/project_ws/install/gojo_description/share/ament_index/resource_index/parent_prefix_path/gojo_description
[0.460s] -- Up-to-date symlink: /home/chibueze/project_ws/install/gojo_description/share/gojo_description/environment/ament_prefix_path.sh
[0.461s] -- Up-to-date symlink: /home/chibueze/project_ws/install/gojo_description/share/gojo_description/environment/ament_prefix_path.dsv
[0.463s] -- Up-to-date symlink: /home/chibueze/project_ws/install/gojo_description/share/gojo_description/environment/path.sh
[0.464s] -- Up-to-date symlink: /home/chibueze/project_ws/install/gojo_description/share/gojo_description/environment/path.dsv
[0.466s] -- Up-to-date symlink: /home/chibueze/project_ws/install/gojo_description/share/gojo_description/local_setup.bash
[0.468s] -- Up-to-date symlink: /home/chibueze/project_ws/install/gojo_description/share/gojo_description/local_setup.sh
[0.470s] -- Up-to-date symlink: /home/chibueze/project_ws/install/gojo_description/share/gojo_description/local_setup.zsh
[0.471s] -- Up-to-date symlink: /home/chibueze/project_ws/install/gojo_description/share/gojo_description/local_setup.dsv
[0.472s] -- Symlinking: /home/chibueze/project_ws/install/gojo_description/share/gojo_description/package.dsv
[0.499s] -- Up-to-date symlink: /home/chibueze/project_ws/install/gojo_description/share/ament_index/resource_index/packages/gojo_description
[0.502s] -- Up-to-date symlink: /home/chibueze/project_ws/install/gojo_description/share/gojo_description/cmake/gojo_descriptionConfig.cmake
[0.503s] -- Up-to-date symlink: /home/chibueze/project_ws/install/gojo_description/share/gojo_description/cmake/gojo_descriptionConfig-version.cmake
[0.504s] -- Up-to-date symlink: /home/chibueze/project_ws/install/gojo_description/share/gojo_description/package.xml
[0.510s] Invoked command in '/home/chibueze/project_ws/build/gojo_description' returned '0': CMAKE_PREFIX_PATH=${CMAKE_PREFIX_PATH}:/opt/ros/humble /usr/bin/cmake --install /home/chibueze/project_ws/build/gojo_description
