[1.761s] DEBUG:colcon:Command line arguments: ['/usr/bin/colcon', 'build']
[1.763s] DEBUG:colcon:Parsed command line arguments: Namespace(log_base=None, log_level=None, verb_name='build', build_base='build', install_base='install', merge_install=False, symlink_install=False, test_result_base=None, continue_on_error=False, executor='parallel', parallel_workers=4, event_handlers=None, ignore_user_meta=False, metas=['./colcon.meta'], base_paths=['.'], packages_ignore=None, packages_ignore_regex=None, paths=None, packages_up_to=None, packages_up_to_regex=None, packages_above=None, packages_above_and_dependencies=None, packages_above_depth=None, packages_select_by_dep=None, packages_skip_by_dep=None, packages_skip_up_to=None, packages_select_build_failed=False, packages_skip_build_finished=False, packages_select_test_failures=False, packages_skip_test_passed=False, packages_select=None, packages_skip=None, packages_select_regex=None, packages_skip_regex=None, packages_start=None, packages_end=None, allow_overriding=[], cmake_args=None, cmake_target=None, cmake_target_skip_unavailable=False, cmake_clean_cache=False, cmake_clean_first=False, cmake_force_configure=False, ament_cmake_args=None, catkin_cmake_args=None, catkin_skip_building_tests=False, mixin_files=None, mixin=None, verb_parser=<colcon_mixin.mixin.mixin_argument.MixinArgumentDecorator object at 0xffffaccadcc0>, verb_extension=<colcon_core.verb.build.BuildVerb object at 0xffffacdf23b0>, main=<bound method BuildVerb.main of <colcon_core.verb.build.BuildVerb object at 0xffffacdf23b0>>, mixin_verb=('build',))
[5.047s] Level 1:colcon.colcon_core.package_discovery:discover_packages(colcon_meta) check parameters
[5.048s] Level 1:colcon.colcon_core.package_discovery:discover_packages(recursive) check parameters
[5.049s] Level 1:colcon.colcon_core.package_discovery:discover_packages(ignore) check parameters
[5.049s] Level 1:colcon.colcon_core.package_discovery:discover_packages(path) check parameters
[5.049s] Level 1:colcon.colcon_core.package_discovery:discover_packages(colcon_meta) discover
[5.050s] Level 1:colcon.colcon_core.package_discovery:discover_packages(recursive) discover
[5.050s] INFO:colcon.colcon_core.package_discovery:Crawling recursively for packages in '/home/pi/final_ws'
[5.052s] Level 1:colcon.colcon_core.package_identification:_identify(.) by extensions ['ignore', 'ignore_ament_install']
[5.053s] Level 1:colcon.colcon_core.package_identification:_identify(.) by extension 'ignore'
[5.054s] Level 1:colcon.colcon_core.package_identification:_identify(.) by extension 'ignore_ament_install'
[5.055s] Level 1:colcon.colcon_core.package_identification:_identify(.) by extensions ['colcon_pkg']
[5.055s] Level 1:colcon.colcon_core.package_identification:_identify(.) by extension 'colcon_pkg'
[5.056s] Level 1:colcon.colcon_core.package_identification:_identify(.) by extensions ['colcon_meta']
[5.056s] Level 1:colcon.colcon_core.package_identification:_identify(.) by extension 'colcon_meta'
[5.057s] Level 1:colcon.colcon_core.package_identification:_identify(.) by extensions ['ros']
[5.057s] Level 1:colcon.colcon_core.package_identification:_identify(.) by extension 'ros'
[5.200s] Level 1:colcon.colcon_core.package_identification:_identify(.) by extensions ['cmake', 'python']
[5.201s] Level 1:colcon.colcon_core.package_identification:_identify(.) by extension 'cmake'
[5.202s] Level 1:colcon.colcon_core.package_identification:_identify(.) by extension 'python'
[5.204s] Level 1:colcon.colcon_core.package_identification:_identify(.) by extensions ['python_setup_py']
[5.204s] Level 1:colcon.colcon_core.package_identification:_identify(.) by extension 'python_setup_py'
[5.206s] Level 1:colcon.colcon_core.package_identification:_identify(build) by extensions ['ignore', 'ignore_ament_install']
[5.208s] Level 1:colcon.colcon_core.package_identification:_identify(build) by extension 'ignore'
[5.209s] Level 1:colcon.colcon_core.package_identification:_identify(build) ignored
[5.211s] Level 1:colcon.colcon_core.package_identification:_identify(install) by extensions ['ignore', 'ignore_ament_install']
[5.212s] Level 1:colcon.colcon_core.package_identification:_identify(install) by extension 'ignore'
[5.213s] Level 1:colcon.colcon_core.package_identification:_identify(install) ignored
[5.215s] Level 1:colcon.colcon_core.package_identification:_identify(log) by extensions ['ignore', 'ignore_ament_install']
[5.217s] Level 1:colcon.colcon_core.package_identification:_identify(log) by extension 'ignore'
[5.217s] Level 1:colcon.colcon_core.package_identification:_identify(log) ignored
[5.219s] Level 1:colcon.colcon_core.package_identification:_identify(src) by extensions ['ignore', 'ignore_ament_install']
[5.220s] Level 1:colcon.colcon_core.package_identification:_identify(src) by extension 'ignore'
[5.222s] Level 1:colcon.colcon_core.package_identification:_identify(src) by extension 'ignore_ament_install'
[5.224s] Level 1:colcon.colcon_core.package_identification:_identify(src) by extensions ['colcon_pkg']
[5.224s] Level 1:colcon.colcon_core.package_identification:_identify(src) by extension 'colcon_pkg'
[5.226s] Level 1:colcon.colcon_core.package_identification:_identify(src) by extensions ['colcon_meta']
[5.226s] Level 1:colcon.colcon_core.package_identification:_identify(src) by extension 'colcon_meta'
[5.227s] Level 1:colcon.colcon_core.package_identification:_identify(src) by extensions ['ros']
[5.228s] Level 1:colcon.colcon_core.package_identification:_identify(src) by extension 'ros'
[5.230s] Level 1:colcon.colcon_core.package_identification:_identify(src) by extensions ['cmake', 'python']
[5.230s] Level 1:colcon.colcon_core.package_identification:_identify(src) by extension 'cmake'
[5.232s] Level 1:colcon.colcon_core.package_identification:_identify(src) by extension 'python'
[5.233s] Level 1:colcon.colcon_core.package_identification:_identify(src) by extensions ['python_setup_py']
[5.234s] Level 1:colcon.colcon_core.package_identification:_identify(src) by extension 'python_setup_py'
[5.235s] Level 1:colcon.colcon_core.package_discovery:discover_packages(recursive) using defaults
[5.236s] Level 1:colcon.colcon_core.package_discovery:discover_packages(ignore) discover
[5.236s] Level 1:colcon.colcon_core.package_discovery:discover_packages(ignore) using defaults
[5.237s] Level 1:colcon.colcon_core.package_discovery:discover_packages(path) discover
[5.237s] Level 1:colcon.colcon_core.package_discovery:discover_packages(path) using defaults
[5.380s] Level 1:colcon.colcon_core.package_discovery:discover_packages(prefix_path) check parameters
[5.380s] Level 1:colcon.colcon_core.package_discovery:discover_packages(prefix_path) discover
[5.386s] WARNING:colcon.colcon_core.prefix_path.colcon:The path '/home/pi/project_ws/install' in the environment variable COLCON_PREFIX_PATH doesn't exist
[5.386s] WARNING:colcon.colcon_ros.prefix_path.ament:The path '/home/pi/project_ws/install/ros2_pigpio' in the environment variable AMENT_PREFIX_PATH doesn't exist
[5.387s] WARNING:colcon.colcon_ros.prefix_path.ament:The path '/home/pi/project_ws/install/ros2_control_demo_example_2' in the environment variable AMENT_PREFIX_PATH doesn't exist
[5.387s] WARNING:colcon.colcon_ros.prefix_path.ament:The path '/home/pi/project_ws/install/gojo_description' in the environment variable AMENT_PREFIX_PATH doesn't exist
[5.387s] WARNING:colcon.colcon_ros.prefix_path.ament:The path '/home/pi/project_ws/install/gojo_bringup' in the environment variable AMENT_PREFIX_PATH doesn't exist
[5.388s] WARNING:colcon.colcon_ros.prefix_path.catkin:The path '/home/pi/project_ws/install/pigpio' in the environment variable CMAKE_PREFIX_PATH doesn't exist
[5.389s] WARNING:colcon.colcon_ros.prefix_path.catkin:The path '/home/pi/project_ws/install/ros2_pigpio' in the environment variable CMAKE_PREFIX_PATH doesn't exist
[5.389s] WARNING:colcon.colcon_ros.prefix_path.catkin:The path '/home/pi/project_ws/install/ros2_control_demo_example_2' in the environment variable CMAKE_PREFIX_PATH doesn't exist
[5.389s] WARNING:colcon.colcon_ros.prefix_path.catkin:The path '/home/pi/project_ws/install/gojo_description' in the environment variable CMAKE_PREFIX_PATH doesn't exist
[5.390s] WARNING:colcon.colcon_ros.prefix_path.catkin:The path '/home/pi/project_ws/install/gojo_bringup' in the environment variable CMAKE_PREFIX_PATH doesn't exist
[5.457s] DEBUG:colcon.colcon_installed_package_information.package_discovery:Found 315 installed packages in /opt/ros/humble
[5.467s] Level 1:colcon.colcon_core.package_discovery:discover_packages(prefix_path) using defaults
[5.764s] INFO:colcon.colcon_core.executor:Executing jobs using 'parallel' executor
[5.768s] DEBUG:colcon.colcon_parallel_executor.executor.parallel:run_until_complete
[5.769s] DEBUG:colcon.colcon_parallel_executor.executor.parallel:closing loop
[5.770s] DEBUG:colcon.colcon_parallel_executor.executor.parallel:loop closed
[5.770s] DEBUG:colcon.colcon_parallel_executor.executor.parallel:run_until_complete finished with '0'
[5.771s] DEBUG:colcon.colcon_core.event_reactor:joining thread
[5.798s] INFO:colcon.colcon_core.plugin_system:Skipping extension 'colcon_notification.desktop_notification.notify_send': Could not find 'notify-send'
[5.799s] INFO:colcon.colcon_core.plugin_system:Skipping extension 'colcon_notification.desktop_notification.terminal_notifier': Not used on non-Darwin systems
[5.800s] INFO:colcon.colcon_core.plugin_system:Skipping extension 'colcon_notification.desktop_notification.win32': Not used on non-Windows systems
[5.800s] INFO:colcon.colcon_notification.desktop_notification:Sending desktop notification using 'notify2'
[5.808s] DEBUG:colcon.colcon_notification.desktop_notification.notify2:Failed to initialize notify2: org.freedesktop.DBus.Error.ServiceUnknown: The name org.freedesktop.Notifications was not provided by any .service files
[5.809s] DEBUG:colcon.colcon_core.event_reactor:joined thread
[5.821s] INFO:colcon.colcon_core.plugin_system:Skipping extension 'colcon_core.shell.bat': Not used on non-Windows systems
[5.823s] INFO:colcon.colcon_core.shell:Creating prefix script '/home/pi/final_ws/install/local_setup.ps1'
[5.829s] INFO:colcon.colcon_core.shell:Creating prefix util module '/home/pi/final_ws/install/_local_setup_util_ps1.py'
[5.837s] INFO:colcon.colcon_core.shell:Creating prefix chain script '/home/pi/final_ws/install/setup.ps1'
[5.844s] INFO:colcon.colcon_core.shell:Creating prefix script '/home/pi/final_ws/install/local_setup.sh'
[5.852s] INFO:colcon.colcon_core.shell:Creating prefix util module '/home/pi/final_ws/install/_local_setup_util_sh.py'
[5.855s] INFO:colcon.colcon_core.shell:Creating prefix chain script '/home/pi/final_ws/install/setup.sh'
[5.862s] INFO:colcon.colcon_core.shell:Creating prefix script '/home/pi/final_ws/install/local_setup.bash'
[5.865s] INFO:colcon.colcon_core.shell:Creating prefix chain script '/home/pi/final_ws/install/setup.bash'
[5.871s] INFO:colcon.colcon_core.shell:Creating prefix script '/home/pi/final_ws/install/local_setup.zsh'
[5.874s] INFO:colcon.colcon_core.shell:Creating prefix chain script '/home/pi/final_ws/install/setup.zsh'
