[0.047s] Invoking command in '/home/chibueze/project_ws/build/gojo_bringup': CMAKE_PREFIX_PATH=/home/chibueze/project_ws/install/gojo_description:/home/chibueze/project_ws/install/gojo_bringup:/opt/ros/humble /usr/bin/cmake --build /home/chibueze/project_ws/build/gojo_bringup -- -j2 -l2
[0.201s] -- Found ament_cmake: 1.3.9 (/opt/ros/humble/share/ament_cmake/cmake)
[0.629s] -- Override CMake install command with custom implementation using symlinks instead of copying resources
[0.939s] -- Configuring done
[0.973s] -- Generating done
[0.978s] -- Build files have been written to: /home/chibueze/project_ws/build/gojo_bringup
[1.051s] Invoked command in '/home/chibueze/project_ws/build/gojo_bringup' returned '0': CMAKE_PREFIX_PATH=/home/chibueze/project_ws/install/gojo_description:/home/chibueze/project_ws/install/gojo_bringup:/opt/ros/humble /usr/bin/cmake --build /home/chibueze/project_ws/build/gojo_bringup -- -j2 -l2
[1.174s] Invoking command in '/home/chibueze/project_ws/build/gojo_bringup': CMAKE_PREFIX_PATH=/home/chibueze/project_ws/install/gojo_description:/home/chibueze/project_ws/install/gojo_bringup:/opt/ros/humble /usr/bin/cmake --install /home/chibueze/project_ws/build/gojo_bringup
[1.205s] -- Install configuration: ""
[1.206s] -- Execute custom install script
[1.208s] -- Up-to-date symlink: /home/chibueze/project_ws/install/gojo_bringup/share/gojo_bringup//launch/gojo_gazebo.launch.xml
[1.209s] -- Up-to-date symlink: /home/chibueze/project_ws/install/gojo_bringup/share/ament_index/resource_index/package_run_dependencies/gojo_bringup
[1.213s] -- Up-to-date symlink: /home/chibueze/project_ws/install/gojo_bringup/share/ament_index/resource_index/parent_prefix_path/gojo_bringup
[1.216s] -- Up-to-date symlink: /home/chibueze/project_ws/install/gojo_bringup/share/gojo_bringup/environment/ament_prefix_path.sh
[1.217s] -- Up-to-date symlink: /home/chibueze/project_ws/install/gojo_bringup/share/gojo_bringup/environment/ament_prefix_path.dsv
[1.217s] -- Up-to-date symlink: /home/chibueze/project_ws/install/gojo_bringup/share/gojo_bringup/environment/path.sh
[1.217s] -- Up-to-date symlink: /home/chibueze/project_ws/install/gojo_bringup/share/gojo_bringup/environment/path.dsv
[1.218s] -- Up-to-date symlink: /home/chibueze/project_ws/install/gojo_bringup/share/gojo_bringup/local_setup.bash
[1.218s] -- Up-to-date symlink: /home/chibueze/project_ws/install/gojo_bringup/share/gojo_bringup/local_setup.sh
[1.220s] -- Up-to-date symlink: /home/chibueze/project_ws/install/gojo_bringup/share/gojo_bringup/local_setup.zsh
[1.221s] -- Up-to-date symlink: /home/chibueze/project_ws/install/gojo_bringup/share/gojo_bringup/local_setup.dsv
[1.221s] -- Symlinking: /home/chibueze/project_ws/install/gojo_bringup/share/gojo_bringup/package.dsv
[1.248s] -- Up-to-date symlink: /home/chibueze/project_ws/install/gojo_bringup/share/ament_index/resource_index/packages/gojo_bringup
[1.248s] -- Up-to-date symlink: /home/chibueze/project_ws/install/gojo_bringup/share/gojo_bringup/cmake/gojo_bringupConfig.cmake
[1.249s] -- Up-to-date symlink: /home/chibueze/project_ws/install/gojo_bringup/share/gojo_bringup/cmake/gojo_bringupConfig-version.cmake
[1.249s] -- Up-to-date symlink: /home/chibueze/project_ws/install/gojo_bringup/share/gojo_bringup/package.xml
[1.254s] Invoked command in '/home/chibueze/project_ws/build/gojo_bringup' returned '0': CMAKE_PREFIX_PATH=/home/chibueze/project_ws/install/gojo_description:/home/chibueze/project_ws/install/gojo_bringup:/opt/ros/humble /usr/bin/cmake --install /home/chibueze/project_ws/build/gojo_bringup
