[0.021s] Invoking command in '/home/chibueze/project_ws/build/gojo_bringup': CMAKE_PREFIX_PATH=/home/chibueze/project_ws/install/gojo_description:/home/chibueze/project_ws/install/gojo_bringup:/opt/ros/humble /usr/bin/cmake --build /home/chibueze/project_ws/build/gojo_bringup -- -j2 -l2
[0.128s] Invoked command in '/home/chibueze/project_ws/build/gojo_bringup' returned '0': CMAKE_PREFIX_PATH=/home/chibueze/project_ws/install/gojo_description:/home/chibueze/project_ws/install/gojo_bringup:/opt/ros/humble /usr/bin/cmake --build /home/chibueze/project_ws/build/gojo_bringup -- -j2 -l2
[0.208s] Invoking command in '/home/chibueze/project_ws/build/gojo_bringup': CMAKE_PREFIX_PATH=/home/chibueze/project_ws/install/gojo_description:/home/chibueze/project_ws/install/gojo_bringup:/opt/ros/humble /usr/bin/cmake --install /home/chibueze/project_ws/build/gojo_bringup
[0.237s] -- Install configuration: ""
[0.240s] -- Execute custom install script
[0.246s] -- Up-to-date symlink: /home/chibueze/project_ws/install/gojo_bringup/share/gojo_bringup//launch/gojo_gazebo.launch.xml
[0.247s] -- Up-to-date symlink: /home/chibueze/project_ws/install/gojo_bringup/share/ament_index/resource_index/package_run_dependencies/gojo_bringup
[0.250s] -- Up-to-date symlink: /home/chibueze/project_ws/install/gojo_bringup/share/ament_index/resource_index/parent_prefix_path/gojo_bringup
[0.252s] -- Up-to-date symlink: /home/chibueze/project_ws/install/gojo_bringup/share/gojo_bringup/environment/ament_prefix_path.sh
[0.254s] -- Up-to-date symlink: /home/chibueze/project_ws/install/gojo_bringup/share/gojo_bringup/environment/ament_prefix_path.dsv
[0.260s] -- Up-to-date symlink: /home/chibueze/project_ws/install/gojo_bringup/share/gojo_bringup/environment/path.sh
[0.263s] -- Up-to-date symlink: /home/chibueze/project_ws/install/gojo_bringup/share/gojo_bringup/environment/path.dsv
[0.266s] -- Up-to-date symlink: /home/chibueze/project_ws/install/gojo_bringup/share/gojo_bringup/local_setup.bash
[0.268s] -- Up-to-date symlink: /home/chibueze/project_ws/install/gojo_bringup/share/gojo_bringup/local_setup.sh
[0.270s] -- Up-to-date symlink: /home/chibueze/project_ws/install/gojo_bringup/share/gojo_bringup/local_setup.zsh
[0.272s] -- Up-to-date symlink: /home/chibueze/project_ws/install/gojo_bringup/share/gojo_bringup/local_setup.dsv
[0.273s] -- Symlinking: /home/chibueze/project_ws/install/gojo_bringup/share/gojo_bringup/package.dsv
[0.307s] -- Up-to-date symlink: /home/chibueze/project_ws/install/gojo_bringup/share/ament_index/resource_index/packages/gojo_bringup
[0.310s] -- Up-to-date symlink: /home/chibueze/project_ws/install/gojo_bringup/share/gojo_bringup/cmake/gojo_bringupConfig.cmake
[0.311s] -- Up-to-date symlink: /home/chibueze/project_ws/install/gojo_bringup/share/gojo_bringup/cmake/gojo_bringupConfig-version.cmake
[0.312s] -- Up-to-date symlink: /home/chibueze/project_ws/install/gojo_bringup/share/gojo_bringup/package.xml
[0.324s] Invoked command in '/home/chibueze/project_ws/build/gojo_bringup' returned '0': CMAKE_PREFIX_PATH=/home/chibueze/project_ws/install/gojo_description:/home/chibueze/project_ws/install/gojo_bringup:/opt/ros/humble /usr/bin/cmake --install /home/chibueze/project_ws/build/gojo_bringup
