[0.587s] DEBUG:colcon:Command line arguments: ['/usr/bin/colcon', 'build']
[0.588s] DEBUG:colcon:Parsed command line arguments: Namespace(log_base=None, log_level=None, verb_name='build', build_base='build', install_base='install', merge_install=False, symlink_install=False, test_result_base=None, continue_on_error=False, executor='parallel', parallel_workers=4, event_handlers=None, ignore_user_meta=False, metas=['./colcon.meta'], base_paths=['.'], packages_ignore=None, packages_ignore_regex=None, paths=None, packages_up_to=None, packages_up_to_regex=None, packages_above=None, packages_above_and_dependencies=None, packages_above_depth=None, packages_select_by_dep=None, packages_skip_by_dep=None, packages_skip_up_to=None, packages_select_build_failed=False, packages_skip_build_finished=False, packages_select_test_failures=False, packages_skip_test_passed=False, packages_select=None, packages_skip=None, packages_select_regex=None, packages_skip_regex=None, packages_start=None, packages_end=None, allow_overriding=[], cmake_args=None, cmake_target=None, cmake_target_skip_unavailable=False, cmake_clean_cache=False, cmake_clean_first=False, cmake_force_configure=False, ament_cmake_args=None, catkin_cmake_args=None, catkin_skip_building_tests=False, mixin_files=None, mixin=None, verb_parser=<colcon_mixin.mixin.mixin_argument.MixinArgumentDecorator object at 0xffffb27e1d80>, verb_extension=<colcon_core.verb.build.BuildVerb object at 0xffffb2906470>, main=<bound method BuildVerb.main of <colcon_core.verb.build.BuildVerb object at 0xffffb2906470>>, mixin_verb=('build',))
[1.724s] Level 1:colcon.colcon_core.package_discovery:discover_packages(colcon_meta) check parameters
[1.725s] Level 1:colcon.colcon_core.package_discovery:discover_packages(recursive) check parameters
[1.725s] Level 1:colcon.colcon_core.package_discovery:discover_packages(ignore) check parameters
[1.725s] Level 1:colcon.colcon_core.package_discovery:discover_packages(path) check parameters
[1.725s] Level 1:colcon.colcon_core.package_discovery:discover_packages(colcon_meta) discover
[1.725s] Level 1:colcon.colcon_core.package_discovery:discover_packages(recursive) discover
[1.726s] INFO:colcon.colcon_core.package_discovery:Crawling recursively for packages in '/home/pi/final_ws'
[1.726s] Level 1:colcon.colcon_core.package_identification:_identify(.) by extensions ['ignore', 'ignore_ament_install']
[1.727s] Level 1:colcon.colcon_core.package_identification:_identify(.) by extension 'ignore'
[1.727s] Level 1:colcon.colcon_core.package_identification:_identify(.) by extension 'ignore_ament_install'
[1.727s] Level 1:colcon.colcon_core.package_identification:_identify(.) by extensions ['colcon_pkg']
[1.727s] Level 1:colcon.colcon_core.package_identification:_identify(.) by extension 'colcon_pkg'
[1.728s] Level 1:colcon.colcon_core.package_identification:_identify(.) by extensions ['colcon_meta']
[1.728s] Level 1:colcon.colcon_core.package_identification:_identify(.) by extension 'colcon_meta'
[1.728s] Level 1:colcon.colcon_core.package_identification:_identify(.) by extensions ['ros']
[1.728s] Level 1:colcon.colcon_core.package_identification:_identify(.) by extension 'ros'
[1.779s] Level 1:colcon.colcon_core.package_identification:_identify(.) by extensions ['cmake', 'python']
[1.779s] Level 1:colcon.colcon_core.package_identification:_identify(.) by extension 'cmake'
[1.780s] Level 1:colcon.colcon_core.package_identification:_identify(.) by extension 'python'
[1.780s] Level 1:colcon.colcon_core.package_identification:_identify(.) by extensions ['python_setup_py']
[1.780s] Level 1:colcon.colcon_core.package_identification:_identify(.) by extension 'python_setup_py'
[1.781s] Level 1:colcon.colcon_core.package_identification:_identify(build) by extensions ['ignore', 'ignore_ament_install']
[1.782s] Level 1:colcon.colcon_core.package_identification:_identify(build) by extension 'ignore'
[1.783s] Level 1:colcon.colcon_core.package_identification:_identify(build) ignored
[1.783s] Level 1:colcon.colcon_core.package_identification:_identify(install) by extensions ['ignore', 'ignore_ament_install']
[1.784s] Level 1:colcon.colcon_core.package_identification:_identify(install) by extension 'ignore'
[1.784s] Level 1:colcon.colcon_core.package_identification:_identify(install) ignored
[1.786s] Level 1:colcon.colcon_core.package_identification:_identify(log) by extensions ['ignore', 'ignore_ament_install']
[1.787s] Level 1:colcon.colcon_core.package_identification:_identify(log) by extension 'ignore'
[1.787s] Level 1:colcon.colcon_core.package_identification:_identify(log) ignored
[1.788s] Level 1:colcon.colcon_core.package_identification:_identify(src) by extensions ['ignore', 'ignore_ament_install']
[1.788s] Level 1:colcon.colcon_core.package_identification:_identify(src) by extension 'ignore'
[1.789s] Level 1:colcon.colcon_core.package_identification:_identify(src) by extension 'ignore_ament_install'
[1.789s] Level 1:colcon.colcon_core.package_identification:_identify(src) by extensions ['colcon_pkg']
[1.789s] Level 1:colcon.colcon_core.package_identification:_identify(src) by extension 'colcon_pkg'
[1.789s] Level 1:colcon.colcon_core.package_identification:_identify(src) by extensions ['colcon_meta']
[1.790s] Level 1:colcon.colcon_core.package_identification:_identify(src) by extension 'colcon_meta'
[1.790s] Level 1:colcon.colcon_core.package_identification:_identify(src) by extensions ['ros']
[1.790s] Level 1:colcon.colcon_core.package_identification:_identify(src) by extension 'ros'
[1.791s] Level 1:colcon.colcon_core.package_identification:_identify(src) by extensions ['cmake', 'python']
[1.791s] Level 1:colcon.colcon_core.package_identification:_identify(src) by extension 'cmake'
[1.791s] Level 1:colcon.colcon_core.package_identification:_identify(src) by extension 'python'
[1.792s] Level 1:colcon.colcon_core.package_identification:_identify(src) by extensions ['python_setup_py']
[1.792s] Level 1:colcon.colcon_core.package_identification:_identify(src) by extension 'python_setup_py'
[1.793s] Level 1:colcon.colcon_core.package_identification:_identify(src/my_robot) by extensions ['ignore', 'ignore_ament_install']
[1.793s] Level 1:colcon.colcon_core.package_identification:_identify(src/my_robot) by extension 'ignore'
[1.794s] Level 1:colcon.colcon_core.package_identification:_identify(src/my_robot) by extension 'ignore_ament_install'
[1.794s] Level 1:colcon.colcon_core.package_identification:_identify(src/my_robot) by extensions ['colcon_pkg']
[1.794s] Level 1:colcon.colcon_core.package_identification:_identify(src/my_robot) by extension 'colcon_pkg'
[1.795s] Level 1:colcon.colcon_core.package_identification:_identify(src/my_robot) by extensions ['colcon_meta']
[1.795s] Level 1:colcon.colcon_core.package_identification:_identify(src/my_robot) by extension 'colcon_meta'
[1.795s] Level 1:colcon.colcon_core.package_identification:_identify(src/my_robot) by extensions ['ros']
[1.796s] Level 1:colcon.colcon_core.package_identification:_identify(src/my_robot) by extension 'ros'
[1.808s] DEBUG:colcon.colcon_core.package_identification:Package 'src/my_robot' with type 'ros.ament_cmake' and name 'my_robot'
[1.809s] Level 1:colcon.colcon_core.package_discovery:discover_packages(recursive) using defaults
[1.809s] Level 1:colcon.colcon_core.package_discovery:discover_packages(ignore) discover
[1.809s] Level 1:colcon.colcon_core.package_discovery:discover_packages(ignore) using defaults
[1.810s] Level 1:colcon.colcon_core.package_discovery:discover_packages(path) discover
[1.810s] Level 1:colcon.colcon_core.package_discovery:discover_packages(path) using defaults
[1.946s] Level 1:colcon.colcon_core.package_discovery:discover_packages(prefix_path) check parameters
[1.946s] Level 1:colcon.colcon_core.package_discovery:discover_packages(prefix_path) discover
[1.957s] DEBUG:colcon.colcon_installed_package_information.package_discovery:Found 1 installed packages in /home/pi/final_ws/install
[1.967s] DEBUG:colcon.colcon_installed_package_information.package_discovery:Found 316 installed packages in /opt/ros/humble
[1.975s] Level 1:colcon.colcon_core.package_discovery:discover_packages(prefix_path) using defaults
[2.220s] Level 5:colcon.colcon_core.verb:set package 'my_robot' build argument 'cmake_args' from command line to 'None'
[2.221s] Level 5:colcon.colcon_core.verb:set package 'my_robot' build argument 'cmake_target' from command line to 'None'
[2.221s] Level 5:colcon.colcon_core.verb:set package 'my_robot' build argument 'cmake_target_skip_unavailable' from command line to 'False'
[2.221s] Level 5:colcon.colcon_core.verb:set package 'my_robot' build argument 'cmake_clean_cache' from command line to 'False'
[2.221s] Level 5:colcon.colcon_core.verb:set package 'my_robot' build argument 'cmake_clean_first' from command line to 'False'
[2.221s] Level 5:colcon.colcon_core.verb:set package 'my_robot' build argument 'cmake_force_configure' from command line to 'False'
[2.221s] Level 5:colcon.colcon_core.verb:set package 'my_robot' build argument 'ament_cmake_args' from command line to 'None'
[2.222s] Level 5:colcon.colcon_core.verb:set package 'my_robot' build argument 'catkin_cmake_args' from command line to 'None'
[2.222s] Level 5:colcon.colcon_core.verb:set package 'my_robot' build argument 'catkin_skip_building_tests' from command line to 'False'
[2.222s] DEBUG:colcon.colcon_core.verb:Building package 'my_robot' with the following arguments: {'ament_cmake_args': None, 'build_base': '/home/pi/final_ws/build/my_robot', 'catkin_cmake_args': None, 'catkin_skip_building_tests': False, 'cmake_args': None, 'cmake_clean_cache': False, 'cmake_clean_first': False, 'cmake_force_configure': False, 'cmake_target': None, 'cmake_target_skip_unavailable': False, 'install_base': '/home/pi/final_ws/install/my_robot', 'merge_install': False, 'path': '/home/pi/final_ws/src/my_robot', 'symlink_install': False, 'test_result_base': None}
[2.223s] INFO:colcon.colcon_core.executor:Executing jobs using 'parallel' executor
[2.227s] DEBUG:colcon.colcon_parallel_executor.executor.parallel:run_until_complete
[2.229s] INFO:colcon.colcon_ros.task.ament_cmake.build:Building ROS package in '/home/pi/final_ws/src/my_robot' with build type 'ament_cmake'
[2.230s] INFO:colcon.colcon_cmake.task.cmake.build:Building CMake package in '/home/pi/final_ws/src/my_robot'
[2.248s] INFO:colcon.colcon_core.plugin_system:Skipping extension 'colcon_core.shell.bat': Not used on non-Windows systems
[2.249s] INFO:colcon.colcon_core.shell:Skip shell extension 'powershell' for command environment: Not usable outside of PowerShell
[2.250s] DEBUG:colcon.colcon_core.shell:Skip shell extension 'dsv' for command environment
[2.309s] DEBUG:colcon.colcon_core.event_handler.log_command:Invoking command in '/home/pi/final_ws/build/my_robot': CMAKE_PREFIX_PATH=${CMAKE_PREFIX_PATH}:/opt/ros/humble /usr/bin/cmake --build /home/pi/final_ws/build/my_robot -- -j4 -l4
[17.761s] DEBUG:colcon.colcon_core.event_handler.log_command:Invoked command in '/home/pi/final_ws/build/my_robot' returned '2': CMAKE_PREFIX_PATH=${CMAKE_PREFIX_PATH}:/opt/ros/humble /usr/bin/cmake --build /home/pi/final_ws/build/my_robot -- -j4 -l4
[17.901s] Level 1:colcon.colcon_core.environment:create_environment_scripts_only(my_robot)
[17.916s] Level 1:colcon.colcon_core.environment:checking '/home/pi/final_ws/install/my_robot' for CMake module files
[17.919s] Level 1:colcon.colcon_core.environment:checking '/home/pi/final_ws/install/my_robot' for CMake config files
[17.922s] Level 1:colcon.colcon_core.shell:create_environment_hook('my_robot', 'cmake_prefix_path')
[17.923s] INFO:colcon.colcon_core.shell:Creating environment hook '/home/pi/final_ws/install/my_robot/share/my_robot/hook/cmake_prefix_path.ps1'
[17.926s] INFO:colcon.colcon_core.shell:Creating environment descriptor '/home/pi/final_ws/install/my_robot/share/my_robot/hook/cmake_prefix_path.dsv'
[17.928s] INFO:colcon.colcon_core.shell:Creating environment hook '/home/pi/final_ws/install/my_robot/share/my_robot/hook/cmake_prefix_path.sh'
[17.932s] Level 1:colcon.colcon_core.environment:checking '/home/pi/final_ws/install/my_robot/lib'
[17.932s] Level 1:colcon.colcon_core.shell:create_environment_hook('my_robot', 'ld_library_path_lib')
[17.933s] INFO:colcon.colcon_core.shell:Creating environment hook '/home/pi/final_ws/install/my_robot/share/my_robot/hook/ld_library_path_lib.ps1'
[17.935s] INFO:colcon.colcon_core.shell:Creating environment descriptor '/home/pi/final_ws/install/my_robot/share/my_robot/hook/ld_library_path_lib.dsv'
[17.936s] INFO:colcon.colcon_core.shell:Creating environment hook '/home/pi/final_ws/install/my_robot/share/my_robot/hook/ld_library_path_lib.sh'
[17.938s] Level 1:colcon.colcon_core.environment:checking '/home/pi/final_ws/install/my_robot/bin'
[17.938s] Level 1:colcon.colcon_core.environment:checking '/home/pi/final_ws/install/my_robot/lib/pkgconfig/my_robot.pc'
[17.939s] Level 1:colcon.colcon_core.environment:checking '/home/pi/final_ws/install/my_robot/lib/python3.10/site-packages'
[17.940s] Level 1:colcon.colcon_core.environment:checking '/home/pi/final_ws/install/my_robot/bin'
[17.941s] INFO:colcon.colcon_core.shell:Creating package script '/home/pi/final_ws/install/my_robot/share/my_robot/package.ps1'
[17.945s] INFO:colcon.colcon_core.shell:Creating package descriptor '/home/pi/final_ws/install/my_robot/share/my_robot/package.dsv'
[17.948s] INFO:colcon.colcon_core.shell:Creating package script '/home/pi/final_ws/install/my_robot/share/my_robot/package.sh'
[17.951s] INFO:colcon.colcon_core.shell:Creating package script '/home/pi/final_ws/install/my_robot/share/my_robot/package.bash'
[17.954s] INFO:colcon.colcon_core.shell:Creating package script '/home/pi/final_ws/install/my_robot/share/my_robot/package.zsh'
[17.957s] Level 1:colcon.colcon_core.environment:create_file_with_runtime_dependencies(/home/pi/final_ws/install/my_robot/share/colcon-core/packages/my_robot)
[17.969s] DEBUG:colcon.colcon_parallel_executor.executor.parallel:closing loop
[17.969s] DEBUG:colcon.colcon_parallel_executor.executor.parallel:loop closed
[17.970s] DEBUG:colcon.colcon_parallel_executor.executor.parallel:run_until_complete finished with '2'
[17.970s] DEBUG:colcon.colcon_core.event_reactor:joining thread
[17.993s] INFO:colcon.colcon_core.plugin_system:Skipping extension 'colcon_notification.desktop_notification.notify_send': Could not find 'notify-send'
[17.994s] INFO:colcon.colcon_core.plugin_system:Skipping extension 'colcon_notification.desktop_notification.terminal_notifier': Not used on non-Darwin systems
[17.994s] INFO:colcon.colcon_core.plugin_system:Skipping extension 'colcon_notification.desktop_notification.win32': Not used on non-Windows systems
[17.994s] INFO:colcon.colcon_notification.desktop_notification:Sending desktop notification using 'notify2'
[17.997s] DEBUG:colcon.colcon_notification.desktop_notification.notify2:Failed to initialize notify2: org.freedesktop.DBus.Error.ServiceUnknown: The name org.freedesktop.Notifications was not provided by any .service files
[17.997s] DEBUG:colcon.colcon_core.event_reactor:joined thread
[17.998s] INFO:colcon.colcon_core.shell:Creating prefix script '/home/pi/final_ws/install/local_setup.ps1'
[18.002s] INFO:colcon.colcon_core.shell:Creating prefix util module '/home/pi/final_ws/install/_local_setup_util_ps1.py'
[18.009s] INFO:colcon.colcon_core.shell:Creating prefix chain script '/home/pi/final_ws/install/setup.ps1'
[18.014s] INFO:colcon.colcon_core.shell:Creating prefix script '/home/pi/final_ws/install/local_setup.sh'
[18.017s] INFO:colcon.colcon_core.shell:Creating prefix util module '/home/pi/final_ws/install/_local_setup_util_sh.py'
[18.020s] INFO:colcon.colcon_core.shell:Creating prefix chain script '/home/pi/final_ws/install/setup.sh'
[18.025s] INFO:colcon.colcon_core.shell:Creating prefix script '/home/pi/final_ws/install/local_setup.bash'
[18.027s] INFO:colcon.colcon_core.shell:Creating prefix chain script '/home/pi/final_ws/install/setup.bash'
[18.032s] INFO:colcon.colcon_core.shell:Creating prefix script '/home/pi/final_ws/install/local_setup.zsh'
[18.034s] INFO:colcon.colcon_core.shell:Creating prefix chain script '/home/pi/final_ws/install/setup.zsh'
