[0.065s] Invoking command in '/home/pi/final_ws/build/my_robot': CMAKE_PREFIX_PATH=${CMAKE_PREFIX_PATH}:/opt/ros/humble /usr/bin/cmake --build /home/pi/final_ws/build/my_robot -- -j4 -l4
[0.175s] -- Found ament_cmake: 1.3.9 (/opt/ros/humble/share/ament_cmake/cmake)
[0.737s] -- Found rclcpp: 16.0.9 (/opt/ros/humble/share/rclcpp/cmake)
[0.898s] -- Found rosidl_generator_c: 3.1.5 (/opt/ros/humble/share/rosidl_generator_c/cmake)
[0.909s] -- Found rosidl_adapter: 3.1.5 (/opt/ros/humble/share/rosidl_adapter/cmake)
[0.933s] -- Found rosidl_generator_cpp: 3.1.5 (/opt/ros/humble/share/rosidl_generator_cpp/cmake)
[0.977s] -- Using all available rosidl_typesupport_c: rosidl_typesupport_fastrtps_c;rosidl_typesupport_introspection_c
[1.048s] -- Using all available rosidl_typesupport_cpp: rosidl_typesupport_fastrtps_cpp;rosidl_typesupport_introspection_cpp
[1.357s] -- Found rmw_implementation_cmake: 6.1.2 (/opt/ros/humble/share/rmw_implementation_cmake/cmake)
[1.363s] -- Found rmw_fastrtps_cpp: 6.2.6 (/opt/ros/humble/share/rmw_fastrtps_cpp/cmake)
[2.265s] -- Using RMW implementation 'rmw_fastrtps_cpp' as default
[2.855s] -- Found hardware_interface: 2.41.0 (/opt/ros/humble/share/hardware_interface/cmake)
[4.961s] -- Found controller_manager: 2.41.0 (/opt/ros/humble/share/controller_manager/cmake)
[6.473s] -- Found diff_drive_controller: 2.35.0 (/opt/ros/humble/share/diff_drive_controller/cmake)
[6.758s] -- Found parameter_traits: 0.3.8 (/opt/ros/humble/share/parameter_traits/cmake)
[8.030s] -- Found joint_state_broadcaster: 2.35.0 (/opt/ros/humble/share/joint_state_broadcaster/cmake)
[8.746s] -- Found ros2_control: 2.41.0 (/opt/ros/humble/share/ros2_control/cmake)
[8.747s] -- Found ros2_control_test_assets: 2.41.0 (/opt/ros/humble/share/ros2_control_test_assets/cmake)
[10.634s] -- Configuring done
[10.832s] -- Generating done
[10.842s] -- Build files have been written to: /home/pi/final_ws/build/my_robot
[10.958s] [35m[1mConsolidate compiler generated dependencies of target my_robot_hardware[0m
[11.058s] [100%] Built target my_robot_hardware
[11.099s] Invoked command in '/home/pi/final_ws/build/my_robot' returned '0': CMAKE_PREFIX_PATH=${CMAKE_PREFIX_PATH}:/opt/ros/humble /usr/bin/cmake --build /home/pi/final_ws/build/my_robot -- -j4 -l4
[11.280s] Invoking command in '/home/pi/final_ws/build/my_robot': CMAKE_PREFIX_PATH=${CMAKE_PREFIX_PATH}:/opt/ros/humble /usr/bin/cmake --install /home/pi/final_ws/build/my_robot
[11.308s] -- Install configuration: ""
[11.309s] -- Up-to-date: /home/pi/final_ws/install/my_robot/lib/libmy_robot_hardware.so
[11.311s] -- Installing: /home/pi/final_ws/install/my_robot/share/my_robot//bringup
[11.311s] -- Installing: /home/pi/final_ws/install/my_robot/share/my_robot//bringup/config
[11.312s] -- Installing: /home/pi/final_ws/install/my_robot/share/my_robot//bringup/config/my_robot_controllers.yaml
[11.317s] -- Installing: /home/pi/final_ws/install/my_robot/share/my_robot//bringup/launch
[11.323s] -- Installing: /home/pi/final_ws/install/my_robot/share/my_robot//bringup/launch/my_robot.launch.py
[11.323s] -- Installing: /home/pi/final_ws/install/my_robot/share/my_robot//description
[11.323s] -- Installing: /home/pi/final_ws/install/my_robot/share/my_robot//description/urdf
[11.324s] -- Installing: /home/pi/final_ws/install/my_robot/share/my_robot//description/urdf/my_robot.urdf.xacro
[11.327s] -- Installing: /home/pi/final_ws/install/my_robot/share/my_robot//description/urdf/common_properties.xacro
[11.328s] -- Installing: /home/pi/final_ws/install/my_robot/share/my_robot//description/ros_control
[11.329s] -- Installing: /home/pi/final_ws/install/my_robot/share/my_robot//description/ros_control/my_robot_control.xacro
[11.330s] -- Installing: /home/pi/final_ws/install/my_robot/share/my_robot//description/launch
[11.331s] -- Installing: /home/pi/final_ws/install/my_robot/share/my_robot//hardware
[11.331s] -- Installing: /home/pi/final_ws/install/my_robot/share/my_robot//hardware/src
[11.332s] -- Installing: /home/pi/final_ws/install/my_robot/share/my_robot//hardware/src/my_robot_hardware.cpp
[11.333s] -- Installing: /home/pi/final_ws/install/my_robot/share/my_robot//hardware/include
[11.333s] -- Installing: /home/pi/final_ws/install/my_robot/share/my_robot//hardware/include/my_robot
[11.334s] -- Installing: /home/pi/final_ws/install/my_robot/share/my_robot//hardware/include/my_robot/my_robot_hardware.hpp
[11.335s] -- Up-to-date: /home/pi/final_ws/install/my_robot/share/ament_index/resource_index/package_run_dependencies/my_robot
[11.336s] -- Up-to-date: /home/pi/final_ws/install/my_robot/share/ament_index/resource_index/parent_prefix_path/my_robot
[11.336s] -- Up-to-date: /home/pi/final_ws/install/my_robot/share/my_robot/environment/ament_prefix_path.sh
[11.336s] -- Installing: /home/pi/final_ws/install/my_robot/share/my_robot/environment/ament_prefix_path.dsv
[11.338s] -- Up-to-date: /home/pi/final_ws/install/my_robot/share/my_robot/environment/path.sh
[11.338s] -- Installing: /home/pi/final_ws/install/my_robot/share/my_robot/environment/path.dsv
[11.339s] -- Up-to-date: /home/pi/final_ws/install/my_robot/share/my_robot/local_setup.bash
[11.340s] -- Up-to-date: /home/pi/final_ws/install/my_robot/share/my_robot/local_setup.sh
[11.340s] -- Up-to-date: /home/pi/final_ws/install/my_robot/share/my_robot/local_setup.zsh
[11.340s] -- Installing: /home/pi/final_ws/install/my_robot/share/my_robot/local_setup.dsv
[11.341s] -- Installing: /home/pi/final_ws/install/my_robot/share/my_robot/package.dsv
[11.343s] -- Up-to-date: /home/pi/final_ws/install/my_robot/share/ament_index/resource_index/packages/my_robot
[11.343s] -- Up-to-date: /home/pi/final_ws/install/my_robot/share/my_robot/cmake/my_robotConfig.cmake
[11.344s] -- Up-to-date: /home/pi/final_ws/install/my_robot/share/my_robot/cmake/my_robotConfig-version.cmake
[11.344s] -- Up-to-date: /home/pi/final_ws/install/my_robot/share/my_robot/package.xml
[11.350s] Invoked command in '/home/pi/final_ws/build/my_robot' returned '0': CMAKE_PREFIX_PATH=${CMAKE_PREFIX_PATH}:/opt/ros/humble /usr/bin/cmake --install /home/pi/final_ws/build/my_robot
