[0.064s] Invoking command in '/home/pi/final_ws/build/my_robot': CMAKE_PREFIX_PATH=${CMAKE_PREFIX_PATH}:/opt/ros/humble /usr/bin/cmake --build /home/pi/final_ws/build/my_robot -- -j4 -l4
[0.385s] [100%] Built target my_robot_hardware
[0.436s] Invoked command in '/home/pi/final_ws/build/my_robot' returned '0': CMAKE_PREFIX_PATH=${CMAKE_PREFIX_PATH}:/opt/ros/humble /usr/bin/cmake --build /home/pi/final_ws/build/my_robot -- -j4 -l4
[0.608s] Invoking command in '/home/pi/final_ws/build/my_robot': CMAKE_PREFIX_PATH=${CMAKE_PREFIX_PATH}:/opt/ros/humble /usr/bin/cmake --install /home/pi/final_ws/build/my_robot
[0.639s] -- Install configuration: ""
[0.640s] -- Up-to-date: /home/pi/final_ws/install/my_robot/lib/libmy_robot_hardware.so
[0.643s] -- Up-to-date: /home/pi/final_ws/install/my_robot/share/my_robot//bringup
[0.643s] -- Up-to-date: /home/pi/final_ws/install/my_robot/share/my_robot//bringup/config
[0.644s] -- Up-to-date: /home/pi/final_ws/install/my_robot/share/my_robot//bringup/config/my_robot_controllers.yaml
[0.645s] -- Up-to-date: /home/pi/final_ws/install/my_robot/share/my_robot//bringup/launch
[0.646s] -- Installing: /home/pi/final_ws/install/my_robot/share/my_robot//bringup/launch/rsp.launch.py
[0.647s] -- Installing: /home/pi/final_ws/install/my_robot/share/my_robot//bringup/launch/my_robot.launch.py
[0.648s] -- Up-to-date: /home/pi/final_ws/install/my_robot/share/my_robot//description
[0.649s] -- Up-to-date: /home/pi/final_ws/install/my_robot/share/my_robot//description/urdf
[0.652s] -- Up-to-date: /home/pi/final_ws/install/my_robot/share/my_robot//description/urdf/my_robot.urdf.xacro
[0.653s] -- Up-to-date: /home/pi/final_ws/install/my_robot/share/my_robot//description/urdf/common_properties.xacro
[0.654s] -- Up-to-date: /home/pi/final_ws/install/my_robot/share/my_robot//description/ros_control
[0.655s] -- Up-to-date: /home/pi/final_ws/install/my_robot/share/my_robot//description/ros_control/my_robot_control.xacro
[0.655s] -- Up-to-date: /home/pi/final_ws/install/my_robot/share/my_robot//description/launch
[0.656s] -- Up-to-date: /home/pi/final_ws/install/my_robot/share/my_robot//hardware
[0.657s] -- Up-to-date: /home/pi/final_ws/install/my_robot/share/my_robot//hardware/src
[0.658s] -- Up-to-date: /home/pi/final_ws/install/my_robot/share/my_robot//hardware/src/my_robot_hardware.cpp
[0.659s] -- Up-to-date: /home/pi/final_ws/install/my_robot/share/my_robot//hardware/include
[0.659s] -- Up-to-date: /home/pi/final_ws/install/my_robot/share/my_robot//hardware/include/my_robot
[0.660s] -- Up-to-date: /home/pi/final_ws/install/my_robot/share/my_robot//hardware/include/my_robot/my_robot_hardware.hpp
[0.668s] -- Up-to-date: /home/pi/final_ws/install/my_robot/share/ament_index/resource_index/package_run_dependencies/my_robot
[0.669s] -- Up-to-date: /home/pi/final_ws/install/my_robot/share/ament_index/resource_index/parent_prefix_path/my_robot
[0.670s] -- Up-to-date: /home/pi/final_ws/install/my_robot/share/my_robot/environment/ament_prefix_path.sh
[0.671s] -- Up-to-date: /home/pi/final_ws/install/my_robot/share/my_robot/environment/ament_prefix_path.dsv
[0.671s] -- Up-to-date: /home/pi/final_ws/install/my_robot/share/my_robot/environment/path.sh
[0.672s] -- Up-to-date: /home/pi/final_ws/install/my_robot/share/my_robot/environment/path.dsv
[0.673s] -- Up-to-date: /home/pi/final_ws/install/my_robot/share/my_robot/local_setup.bash
[0.674s] -- Up-to-date: /home/pi/final_ws/install/my_robot/share/my_robot/local_setup.sh
[0.675s] -- Up-to-date: /home/pi/final_ws/install/my_robot/share/my_robot/local_setup.zsh
[0.675s] -- Up-to-date: /home/pi/final_ws/install/my_robot/share/my_robot/local_setup.dsv
[0.676s] -- Installing: /home/pi/final_ws/install/my_robot/share/my_robot/package.dsv
[0.677s] -- Up-to-date: /home/pi/final_ws/install/my_robot/share/ament_index/resource_index/packages/my_robot
[0.677s] -- Up-to-date: /home/pi/final_ws/install/my_robot/share/my_robot/cmake/my_robotConfig.cmake
[0.680s] -- Up-to-date: /home/pi/final_ws/install/my_robot/share/my_robot/cmake/my_robotConfig-version.cmake
[0.681s] -- Up-to-date: /home/pi/final_ws/install/my_robot/share/my_robot/package.xml
[0.682s] Invoked command in '/home/pi/final_ws/build/my_robot' returned '0': CMAKE_PREFIX_PATH=${CMAKE_PREFIX_PATH}:/opt/ros/humble /usr/bin/cmake --install /home/pi/final_ws/build/my_robot
