[0.075s] Invoking command in '/home/pi/final_ws/build/my_robot': CMAKE_PREFIX_PATH=${CMAKE_PREFIX_PATH}:/opt/ros/humble /usr/bin/cmake --build /home/pi/final_ws/build/my_robot -- -j4 -l4
[0.364s] -- Found ament_cmake: 1.3.9 (/opt/ros/humble/share/ament_cmake/cmake)
[1.039s] -- Found rclcpp: 16.0.9 (/opt/ros/humble/share/rclcpp/cmake)
[1.260s] -- Found rosidl_generator_c: 3.1.5 (/opt/ros/humble/share/rosidl_generator_c/cmake)
[1.277s] -- Found rosidl_adapter: 3.1.5 (/opt/ros/humble/share/rosidl_adapter/cmake)
[1.319s] -- Found rosidl_generator_cpp: 3.1.5 (/opt/ros/humble/share/rosidl_generator_cpp/cmake)
[1.392s] -- Using all available rosidl_typesupport_c: rosidl_typesupport_fastrtps_c;rosidl_typesupport_introspection_c
[1.477s] -- Using all available rosidl_typesupport_cpp: rosidl_typesupport_fastrtps_cpp;rosidl_typesupport_introspection_cpp
[1.782s] -- Found rmw_implementation_cmake: 6.1.2 (/opt/ros/humble/share/rmw_implementation_cmake/cmake)
[1.792s] -- Found rmw_fastrtps_cpp: 6.2.6 (/opt/ros/humble/share/rmw_fastrtps_cpp/cmake)
[2.925s] -- Using RMW implementation 'rmw_fastrtps_cpp' as default
[3.651s] -- Found hardware_interface: 2.41.0 (/opt/ros/humble/share/hardware_interface/cmake)
[6.040s] -- Found controller_manager: 2.41.0 (/opt/ros/humble/share/controller_manager/cmake)
[7.684s] -- Found diff_drive_controller: 2.35.0 (/opt/ros/humble/share/diff_drive_controller/cmake)
[7.987s] -- Found parameter_traits: 0.3.8 (/opt/ros/humble/share/parameter_traits/cmake)
[9.346s] -- Found joint_state_broadcaster: 2.35.0 (/opt/ros/humble/share/joint_state_broadcaster/cmake)
[10.085s] -- Found ros2_control: 2.41.0 (/opt/ros/humble/share/ros2_control/cmake)
[10.087s] -- Found ros2_control_test_assets: 2.41.0 (/opt/ros/humble/share/ros2_control_test_assets/cmake)
[10.229s] [31mCMake Error at CMakeLists.txt:13 (find_package):
[10.230s]   By not providing "Findpigpiod_if2.cmake" in CMAKE_MODULE_PATH this project
[10.230s]   has asked CMake to find a package configuration file provided by
[10.230s]   "pigpiod_if2", but CMake did not find one.
[10.231s] 
[10.231s]   Could not find a package configuration file provided by "pigpiod_if2" with
[10.232s]   any of the following names:
[10.232s] 
[10.233s]     pigpiod_if2Config.cmake
[10.234s]     pigpiod_if2-config.cmake
[10.235s] 
[10.235s]   Add the installation prefix of "pigpiod_if2" to CMAKE_PREFIX_PATH or set
[10.236s]   "pigpiod_if2_DIR" to a directory containing one of the above files.  If
[10.236s]   "pigpiod_if2" provides a separate development package or SDK, be sure it
[10.237s]   has been installed.
[10.238s] 
[10.239s] [0m
[10.240s] -- Configuring incomplete, errors occurred!
[10.242s] See also "/home/pi/final_ws/build/my_robot/CMakeFiles/CMakeOutput.log".
[10.270s] gmake: *** [Makefile:267: cmake_check_build_system] Error 1
[10.276s] Invoked command in '/home/pi/final_ws/build/my_robot' returned '2': CMAKE_PREFIX_PATH=${CMAKE_PREFIX_PATH}:/opt/ros/humble /usr/bin/cmake --build /home/pi/final_ws/build/my_robot -- -j4 -l4
