[0.075s] Invoking command in '/home/pi/final_ws/build/my_robot': CMAKE_PREFIX_PATH=${CMAKE_PREFIX_PATH}:/opt/ros/humble /usr/bin/cmake --build /home/pi/final_ws/build/my_robot -- -j4 -l4
[0.502s] [100%] Built target my_robot_hardware
[0.540s] Invoked command in '/home/pi/final_ws/build/my_robot' returned '0': CMAKE_PREFIX_PATH=${CMAKE_PREFIX_PATH}:/opt/ros/humble /usr/bin/cmake --build /home/pi/final_ws/build/my_robot -- -j4 -l4
[0.724s] Invoking command in '/home/pi/final_ws/build/my_robot': CMAKE_PREFIX_PATH=${CMAKE_PREFIX_PATH}:/opt/ros/humble /usr/bin/cmake --install /home/pi/final_ws/build/my_robot
[0.755s] -- Install configuration: ""
[0.760s] -- Up-to-date: /home/pi/final_ws/install/my_robot/lib/libmy_robot_hardware.so
[0.761s] -- Up-to-date: /home/pi/final_ws/install/my_robot/share/my_robot//bringup
[0.762s] -- Up-to-date: /home/pi/final_ws/install/my_robot/share/my_robot//bringup/config
[0.763s] -- Up-to-date: /home/pi/final_ws/install/my_robot/share/my_robot//bringup/config/my_robot_controllers.yaml
[0.763s] -- Up-to-date: /home/pi/final_ws/install/my_robot/share/my_robot//bringup/launch
[0.765s] -- Up-to-date: /home/pi/final_ws/install/my_robot/share/my_robot//bringup/launch/rsp.launch.py
[0.765s] -- Up-to-date: /home/pi/final_ws/install/my_robot/share/my_robot//bringup/launch/my_robot.launch.py
[0.766s] -- Up-to-date: /home/pi/final_ws/install/my_robot/share/my_robot//description
[0.766s] -- Up-to-date: /home/pi/final_ws/install/my_robot/share/my_robot//description/urdf
[0.767s] -- Installing: /home/pi/final_ws/install/my_robot/share/my_robot//description/urdf/my_robot.urdf.xacro
[0.768s] -- Installing: /home/pi/final_ws/install/my_robot/share/my_robot//description/urdf/common_properties.xacro
[0.770s] -- Up-to-date: /home/pi/final_ws/install/my_robot/share/my_robot//description/ros_control
[0.771s] -- Up-to-date: /home/pi/final_ws/install/my_robot/share/my_robot//description/ros_control/my_robot_control.xacro
[0.771s] -- Up-to-date: /home/pi/final_ws/install/my_robot/share/my_robot//description/launch
[0.771s] -- Up-to-date: /home/pi/final_ws/install/my_robot/share/my_robot//hardware
[0.772s] -- Up-to-date: /home/pi/final_ws/install/my_robot/share/my_robot//hardware/src
[0.773s] -- Up-to-date: /home/pi/final_ws/install/my_robot/share/my_robot//hardware/src/my_robot_hardware.cpp
[0.773s] -- Up-to-date: /home/pi/final_ws/install/my_robot/share/my_robot//hardware/include
[0.774s] -- Up-to-date: /home/pi/final_ws/install/my_robot/share/my_robot//hardware/include/my_robot
[0.775s] -- Up-to-date: /home/pi/final_ws/install/my_robot/share/my_robot//hardware/include/my_robot/my_robot_hardware.hpp
[0.776s] -- Up-to-date: /home/pi/final_ws/install/my_robot/share/ament_index/resource_index/package_run_dependencies/my_robot
[0.777s] -- Up-to-date: /home/pi/final_ws/install/my_robot/share/ament_index/resource_index/parent_prefix_path/my_robot
[0.777s] -- Up-to-date: /home/pi/final_ws/install/my_robot/share/my_robot/environment/ament_prefix_path.sh
[0.778s] -- Up-to-date: /home/pi/final_ws/install/my_robot/share/my_robot/environment/ament_prefix_path.dsv
[0.778s] -- Up-to-date: /home/pi/final_ws/install/my_robot/share/my_robot/environment/path.sh
[0.779s] -- Up-to-date: /home/pi/final_ws/install/my_robot/share/my_robot/environment/path.dsv
[0.779s] -- Up-to-date: /home/pi/final_ws/install/my_robot/share/my_robot/local_setup.bash
[0.780s] -- Up-to-date: /home/pi/final_ws/install/my_robot/share/my_robot/local_setup.sh
[0.780s] -- Up-to-date: /home/pi/final_ws/install/my_robot/share/my_robot/local_setup.zsh
[0.780s] -- Up-to-date: /home/pi/final_ws/install/my_robot/share/my_robot/local_setup.dsv
[0.781s] -- Installing: /home/pi/final_ws/install/my_robot/share/my_robot/package.dsv
[0.783s] -- Up-to-date: /home/pi/final_ws/install/my_robot/share/ament_index/resource_index/packages/my_robot
[0.784s] -- Up-to-date: /home/pi/final_ws/install/my_robot/share/my_robot/cmake/my_robotConfig.cmake
[0.784s] -- Up-to-date: /home/pi/final_ws/install/my_robot/share/my_robot/cmake/my_robotConfig-version.cmake
[0.785s] -- Up-to-date: /home/pi/final_ws/install/my_robot/share/my_robot/package.xml
[0.794s] Invoked command in '/home/pi/final_ws/build/my_robot' returned '0': CMAKE_PREFIX_PATH=${CMAKE_PREFIX_PATH}:/opt/ros/humble /usr/bin/cmake --install /home/pi/final_ws/build/my_robot
