[0.195s] DEBUG:colcon:Command line arguments: ['/usr/bin/colcon', 'build', '--symlink-install']
[0.195s] DEBUG:colcon:Parsed command line arguments: Namespace(log_base=None, log_level=None, verb_name='build', build_base='build', install_base='install', merge_install=False, symlink_install=True, test_result_base=None, continue_on_error=False, executor='parallel', parallel_workers=2, event_handlers=None, ignore_user_meta=False, metas=['./colcon.meta'], base_paths=['.'], packages_ignore=None, packages_ignore_regex=None, paths=None, packages_up_to=None, packages_up_to_regex=None, packages_above=None, packages_above_and_dependencies=None, packages_above_depth=None, packages_select_by_dep=None, packages_skip_by_dep=None, packages_skip_up_to=None, packages_select_build_failed=False, packages_skip_build_finished=False, packages_select_test_failures=False, packages_skip_test_passed=False, packages_select=None, packages_skip=None, packages_select_regex=None, packages_skip_regex=None, packages_start=None, packages_end=None, allow_overriding=[], cmake_args=None, cmake_target=None, cmake_target_skip_unavailable=False, cmake_clean_cache=False, cmake_clean_first=False, cmake_force_configure=False, ament_cmake_args=None, catkin_cmake_args=None, catkin_skip_building_tests=False, mixin_files=None, mixin=None, verb_parser=<colcon_mixin.mixin.mixin_argument.MixinArgumentDecorator object at 0x75b039e460b0>, verb_extension=<colcon_core.verb.build.BuildVerb object at 0x75b039e45b40>, main=<bound method BuildVerb.main of <colcon_core.verb.build.BuildVerb object at 0x75b039e45b40>>, mixin_verb=('build',))
[0.466s] Level 1:colcon.colcon_core.package_discovery:discover_packages(colcon_meta) check parameters
[0.466s] Level 1:colcon.colcon_core.package_discovery:discover_packages(recursive) check parameters
[0.466s] Level 1:colcon.colcon_core.package_discovery:discover_packages(ignore) check parameters
[0.466s] Level 1:colcon.colcon_core.package_discovery:discover_packages(path) check parameters
[0.466s] Level 1:colcon.colcon_core.package_discovery:discover_packages(colcon_meta) discover
[0.466s] Level 1:colcon.colcon_core.package_discovery:discover_packages(recursive) discover
[0.466s] INFO:colcon.colcon_core.package_discovery:Crawling recursively for packages in '/home/chibueze/project_ws'
[0.466s] Level 1:colcon.colcon_core.package_identification:_identify(.) by extensions ['ignore', 'ignore_ament_install']
[0.466s] Level 1:colcon.colcon_core.package_identification:_identify(.) by extension 'ignore'
[0.466s] Level 1:colcon.colcon_core.package_identification:_identify(.) by extension 'ignore_ament_install'
[0.467s] Level 1:colcon.colcon_core.package_identification:_identify(.) by extensions ['colcon_pkg']
[0.467s] Level 1:colcon.colcon_core.package_identification:_identify(.) by extension 'colcon_pkg'
[0.467s] Level 1:colcon.colcon_core.package_identification:_identify(.) by extensions ['colcon_meta']
[0.467s] Level 1:colcon.colcon_core.package_identification:_identify(.) by extension 'colcon_meta'
[0.467s] Level 1:colcon.colcon_core.package_identification:_identify(.) by extensions ['ros']
[0.467s] Level 1:colcon.colcon_core.package_identification:_identify(.) by extension 'ros'
[0.483s] Level 1:colcon.colcon_core.package_identification:_identify(.) by extensions ['cmake', 'python']
[0.483s] Level 1:colcon.colcon_core.package_identification:_identify(.) by extension 'cmake'
[0.483s] Level 1:colcon.colcon_core.package_identification:_identify(.) by extension 'python'
[0.483s] Level 1:colcon.colcon_core.package_identification:_identify(.) by extensions ['python_setup_py']
[0.483s] Level 1:colcon.colcon_core.package_identification:_identify(.) by extension 'python_setup_py'
[0.483s] Level 1:colcon.colcon_core.package_identification:_identify(build) by extensions ['ignore', 'ignore_ament_install']
[0.484s] Level 1:colcon.colcon_core.package_identification:_identify(build) by extension 'ignore'
[0.484s] Level 1:colcon.colcon_core.package_identification:_identify(build) ignored
[0.484s] Level 1:colcon.colcon_core.package_identification:_identify(install) by extensions ['ignore', 'ignore_ament_install']
[0.484s] Level 1:colcon.colcon_core.package_identification:_identify(install) by extension 'ignore'
[0.484s] Level 1:colcon.colcon_core.package_identification:_identify(install) ignored
[0.484s] Level 1:colcon.colcon_core.package_identification:_identify(log) by extensions ['ignore', 'ignore_ament_install']
[0.484s] Level 1:colcon.colcon_core.package_identification:_identify(log) by extension 'ignore'
[0.484s] Level 1:colcon.colcon_core.package_identification:_identify(log) ignored
[0.485s] Level 1:colcon.colcon_core.package_identification:_identify(src) by extensions ['ignore', 'ignore_ament_install']
[0.485s] Level 1:colcon.colcon_core.package_identification:_identify(src) by extension 'ignore'
[0.485s] Level 1:colcon.colcon_core.package_identification:_identify(src) by extension 'ignore_ament_install'
[0.485s] Level 1:colcon.colcon_core.package_identification:_identify(src) by extensions ['colcon_pkg']
[0.485s] Level 1:colcon.colcon_core.package_identification:_identify(src) by extension 'colcon_pkg'
[0.485s] Level 1:colcon.colcon_core.package_identification:_identify(src) by extensions ['colcon_meta']
[0.485s] Level 1:colcon.colcon_core.package_identification:_identify(src) by extension 'colcon_meta'
[0.485s] Level 1:colcon.colcon_core.package_identification:_identify(src) by extensions ['ros']
[0.485s] Level 1:colcon.colcon_core.package_identification:_identify(src) by extension 'ros'
[0.485s] Level 1:colcon.colcon_core.package_identification:_identify(src) by extensions ['cmake', 'python']
[0.485s] Level 1:colcon.colcon_core.package_identification:_identify(src) by extension 'cmake'
[0.485s] Level 1:colcon.colcon_core.package_identification:_identify(src) by extension 'python'
[0.486s] Level 1:colcon.colcon_core.package_identification:_identify(src) by extensions ['python_setup_py']
[0.486s] Level 1:colcon.colcon_core.package_identification:_identify(src) by extension 'python_setup_py'
[0.486s] Level 1:colcon.colcon_core.package_identification:_identify(src/gojo_bringup) by extensions ['ignore', 'ignore_ament_install']
[0.486s] Level 1:colcon.colcon_core.package_identification:_identify(src/gojo_bringup) by extension 'ignore'
[0.486s] Level 1:colcon.colcon_core.package_identification:_identify(src/gojo_bringup) by extension 'ignore_ament_install'
[0.486s] Level 1:colcon.colcon_core.package_identification:_identify(src/gojo_bringup) by extensions ['colcon_pkg']
[0.486s] Level 1:colcon.colcon_core.package_identification:_identify(src/gojo_bringup) by extension 'colcon_pkg'
[0.486s] Level 1:colcon.colcon_core.package_identification:_identify(src/gojo_bringup) by extensions ['colcon_meta']
[0.486s] Level 1:colcon.colcon_core.package_identification:_identify(src/gojo_bringup) by extension 'colcon_meta'
[0.486s] Level 1:colcon.colcon_core.package_identification:_identify(src/gojo_bringup) by extensions ['ros']
[0.486s] Level 1:colcon.colcon_core.package_identification:_identify(src/gojo_bringup) by extension 'ros'
[0.490s] DEBUG:colcon.colcon_core.package_identification:Package 'src/gojo_bringup' with type 'ros.ament_cmake' and name 'gojo_bringup'
[0.490s] Level 1:colcon.colcon_core.package_identification:_identify(src/gojo_description) by extensions ['ignore', 'ignore_ament_install']
[0.490s] Level 1:colcon.colcon_core.package_identification:_identify(src/gojo_description) by extension 'ignore'
[0.490s] Level 1:colcon.colcon_core.package_identification:_identify(src/gojo_description) by extension 'ignore_ament_install'
[0.490s] Level 1:colcon.colcon_core.package_identification:_identify(src/gojo_description) by extensions ['colcon_pkg']
[0.490s] Level 1:colcon.colcon_core.package_identification:_identify(src/gojo_description) by extension 'colcon_pkg'
[0.490s] Level 1:colcon.colcon_core.package_identification:_identify(src/gojo_description) by extensions ['colcon_meta']
[0.490s] Level 1:colcon.colcon_core.package_identification:_identify(src/gojo_description) by extension 'colcon_meta'
[0.491s] Level 1:colcon.colcon_core.package_identification:_identify(src/gojo_description) by extensions ['ros']
[0.491s] Level 1:colcon.colcon_core.package_identification:_identify(src/gojo_description) by extension 'ros'
[0.491s] DEBUG:colcon.colcon_core.package_identification:Package 'src/gojo_description' with type 'ros.ament_cmake' and name 'gojo_description'
[0.491s] Level 1:colcon.colcon_core.package_discovery:discover_packages(recursive) using defaults
[0.491s] Level 1:colcon.colcon_core.package_discovery:discover_packages(ignore) discover
[0.491s] Level 1:colcon.colcon_core.package_discovery:discover_packages(ignore) using defaults
[0.491s] Level 1:colcon.colcon_core.package_discovery:discover_packages(path) discover
[0.491s] Level 1:colcon.colcon_core.package_discovery:discover_packages(path) using defaults
[0.532s] Level 1:colcon.colcon_core.package_discovery:discover_packages(prefix_path) check parameters
[0.532s] Level 1:colcon.colcon_core.package_discovery:discover_packages(prefix_path) discover
[0.540s] DEBUG:colcon.colcon_installed_package_information.package_discovery:Found 2 installed packages in /home/chibueze/project_ws/install
[0.542s] DEBUG:colcon.colcon_installed_package_information.package_discovery:Found 332 installed packages in /opt/ros/humble
[0.544s] Level 1:colcon.colcon_core.package_discovery:discover_packages(prefix_path) using defaults
[0.625s] Level 5:colcon.colcon_core.verb:set package 'gojo_description' build argument 'cmake_args' from command line to 'None'
[0.625s] Level 5:colcon.colcon_core.verb:set package 'gojo_description' build argument 'cmake_target' from command line to 'None'
[0.625s] Level 5:colcon.colcon_core.verb:set package 'gojo_description' build argument 'cmake_target_skip_unavailable' from command line to 'False'
[0.625s] Level 5:colcon.colcon_core.verb:set package 'gojo_description' build argument 'cmake_clean_cache' from command line to 'False'
[0.625s] Level 5:colcon.colcon_core.verb:set package 'gojo_description' build argument 'cmake_clean_first' from command line to 'False'
[0.625s] Level 5:colcon.colcon_core.verb:set package 'gojo_description' build argument 'cmake_force_configure' from command line to 'False'
[0.625s] Level 5:colcon.colcon_core.verb:set package 'gojo_description' build argument 'ament_cmake_args' from command line to 'None'
[0.625s] Level 5:colcon.colcon_core.verb:set package 'gojo_description' build argument 'catkin_cmake_args' from command line to 'None'
[0.625s] Level 5:colcon.colcon_core.verb:set package 'gojo_description' build argument 'catkin_skip_building_tests' from command line to 'False'
[0.625s] DEBUG:colcon.colcon_core.verb:Building package 'gojo_description' with the following arguments: {'ament_cmake_args': None, 'build_base': '/home/chibueze/project_ws/build/gojo_description', 'catkin_cmake_args': None, 'catkin_skip_building_tests': False, 'cmake_args': None, 'cmake_clean_cache': False, 'cmake_clean_first': False, 'cmake_force_configure': False, 'cmake_target': None, 'cmake_target_skip_unavailable': False, 'install_base': '/home/chibueze/project_ws/install/gojo_description', 'merge_install': False, 'path': '/home/chibueze/project_ws/src/gojo_description', 'symlink_install': True, 'test_result_base': None}
[0.626s] Level 5:colcon.colcon_core.verb:set package 'gojo_bringup' build argument 'cmake_args' from command line to 'None'
[0.626s] Level 5:colcon.colcon_core.verb:set package 'gojo_bringup' build argument 'cmake_target' from command line to 'None'
[0.626s] Level 5:colcon.colcon_core.verb:set package 'gojo_bringup' build argument 'cmake_target_skip_unavailable' from command line to 'False'
[0.626s] Level 5:colcon.colcon_core.verb:set package 'gojo_bringup' build argument 'cmake_clean_cache' from command line to 'False'
[0.626s] Level 5:colcon.colcon_core.verb:set package 'gojo_bringup' build argument 'cmake_clean_first' from command line to 'False'
[0.626s] Level 5:colcon.colcon_core.verb:set package 'gojo_bringup' build argument 'cmake_force_configure' from command line to 'False'
[0.626s] Level 5:colcon.colcon_core.verb:set package 'gojo_bringup' build argument 'ament_cmake_args' from command line to 'None'
[0.626s] Level 5:colcon.colcon_core.verb:set package 'gojo_bringup' build argument 'catkin_cmake_args' from command line to 'None'
[0.626s] Level 5:colcon.colcon_core.verb:set package 'gojo_bringup' build argument 'catkin_skip_building_tests' from command line to 'False'
[0.626s] DEBUG:colcon.colcon_core.verb:Building package 'gojo_bringup' with the following arguments: {'ament_cmake_args': None, 'build_base': '/home/chibueze/project_ws/build/gojo_bringup', 'catkin_cmake_args': None, 'catkin_skip_building_tests': False, 'cmake_args': None, 'cmake_clean_cache': False, 'cmake_clean_first': False, 'cmake_force_configure': False, 'cmake_target': None, 'cmake_target_skip_unavailable': False, 'install_base': '/home/chibueze/project_ws/install/gojo_bringup', 'merge_install': False, 'path': '/home/chibueze/project_ws/src/gojo_bringup', 'symlink_install': True, 'test_result_base': None}
[0.627s] INFO:colcon.colcon_core.executor:Executing jobs using 'parallel' executor
[0.628s] DEBUG:colcon.colcon_parallel_executor.executor.parallel:run_until_complete
[0.628s] INFO:colcon.colcon_ros.task.ament_cmake.build:Building ROS package in '/home/chibueze/project_ws/src/gojo_description' with build type 'ament_cmake'
[0.628s] INFO:colcon.colcon_cmake.task.cmake.build:Building CMake package in '/home/chibueze/project_ws/src/gojo_description'
[0.636s] INFO:colcon.colcon_core.plugin_system:Skipping extension 'colcon_core.shell.bat': Not used on non-Windows systems
[0.637s] INFO:colcon.colcon_core.shell:Skip shell extension 'powershell' for command environment: Not usable outside of PowerShell
[0.637s] DEBUG:colcon.colcon_core.shell:Skip shell extension 'dsv' for command environment
[0.658s] DEBUG:colcon.colcon_core.event_handler.log_command:Invoking command in '/home/chibueze/project_ws/build/gojo_description': CMAKE_PREFIX_PATH=${CMAKE_PREFIX_PATH}:/opt/ros/humble /usr/bin/cmake --build /home/chibueze/project_ws/build/gojo_description -- -j2 -l2
[0.761s] DEBUG:colcon.colcon_core.event_handler.log_command:Invoked command in '/home/chibueze/project_ws/build/gojo_description' returned '0': CMAKE_PREFIX_PATH=${CMAKE_PREFIX_PATH}:/opt/ros/humble /usr/bin/cmake --build /home/chibueze/project_ws/build/gojo_description -- -j2 -l2
[0.828s] DEBUG:colcon.colcon_core.event_handler.log_command:Invoking command in '/home/chibueze/project_ws/build/gojo_description': CMAKE_PREFIX_PATH=${CMAKE_PREFIX_PATH}:/opt/ros/humble /usr/bin/cmake --install /home/chibueze/project_ws/build/gojo_description
[0.912s] Level 1:colcon.colcon_core.environment:create_environment_scripts_only(gojo_description)
[0.913s] DEBUG:colcon.colcon_core.event_handler.log_command:Invoked command in '/home/chibueze/project_ws/build/gojo_description' returned '0': CMAKE_PREFIX_PATH=${CMAKE_PREFIX_PATH}:/opt/ros/humble /usr/bin/cmake --install /home/chibueze/project_ws/build/gojo_description
[0.922s] Level 1:colcon.colcon_core.environment:checking '/home/chibueze/project_ws/install/gojo_description' for CMake module files
[0.923s] Level 1:colcon.colcon_core.environment:checking '/home/chibueze/project_ws/install/gojo_description' for CMake config files
[0.923s] Level 1:colcon.colcon_core.shell:create_environment_hook('gojo_description', 'cmake_prefix_path')
[0.924s] INFO:colcon.colcon_core.shell:Creating environment hook '/home/chibueze/project_ws/install/gojo_description/share/gojo_description/hook/cmake_prefix_path.ps1'
[0.925s] INFO:colcon.colcon_core.shell:Creating environment descriptor '/home/chibueze/project_ws/install/gojo_description/share/gojo_description/hook/cmake_prefix_path.dsv'
[0.926s] INFO:colcon.colcon_core.shell:Creating environment hook '/home/chibueze/project_ws/install/gojo_description/share/gojo_description/hook/cmake_prefix_path.sh'
[0.928s] Level 1:colcon.colcon_core.environment:checking '/home/chibueze/project_ws/install/gojo_description/bin'
[0.928s] Level 1:colcon.colcon_core.environment:checking '/home/chibueze/project_ws/install/gojo_description/lib/pkgconfig/gojo_description.pc'
[0.929s] Level 1:colcon.colcon_core.environment:checking '/home/chibueze/project_ws/install/gojo_description/lib/python3.10/site-packages'
[0.929s] Level 1:colcon.colcon_core.environment:checking '/home/chibueze/project_ws/install/gojo_description/bin'
[0.930s] INFO:colcon.colcon_core.shell:Creating package script '/home/chibueze/project_ws/install/gojo_description/share/gojo_description/package.ps1'
[0.932s] INFO:colcon.colcon_core.shell:Creating package descriptor '/home/chibueze/project_ws/install/gojo_description/share/gojo_description/package.dsv'
[0.933s] INFO:colcon.colcon_core.shell:Creating package script '/home/chibueze/project_ws/install/gojo_description/share/gojo_description/package.sh'
[0.934s] INFO:colcon.colcon_core.shell:Creating package script '/home/chibueze/project_ws/install/gojo_description/share/gojo_description/package.bash'
[0.936s] INFO:colcon.colcon_core.shell:Creating package script '/home/chibueze/project_ws/install/gojo_description/share/gojo_description/package.zsh'
[0.937s] Level 1:colcon.colcon_core.environment:create_file_with_runtime_dependencies(/home/chibueze/project_ws/install/gojo_description/share/colcon-core/packages/gojo_description)
[0.993s] Level 1:colcon.colcon_core.environment:create_environment_scripts_only(gojo_description)
[0.993s] Level 1:colcon.colcon_core.environment:checking '/home/chibueze/project_ws/install/gojo_description' for CMake module files
[0.994s] Level 1:colcon.colcon_core.environment:checking '/home/chibueze/project_ws/install/gojo_description' for CMake config files
[0.994s] Level 1:colcon.colcon_core.shell:create_environment_hook('gojo_description', 'cmake_prefix_path')
[0.995s] INFO:colcon.colcon_core.shell:Creating environment hook '/home/chibueze/project_ws/install/gojo_description/share/gojo_description/hook/cmake_prefix_path.ps1'
[0.995s] INFO:colcon.colcon_core.shell:Creating environment descriptor '/home/chibueze/project_ws/install/gojo_description/share/gojo_description/hook/cmake_prefix_path.dsv'
[0.996s] INFO:colcon.colcon_core.shell:Creating environment hook '/home/chibueze/project_ws/install/gojo_description/share/gojo_description/hook/cmake_prefix_path.sh'
[0.997s] Level 1:colcon.colcon_core.environment:checking '/home/chibueze/project_ws/install/gojo_description/bin'
[0.997s] Level 1:colcon.colcon_core.environment:checking '/home/chibueze/project_ws/install/gojo_description/lib/pkgconfig/gojo_description.pc'
[0.997s] Level 1:colcon.colcon_core.environment:checking '/home/chibueze/project_ws/install/gojo_description/lib/python3.10/site-packages'
[0.998s] Level 1:colcon.colcon_core.environment:checking '/home/chibueze/project_ws/install/gojo_description/bin'
[0.998s] INFO:colcon.colcon_core.shell:Creating package script '/home/chibueze/project_ws/install/gojo_description/share/gojo_description/package.ps1'
[0.999s] INFO:colcon.colcon_core.shell:Creating package descriptor '/home/chibueze/project_ws/install/gojo_description/share/gojo_description/package.dsv'
[0.999s] INFO:colcon.colcon_core.shell:Creating package script '/home/chibueze/project_ws/install/gojo_description/share/gojo_description/package.sh'
[1.000s] INFO:colcon.colcon_core.shell:Creating package script '/home/chibueze/project_ws/install/gojo_description/share/gojo_description/package.bash'
[1.001s] INFO:colcon.colcon_core.shell:Creating package script '/home/chibueze/project_ws/install/gojo_description/share/gojo_description/package.zsh'
[1.002s] Level 1:colcon.colcon_core.environment:create_file_with_runtime_dependencies(/home/chibueze/project_ws/install/gojo_description/share/colcon-core/packages/gojo_description)
[1.002s] INFO:colcon.colcon_ros.task.ament_cmake.build:Building ROS package in '/home/chibueze/project_ws/src/gojo_bringup' with build type 'ament_cmake'
[1.003s] INFO:colcon.colcon_cmake.task.cmake.build:Building CMake package in '/home/chibueze/project_ws/src/gojo_bringup'
[1.003s] INFO:colcon.colcon_core.shell:Skip shell extension 'powershell' for command environment: Not usable outside of PowerShell
[1.003s] DEBUG:colcon.colcon_core.shell:Skip shell extension 'dsv' for command environment
[1.024s] DEBUG:colcon.colcon_core.event_handler.log_command:Invoking command in '/home/chibueze/project_ws/build/gojo_bringup': CMAKE_PREFIX_PATH=/home/chibueze/project_ws/install/gojo_description:/home/chibueze/project_ws/install/gojo_bringup:/opt/ros/humble /usr/bin/cmake --build /home/chibueze/project_ws/build/gojo_bringup -- -j2 -l2
[1.103s] DEBUG:colcon.colcon_core.event_handler.log_command:Invoked command in '/home/chibueze/project_ws/build/gojo_bringup' returned '0': CMAKE_PREFIX_PATH=/home/chibueze/project_ws/install/gojo_description:/home/chibueze/project_ws/install/gojo_bringup:/opt/ros/humble /usr/bin/cmake --build /home/chibueze/project_ws/build/gojo_bringup -- -j2 -l2
[1.156s] DEBUG:colcon.colcon_core.event_handler.log_command:Invoking command in '/home/chibueze/project_ws/build/gojo_bringup': CMAKE_PREFIX_PATH=/home/chibueze/project_ws/install/gojo_description:/home/chibueze/project_ws/install/gojo_bringup:/opt/ros/humble /usr/bin/cmake --install /home/chibueze/project_ws/build/gojo_bringup
[1.208s] Level 1:colcon.colcon_core.environment:create_environment_scripts_only(gojo_bringup)
[1.209s] Level 1:colcon.colcon_core.environment:checking '/home/chibueze/project_ws/install/gojo_bringup' for CMake module files
[1.209s] Level 1:colcon.colcon_core.environment:checking '/home/chibueze/project_ws/install/gojo_bringup' for CMake config files
[1.210s] Level 1:colcon.colcon_core.shell:create_environment_hook('gojo_bringup', 'cmake_prefix_path')
[1.210s] INFO:colcon.colcon_core.shell:Creating environment hook '/home/chibueze/project_ws/install/gojo_bringup/share/gojo_bringup/hook/cmake_prefix_path.ps1'
[1.211s] DEBUG:colcon.colcon_core.event_handler.log_command:Invoked command in '/home/chibueze/project_ws/build/gojo_bringup' returned '0': CMAKE_PREFIX_PATH=/home/chibueze/project_ws/install/gojo_description:/home/chibueze/project_ws/install/gojo_bringup:/opt/ros/humble /usr/bin/cmake --install /home/chibueze/project_ws/build/gojo_bringup
[1.212s] INFO:colcon.colcon_core.shell:Creating environment descriptor '/home/chibueze/project_ws/install/gojo_bringup/share/gojo_bringup/hook/cmake_prefix_path.dsv'
[1.212s] INFO:colcon.colcon_core.shell:Creating environment hook '/home/chibueze/project_ws/install/gojo_bringup/share/gojo_bringup/hook/cmake_prefix_path.sh'
[1.213s] Level 1:colcon.colcon_core.environment:checking '/home/chibueze/project_ws/install/gojo_bringup/bin'
[1.213s] Level 1:colcon.colcon_core.environment:checking '/home/chibueze/project_ws/install/gojo_bringup/lib/pkgconfig/gojo_bringup.pc'
[1.214s] Level 1:colcon.colcon_core.environment:checking '/home/chibueze/project_ws/install/gojo_bringup/lib/python3.10/site-packages'
[1.214s] Level 1:colcon.colcon_core.environment:checking '/home/chibueze/project_ws/install/gojo_bringup/bin'
[1.214s] INFO:colcon.colcon_core.shell:Creating package script '/home/chibueze/project_ws/install/gojo_bringup/share/gojo_bringup/package.ps1'
[1.215s] INFO:colcon.colcon_core.shell:Creating package descriptor '/home/chibueze/project_ws/install/gojo_bringup/share/gojo_bringup/package.dsv'
[1.216s] INFO:colcon.colcon_core.shell:Creating package script '/home/chibueze/project_ws/install/gojo_bringup/share/gojo_bringup/package.sh'
[1.216s] INFO:colcon.colcon_core.shell:Creating package script '/home/chibueze/project_ws/install/gojo_bringup/share/gojo_bringup/package.bash'
[1.217s] INFO:colcon.colcon_core.shell:Creating package script '/home/chibueze/project_ws/install/gojo_bringup/share/gojo_bringup/package.zsh'
[1.217s] Level 1:colcon.colcon_core.environment:create_file_with_runtime_dependencies(/home/chibueze/project_ws/install/gojo_bringup/share/colcon-core/packages/gojo_bringup)
[1.272s] Level 1:colcon.colcon_core.environment:create_environment_scripts_only(gojo_bringup)
[1.272s] Level 1:colcon.colcon_core.environment:checking '/home/chibueze/project_ws/install/gojo_bringup' for CMake module files
[1.273s] Level 1:colcon.colcon_core.environment:checking '/home/chibueze/project_ws/install/gojo_bringup' for CMake config files
[1.273s] Level 1:colcon.colcon_core.shell:create_environment_hook('gojo_bringup', 'cmake_prefix_path')
[1.273s] INFO:colcon.colcon_core.shell:Creating environment hook '/home/chibueze/project_ws/install/gojo_bringup/share/gojo_bringup/hook/cmake_prefix_path.ps1'
[1.274s] INFO:colcon.colcon_core.shell:Creating environment descriptor '/home/chibueze/project_ws/install/gojo_bringup/share/gojo_bringup/hook/cmake_prefix_path.dsv'
[1.275s] INFO:colcon.colcon_core.shell:Creating environment hook '/home/chibueze/project_ws/install/gojo_bringup/share/gojo_bringup/hook/cmake_prefix_path.sh'
[1.276s] Level 1:colcon.colcon_core.environment:checking '/home/chibueze/project_ws/install/gojo_bringup/bin'
[1.276s] Level 1:colcon.colcon_core.environment:checking '/home/chibueze/project_ws/install/gojo_bringup/lib/pkgconfig/gojo_bringup.pc'
[1.276s] Level 1:colcon.colcon_core.environment:checking '/home/chibueze/project_ws/install/gojo_bringup/lib/python3.10/site-packages'
[1.277s] Level 1:colcon.colcon_core.environment:checking '/home/chibueze/project_ws/install/gojo_bringup/bin'
[1.277s] INFO:colcon.colcon_core.shell:Creating package script '/home/chibueze/project_ws/install/gojo_bringup/share/gojo_bringup/package.ps1'
[1.278s] INFO:colcon.colcon_core.shell:Creating package descriptor '/home/chibueze/project_ws/install/gojo_bringup/share/gojo_bringup/package.dsv'
[1.279s] INFO:colcon.colcon_core.shell:Creating package script '/home/chibueze/project_ws/install/gojo_bringup/share/gojo_bringup/package.sh'
[1.279s] INFO:colcon.colcon_core.shell:Creating package script '/home/chibueze/project_ws/install/gojo_bringup/share/gojo_bringup/package.bash'
[1.280s] INFO:colcon.colcon_core.shell:Creating package script '/home/chibueze/project_ws/install/gojo_bringup/share/gojo_bringup/package.zsh'
[1.281s] Level 1:colcon.colcon_core.environment:create_file_with_runtime_dependencies(/home/chibueze/project_ws/install/gojo_bringup/share/colcon-core/packages/gojo_bringup)
[1.282s] DEBUG:colcon.colcon_parallel_executor.executor.parallel:closing loop
[1.283s] DEBUG:colcon.colcon_parallel_executor.executor.parallel:loop closed
[1.283s] DEBUG:colcon.colcon_parallel_executor.executor.parallel:run_until_complete finished with '0'
[1.283s] DEBUG:colcon.colcon_core.event_reactor:joining thread
[1.302s] INFO:colcon.colcon_core.plugin_system:Skipping extension 'colcon_notification.desktop_notification.terminal_notifier': Not used on non-Darwin systems
[1.302s] INFO:colcon.colcon_core.plugin_system:Skipping extension 'colcon_notification.desktop_notification.win32': Not used on non-Windows systems
[1.302s] INFO:colcon.colcon_notification.desktop_notification:Sending desktop notification using 'notify2'
[1.342s] DEBUG:colcon.colcon_core.event_reactor:joined thread
[1.343s] INFO:colcon.colcon_core.shell:Creating prefix script '/home/chibueze/project_ws/install/local_setup.ps1'
[1.345s] INFO:colcon.colcon_core.shell:Creating prefix util module '/home/chibueze/project_ws/install/_local_setup_util_ps1.py'
[1.348s] INFO:colcon.colcon_core.shell:Creating prefix chain script '/home/chibueze/project_ws/install/setup.ps1'
[1.350s] INFO:colcon.colcon_core.shell:Creating prefix script '/home/chibueze/project_ws/install/local_setup.sh'
[1.352s] INFO:colcon.colcon_core.shell:Creating prefix util module '/home/chibueze/project_ws/install/_local_setup_util_sh.py'
[1.353s] INFO:colcon.colcon_core.shell:Creating prefix chain script '/home/chibueze/project_ws/install/setup.sh'
[1.356s] INFO:colcon.colcon_core.shell:Creating prefix script '/home/chibueze/project_ws/install/local_setup.bash'
[1.358s] INFO:colcon.colcon_core.shell:Creating prefix chain script '/home/chibueze/project_ws/install/setup.bash'
[1.360s] INFO:colcon.colcon_core.shell:Creating prefix script '/home/chibueze/project_ws/install/local_setup.zsh'
[1.362s] INFO:colcon.colcon_core.shell:Creating prefix chain script '/home/chibueze/project_ws/install/setup.zsh'
