[35m[1mConsolidate compiler generated dependencies of target my_robot_hardware[0m
[ 50%] [32mBuilding CXX object CMakeFiles/my_robot_hardware.dir/hardware/src/my_robot_hardware.cpp.o[0m
In file included from [01m[K/opt/ros/humble/include/class_loader/class_loader/class_loader_core.hpp:57[m[K,
                 from [01m[K/opt/ros/humble/include/class_loader/class_loader/class_loader.hpp:55[m[K,
                 from [01m[K/opt/ros/humble/include/pluginlib/pluginlib/class_list_macros.hpp:40[m[K,
                 from [01m[K/home/pi/final_ws/src/my_robot/hardware/include/my_robot/my_robot_hardware.hpp:9[m[K,
                 from [01m[K/home/pi/final_ws/src/my_robot/hardware/src/my_robot_hardware.cpp:1[m[K:
/opt/ros/humble/include/class_loader/class_loader/meta_object.hpp: In instantiation of ‘[01m[KB* class_loader::impl::MetaObject<C, B>::create() const [with C = my_robot::MyRobotHardware; B = hardware_interface::SystemInterface][m[K’:
[01m[K/opt/ros/humble/include/class_loader/class_loader/meta_object.hpp:216:7:[m[K   required from here
[01m[K/opt/ros/humble/include/class_loader/class_loader/meta_object.hpp:218:12:[m[K [01;31m[Kerror: [m[Kinvalid new-expression of abstract class type ‘[01m[Kmy_robot::MyRobotHardware[m[K’
  218 |     return [01;31m[Knew C[m[K;
      |            [01;31m[K^~~~~[m[K
In file included from [01m[K/home/pi/final_ws/src/my_robot/hardware/src/my_robot_hardware.cpp:1[m[K:
[01m[K/home/pi/final_ws/src/my_robot/hardware/include/my_robot/my_robot_hardware.hpp:13:9:[m[K [01;36m[Knote: [m[K  because the following virtual functions are pure within ‘[01m[Kmy_robot::MyRobotHardware[m[K’:
   13 |   class [01;36m[KMyRobotHardware[m[K : public hardware_interface::SystemInterface
      |         [01;36m[K^~~~~~~~~~~~~~~[m[K
In file included from [01m[K/home/pi/final_ws/src/my_robot/hardware/include/my_robot/my_robot_hardware.hpp:4[m[K,
                 from [01m[K/home/pi/final_ws/src/my_robot/hardware/src/my_robot_hardware.cpp:1[m[K:
[01m[K/opt/ros/humble/include/hardware_interface/system_interface.hpp:113:39:[m[K [01;36m[Knote: [m[K    ‘[01m[Kvirtual std::vector<hardware_interface::StateInterface> hardware_interface::SystemInterface::export_state_interfaces()[m[K’
  113 | std::vector<StateInterface> [01;36m[Kexport_state_interfaces[m[K() = 0;
      |                             [01;36m[K^~~~~~~~~~~~~~~~~~~~~~~[m[K

[01m[K/opt/ros/humble/include/hardware_interface/system_interface.hpp:124:41:[m[K [01;36m[Knote: [m[K    ‘[01m[Kvirtual std::vector<hardware_interface::CommandInterface> hardware_interface::SystemInterface::export_command_interfaces()[m[K’
  124 | d::vector<CommandInterface> [01;36m[Kexport_command_interfaces[m[K() = 0;
      |                             [01;36m[K^~~~~~~~~~~~~~~~~~~~~~~~~[m[K

gmake[2]: *** [CMakeFiles/my_robot_hardware.dir/build.make:76: CMakeFiles/my_robot_hardware.dir/hardware/src/my_robot_hardware.cpp.o] Error 1
gmake[1]: *** [CMakeFiles/Makefile2:137: CMakeFiles/my_robot_hardware.dir/all] Error 2
gmake: *** [Makefile:146: all] Error 2
