[100%] Built target my_robot_hardware
-- Install configuration: ""
-- Up-to-date: /home/pi/final_ws/install/my_robot/lib/libmy_robot_hardware.so
-- Up-to-date: /home/pi/final_ws/install/my_robot/share/my_robot//bringup
-- Up-to-date: /home/pi/final_ws/install/my_robot/share/my_robot//bringup/config
-- Up-to-date: /home/pi/final_ws/install/my_robot/share/my_robot//bringup/config/my_robot_controllers.yaml
-- Up-to-date: /home/pi/final_ws/install/my_robot/share/my_robot//bringup/launch
-- Installing: /home/pi/final_ws/install/my_robot/share/my_robot//bringup/launch/my_robot.launch.py
-- Up-to-date: /home/pi/final_ws/install/my_robot/share/my_robot//description
-- Up-to-date: /home/pi/final_ws/install/my_robot/share/my_robot//description/urdf
-- Up-to-date: /home/pi/final_ws/install/my_robot/share/my_robot//description/urdf/my_robot.urdf.xacro
-- Up-to-date: /home/pi/final_ws/install/my_robot/share/my_robot//description/urdf/common_properties.xacro
-- Up-to-date: /home/pi/final_ws/install/my_robot/share/my_robot//description/ros_control
-- Up-to-date: /home/pi/final_ws/install/my_robot/share/my_robot//description/ros_control/my_robot_control.xacro
-- Up-to-date: /home/pi/final_ws/install/my_robot/share/my_robot//description/launch
-- Up-to-date: /home/pi/final_ws/install/my_robot/share/my_robot//hardware
-- Up-to-date: /home/pi/final_ws/install/my_robot/share/my_robot//hardware/src
-- Up-to-date: /home/pi/final_ws/install/my_robot/share/my_robot//hardware/src/my_robot_hardware.cpp
-- Up-to-date: /home/pi/final_ws/install/my_robot/share/my_robot//hardware/include
-- Up-to-date: /home/pi/final_ws/install/my_robot/share/my_robot//hardware/include/my_robot
-- Up-to-date: /home/pi/final_ws/install/my_robot/share/my_robot//hardware/include/my_robot/my_robot_hardware.hpp
-- Up-to-date: /home/pi/final_ws/install/my_robot/share/ament_index/resource_index/package_run_dependencies/my_robot
-- Up-to-date: /home/pi/final_ws/install/my_robot/share/ament_index/resource_index/parent_prefix_path/my_robot
-- Up-to-date: /home/pi/final_ws/install/my_robot/share/my_robot/environment/ament_prefix_path.sh
-- Up-to-date: /home/pi/final_ws/install/my_robot/share/my_robot/environment/ament_prefix_path.dsv
-- Up-to-date: /home/pi/final_ws/install/my_robot/share/my_robot/environment/path.sh
-- Up-to-date: /home/pi/final_ws/install/my_robot/share/my_robot/environment/path.dsv
-- Up-to-date: /home/pi/final_ws/install/my_robot/share/my_robot/local_setup.bash
-- Up-to-date: /home/pi/final_ws/install/my_robot/share/my_robot/local_setup.sh
-- Up-to-date: /home/pi/final_ws/install/my_robot/share/my_robot/local_setup.zsh
-- Up-to-date: /home/pi/final_ws/install/my_robot/share/my_robot/local_setup.dsv
-- Up-to-date: /home/pi/final_ws/install/my_robot/share/my_robot/package.dsv
-- Up-to-date: /home/pi/final_ws/install/my_robot/share/ament_index/resource_index/packages/my_robot
-- Up-to-date: /home/pi/final_ws/install/my_robot/share/my_robot/cmake/my_robotConfig.cmake
-- Up-to-date: /home/pi/final_ws/install/my_robot/share/my_robot/cmake/my_robotConfig-version.cmake
-- Up-to-date: /home/pi/final_ws/install/my_robot/share/my_robot/package.xml
