[0.340s] DEBUG:colcon:Command line arguments: ['/usr/bin/colcon', 'build', '--symlink-install']
[0.340s] DEBUG:colcon:Parsed command line arguments: Namespace(log_base=None, log_level=None, verb_name='build', build_base='build', install_base='install', merge_install=False, symlink_install=True, test_result_base=None, continue_on_error=False, executor='parallel', parallel_workers=2, event_handlers=None, ignore_user_meta=False, metas=['./colcon.meta'], base_paths=['.'], packages_ignore=None, packages_ignore_regex=None, paths=None, packages_up_to=None, packages_up_to_regex=None, packages_above=None, packages_above_and_dependencies=None, packages_above_depth=None, packages_select_by_dep=None, packages_skip_by_dep=None, packages_skip_up_to=None, packages_select_build_failed=False, packages_skip_build_finished=False, packages_select_test_failures=False, packages_skip_test_passed=False, packages_select=None, packages_skip=None, packages_select_regex=None, packages_skip_regex=None, packages_start=None, packages_end=None, allow_overriding=[], cmake_args=None, cmake_target=None, cmake_target_skip_unavailable=False, cmake_clean_cache=False, cmake_clean_first=False, cmake_force_configure=False, ament_cmake_args=None, catkin_cmake_args=None, catkin_skip_building_tests=False, mixin_files=None, mixin=None, verb_parser=<colcon_mixin.mixin.mixin_argument.MixinArgumentDecorator object at 0x7696ba24a0b0>, verb_extension=<colcon_core.verb.build.BuildVerb object at 0x7696ba249b40>, main=<bound method BuildVerb.main of <colcon_core.verb.build.BuildVerb object at 0x7696ba249b40>>, mixin_verb=('build',))
[0.800s] Level 1:colcon.colcon_core.package_discovery:discover_packages(colcon_meta) check parameters
[0.800s] Level 1:colcon.colcon_core.package_discovery:discover_packages(recursive) check parameters
[0.800s] Level 1:colcon.colcon_core.package_discovery:discover_packages(ignore) check parameters
[0.800s] Level 1:colcon.colcon_core.package_discovery:discover_packages(path) check parameters
[0.801s] Level 1:colcon.colcon_core.package_discovery:discover_packages(colcon_meta) discover
[0.801s] Level 1:colcon.colcon_core.package_discovery:discover_packages(recursive) discover
[0.801s] INFO:colcon.colcon_core.package_discovery:Crawling recursively for packages in '/home/chibueze/project_ws'
[0.801s] Level 1:colcon.colcon_core.package_identification:_identify(.) by extensions ['ignore', 'ignore_ament_install']
[0.801s] Level 1:colcon.colcon_core.package_identification:_identify(.) by extension 'ignore'
[0.801s] Level 1:colcon.colcon_core.package_identification:_identify(.) by extension 'ignore_ament_install'
[0.801s] Level 1:colcon.colcon_core.package_identification:_identify(.) by extensions ['colcon_pkg']
[0.801s] Level 1:colcon.colcon_core.package_identification:_identify(.) by extension 'colcon_pkg'
[0.801s] Level 1:colcon.colcon_core.package_identification:_identify(.) by extensions ['colcon_meta']
[0.801s] Level 1:colcon.colcon_core.package_identification:_identify(.) by extension 'colcon_meta'
[0.801s] Level 1:colcon.colcon_core.package_identification:_identify(.) by extensions ['ros']
[0.801s] Level 1:colcon.colcon_core.package_identification:_identify(.) by extension 'ros'
[0.822s] Level 1:colcon.colcon_core.package_identification:_identify(.) by extensions ['cmake', 'python']
[0.822s] Level 1:colcon.colcon_core.package_identification:_identify(.) by extension 'cmake'
[0.822s] Level 1:colcon.colcon_core.package_identification:_identify(.) by extension 'python'
[0.822s] Level 1:colcon.colcon_core.package_identification:_identify(.) by extensions ['python_setup_py']
[0.822s] Level 1:colcon.colcon_core.package_identification:_identify(.) by extension 'python_setup_py'
[0.822s] Level 1:colcon.colcon_core.package_identification:_identify(build) by extensions ['ignore', 'ignore_ament_install']
[0.823s] Level 1:colcon.colcon_core.package_identification:_identify(build) by extension 'ignore'
[0.823s] Level 1:colcon.colcon_core.package_identification:_identify(build) ignored
[0.823s] Level 1:colcon.colcon_core.package_identification:_identify(install) by extensions ['ignore', 'ignore_ament_install']
[0.823s] Level 1:colcon.colcon_core.package_identification:_identify(install) by extension 'ignore'
[0.823s] Level 1:colcon.colcon_core.package_identification:_identify(install) ignored
[0.823s] Level 1:colcon.colcon_core.package_identification:_identify(log) by extensions ['ignore', 'ignore_ament_install']
[0.823s] Level 1:colcon.colcon_core.package_identification:_identify(log) by extension 'ignore'
[0.823s] Level 1:colcon.colcon_core.package_identification:_identify(log) ignored
[0.824s] Level 1:colcon.colcon_core.package_identification:_identify(src) by extensions ['ignore', 'ignore_ament_install']
[0.824s] Level 1:colcon.colcon_core.package_identification:_identify(src) by extension 'ignore'
[0.824s] Level 1:colcon.colcon_core.package_identification:_identify(src) by extension 'ignore_ament_install'
[0.824s] Level 1:colcon.colcon_core.package_identification:_identify(src) by extensions ['colcon_pkg']
[0.824s] Level 1:colcon.colcon_core.package_identification:_identify(src) by extension 'colcon_pkg'
[0.824s] Level 1:colcon.colcon_core.package_identification:_identify(src) by extensions ['colcon_meta']
[0.824s] Level 1:colcon.colcon_core.package_identification:_identify(src) by extension 'colcon_meta'
[0.824s] Level 1:colcon.colcon_core.package_identification:_identify(src) by extensions ['ros']
[0.824s] Level 1:colcon.colcon_core.package_identification:_identify(src) by extension 'ros'
[0.824s] Level 1:colcon.colcon_core.package_identification:_identify(src) by extensions ['cmake', 'python']
[0.824s] Level 1:colcon.colcon_core.package_identification:_identify(src) by extension 'cmake'
[0.824s] Level 1:colcon.colcon_core.package_identification:_identify(src) by extension 'python'
[0.824s] Level 1:colcon.colcon_core.package_identification:_identify(src) by extensions ['python_setup_py']
[0.825s] Level 1:colcon.colcon_core.package_identification:_identify(src) by extension 'python_setup_py'
[0.825s] Level 1:colcon.colcon_core.package_identification:_identify(src/gojo_bringup) by extensions ['ignore', 'ignore_ament_install']
[0.825s] Level 1:colcon.colcon_core.package_identification:_identify(src/gojo_bringup) by extension 'ignore'
[0.825s] Level 1:colcon.colcon_core.package_identification:_identify(src/gojo_bringup) by extension 'ignore_ament_install'
[0.825s] Level 1:colcon.colcon_core.package_identification:_identify(src/gojo_bringup) by extensions ['colcon_pkg']
[0.825s] Level 1:colcon.colcon_core.package_identification:_identify(src/gojo_bringup) by extension 'colcon_pkg'
[0.825s] Level 1:colcon.colcon_core.package_identification:_identify(src/gojo_bringup) by extensions ['colcon_meta']
[0.825s] Level 1:colcon.colcon_core.package_identification:_identify(src/gojo_bringup) by extension 'colcon_meta'
[0.825s] Level 1:colcon.colcon_core.package_identification:_identify(src/gojo_bringup) by extensions ['ros']
[0.825s] Level 1:colcon.colcon_core.package_identification:_identify(src/gojo_bringup) by extension 'ros'
[0.830s] DEBUG:colcon.colcon_core.package_identification:Package 'src/gojo_bringup' with type 'ros.ament_cmake' and name 'gojo_bringup'
[0.830s] Level 1:colcon.colcon_core.package_identification:_identify(src/gojo_description) by extensions ['ignore', 'ignore_ament_install']
[0.830s] Level 1:colcon.colcon_core.package_identification:_identify(src/gojo_description) by extension 'ignore'
[0.831s] Level 1:colcon.colcon_core.package_identification:_identify(src/gojo_description) by extension 'ignore_ament_install'
[0.831s] Level 1:colcon.colcon_core.package_identification:_identify(src/gojo_description) by extensions ['colcon_pkg']
[0.831s] Level 1:colcon.colcon_core.package_identification:_identify(src/gojo_description) by extension 'colcon_pkg'
[0.831s] Level 1:colcon.colcon_core.package_identification:_identify(src/gojo_description) by extensions ['colcon_meta']
[0.831s] Level 1:colcon.colcon_core.package_identification:_identify(src/gojo_description) by extension 'colcon_meta'
[0.831s] Level 1:colcon.colcon_core.package_identification:_identify(src/gojo_description) by extensions ['ros']
[0.831s] Level 1:colcon.colcon_core.package_identification:_identify(src/gojo_description) by extension 'ros'
[0.832s] DEBUG:colcon.colcon_core.package_identification:Package 'src/gojo_description' with type 'ros.ament_cmake' and name 'gojo_description'
[0.832s] Level 1:colcon.colcon_core.package_discovery:discover_packages(recursive) using defaults
[0.832s] Level 1:colcon.colcon_core.package_discovery:discover_packages(ignore) discover
[0.832s] Level 1:colcon.colcon_core.package_discovery:discover_packages(ignore) using defaults
[0.832s] Level 1:colcon.colcon_core.package_discovery:discover_packages(path) discover
[0.832s] Level 1:colcon.colcon_core.package_discovery:discover_packages(path) using defaults
[0.893s] Level 1:colcon.colcon_core.package_discovery:discover_packages(prefix_path) check parameters
[0.893s] Level 1:colcon.colcon_core.package_discovery:discover_packages(prefix_path) discover
[0.897s] DEBUG:colcon.colcon_installed_package_information.package_discovery:Found 2 installed packages in /home/chibueze/project_ws/install
[0.899s] DEBUG:colcon.colcon_installed_package_information.package_discovery:Found 332 installed packages in /opt/ros/humble
[0.902s] Level 1:colcon.colcon_core.package_discovery:discover_packages(prefix_path) using defaults
[1.055s] Level 5:colcon.colcon_core.verb:set package 'gojo_description' build argument 'cmake_args' from command line to 'None'
[1.055s] Level 5:colcon.colcon_core.verb:set package 'gojo_description' build argument 'cmake_target' from command line to 'None'
[1.055s] Level 5:colcon.colcon_core.verb:set package 'gojo_description' build argument 'cmake_target_skip_unavailable' from command line to 'False'
[1.055s] Level 5:colcon.colcon_core.verb:set package 'gojo_description' build argument 'cmake_clean_cache' from command line to 'False'
[1.055s] Level 5:colcon.colcon_core.verb:set package 'gojo_description' build argument 'cmake_clean_first' from command line to 'False'
[1.055s] Level 5:colcon.colcon_core.verb:set package 'gojo_description' build argument 'cmake_force_configure' from command line to 'False'
[1.055s] Level 5:colcon.colcon_core.verb:set package 'gojo_description' build argument 'ament_cmake_args' from command line to 'None'
[1.055s] Level 5:colcon.colcon_core.verb:set package 'gojo_description' build argument 'catkin_cmake_args' from command line to 'None'
[1.055s] Level 5:colcon.colcon_core.verb:set package 'gojo_description' build argument 'catkin_skip_building_tests' from command line to 'False'
[1.055s] DEBUG:colcon.colcon_core.verb:Building package 'gojo_description' with the following arguments: {'ament_cmake_args': None, 'build_base': '/home/chibueze/project_ws/build/gojo_description', 'catkin_cmake_args': None, 'catkin_skip_building_tests': False, 'cmake_args': None, 'cmake_clean_cache': False, 'cmake_clean_first': False, 'cmake_force_configure': False, 'cmake_target': None, 'cmake_target_skip_unavailable': False, 'install_base': '/home/chibueze/project_ws/install/gojo_description', 'merge_install': False, 'path': '/home/chibueze/project_ws/src/gojo_description', 'symlink_install': True, 'test_result_base': None}
[1.056s] Level 5:colcon.colcon_core.verb:set package 'gojo_bringup' build argument 'cmake_args' from command line to 'None'
[1.056s] Level 5:colcon.colcon_core.verb:set package 'gojo_bringup' build argument 'cmake_target' from command line to 'None'
[1.056s] Level 5:colcon.colcon_core.verb:set package 'gojo_bringup' build argument 'cmake_target_skip_unavailable' from command line to 'False'
[1.056s] Level 5:colcon.colcon_core.verb:set package 'gojo_bringup' build argument 'cmake_clean_cache' from command line to 'False'
[1.056s] Level 5:colcon.colcon_core.verb:set package 'gojo_bringup' build argument 'cmake_clean_first' from command line to 'False'
[1.056s] Level 5:colcon.colcon_core.verb:set package 'gojo_bringup' build argument 'cmake_force_configure' from command line to 'False'
[1.056s] Level 5:colcon.colcon_core.verb:set package 'gojo_bringup' build argument 'ament_cmake_args' from command line to 'None'
[1.056s] Level 5:colcon.colcon_core.verb:set package 'gojo_bringup' build argument 'catkin_cmake_args' from command line to 'None'
[1.056s] Level 5:colcon.colcon_core.verb:set package 'gojo_bringup' build argument 'catkin_skip_building_tests' from command line to 'False'
[1.056s] DEBUG:colcon.colcon_core.verb:Building package 'gojo_bringup' with the following arguments: {'ament_cmake_args': None, 'build_base': '/home/chibueze/project_ws/build/gojo_bringup', 'catkin_cmake_args': None, 'catkin_skip_building_tests': False, 'cmake_args': None, 'cmake_clean_cache': False, 'cmake_clean_first': False, 'cmake_force_configure': False, 'cmake_target': None, 'cmake_target_skip_unavailable': False, 'install_base': '/home/chibueze/project_ws/install/gojo_bringup', 'merge_install': False, 'path': '/home/chibueze/project_ws/src/gojo_bringup', 'symlink_install': True, 'test_result_base': None}
[1.056s] INFO:colcon.colcon_core.executor:Executing jobs using 'parallel' executor
[1.058s] DEBUG:colcon.colcon_parallel_executor.executor.parallel:run_until_complete
[1.058s] INFO:colcon.colcon_ros.task.ament_cmake.build:Building ROS package in '/home/chibueze/project_ws/src/gojo_description' with build type 'ament_cmake'
[1.058s] INFO:colcon.colcon_cmake.task.cmake.build:Building CMake package in '/home/chibueze/project_ws/src/gojo_description'
[1.067s] INFO:colcon.colcon_core.plugin_system:Skipping extension 'colcon_core.shell.bat': Not used on non-Windows systems
[1.067s] INFO:colcon.colcon_core.shell:Skip shell extension 'powershell' for command environment: Not usable outside of PowerShell
[1.067s] DEBUG:colcon.colcon_core.shell:Skip shell extension 'dsv' for command environment
[1.088s] DEBUG:colcon.colcon_core.event_handler.log_command:Invoking command in '/home/chibueze/project_ws/build/gojo_description': CMAKE_PREFIX_PATH=${CMAKE_PREFIX_PATH}:/opt/ros/humble /usr/bin/cmake --build /home/chibueze/project_ws/build/gojo_description -- -j2 -l2
[1.159s] DEBUG:colcon.colcon_core.event_handler.log_command:Invoked command in '/home/chibueze/project_ws/build/gojo_description' returned '0': CMAKE_PREFIX_PATH=${CMAKE_PREFIX_PATH}:/opt/ros/humble /usr/bin/cmake --build /home/chibueze/project_ws/build/gojo_description -- -j2 -l2
[1.232s] DEBUG:colcon.colcon_core.event_handler.log_command:Invoking command in '/home/chibueze/project_ws/build/gojo_description': CMAKE_PREFIX_PATH=${CMAKE_PREFIX_PATH}:/opt/ros/humble /usr/bin/cmake --install /home/chibueze/project_ws/build/gojo_description
[1.283s] Level 1:colcon.colcon_core.environment:create_environment_scripts_only(gojo_description)
[1.284s] DEBUG:colcon.colcon_core.event_handler.log_command:Invoked command in '/home/chibueze/project_ws/build/gojo_description' returned '0': CMAKE_PREFIX_PATH=${CMAKE_PREFIX_PATH}:/opt/ros/humble /usr/bin/cmake --install /home/chibueze/project_ws/build/gojo_description
[1.291s] Level 1:colcon.colcon_core.environment:checking '/home/chibueze/project_ws/install/gojo_description' for CMake module files
[1.292s] Level 1:colcon.colcon_core.environment:checking '/home/chibueze/project_ws/install/gojo_description' for CMake config files
[1.292s] Level 1:colcon.colcon_core.shell:create_environment_hook('gojo_description', 'cmake_prefix_path')
[1.292s] INFO:colcon.colcon_core.shell:Creating environment hook '/home/chibueze/project_ws/install/gojo_description/share/gojo_description/hook/cmake_prefix_path.ps1'
[1.293s] INFO:colcon.colcon_core.shell:Creating environment descriptor '/home/chibueze/project_ws/install/gojo_description/share/gojo_description/hook/cmake_prefix_path.dsv'
[1.294s] INFO:colcon.colcon_core.shell:Creating environment hook '/home/chibueze/project_ws/install/gojo_description/share/gojo_description/hook/cmake_prefix_path.sh'
[1.296s] Level 1:colcon.colcon_core.environment:checking '/home/chibueze/project_ws/install/gojo_description/bin'
[1.296s] Level 1:colcon.colcon_core.environment:checking '/home/chibueze/project_ws/install/gojo_description/lib/pkgconfig/gojo_description.pc'
[1.297s] Level 1:colcon.colcon_core.environment:checking '/home/chibueze/project_ws/install/gojo_description/lib/python3.10/site-packages'
[1.297s] Level 1:colcon.colcon_core.environment:checking '/home/chibueze/project_ws/install/gojo_description/bin'
[1.298s] INFO:colcon.colcon_core.shell:Creating package script '/home/chibueze/project_ws/install/gojo_description/share/gojo_description/package.ps1'
[1.299s] INFO:colcon.colcon_core.shell:Creating package descriptor '/home/chibueze/project_ws/install/gojo_description/share/gojo_description/package.dsv'
[1.300s] INFO:colcon.colcon_core.shell:Creating package script '/home/chibueze/project_ws/install/gojo_description/share/gojo_description/package.sh'
[1.301s] INFO:colcon.colcon_core.shell:Creating package script '/home/chibueze/project_ws/install/gojo_description/share/gojo_description/package.bash'
[1.303s] INFO:colcon.colcon_core.shell:Creating package script '/home/chibueze/project_ws/install/gojo_description/share/gojo_description/package.zsh'
[1.304s] Level 1:colcon.colcon_core.environment:create_file_with_runtime_dependencies(/home/chibueze/project_ws/install/gojo_description/share/colcon-core/packages/gojo_description)
[1.359s] Level 1:colcon.colcon_core.environment:create_environment_scripts_only(gojo_description)
[1.359s] Level 1:colcon.colcon_core.environment:checking '/home/chibueze/project_ws/install/gojo_description' for CMake module files
[1.360s] Level 1:colcon.colcon_core.environment:checking '/home/chibueze/project_ws/install/gojo_description' for CMake config files
[1.360s] Level 1:colcon.colcon_core.shell:create_environment_hook('gojo_description', 'cmake_prefix_path')
[1.360s] INFO:colcon.colcon_core.shell:Creating environment hook '/home/chibueze/project_ws/install/gojo_description/share/gojo_description/hook/cmake_prefix_path.ps1'
[1.361s] INFO:colcon.colcon_core.shell:Creating environment descriptor '/home/chibueze/project_ws/install/gojo_description/share/gojo_description/hook/cmake_prefix_path.dsv'
[1.362s] INFO:colcon.colcon_core.shell:Creating environment hook '/home/chibueze/project_ws/install/gojo_description/share/gojo_description/hook/cmake_prefix_path.sh'
[1.363s] Level 1:colcon.colcon_core.environment:checking '/home/chibueze/project_ws/install/gojo_description/bin'
[1.363s] Level 1:colcon.colcon_core.environment:checking '/home/chibueze/project_ws/install/gojo_description/lib/pkgconfig/gojo_description.pc'
[1.363s] Level 1:colcon.colcon_core.environment:checking '/home/chibueze/project_ws/install/gojo_description/lib/python3.10/site-packages'
[1.363s] Level 1:colcon.colcon_core.environment:checking '/home/chibueze/project_ws/install/gojo_description/bin'
[1.364s] INFO:colcon.colcon_core.shell:Creating package script '/home/chibueze/project_ws/install/gojo_description/share/gojo_description/package.ps1'
[1.364s] INFO:colcon.colcon_core.shell:Creating package descriptor '/home/chibueze/project_ws/install/gojo_description/share/gojo_description/package.dsv'
[1.365s] INFO:colcon.colcon_core.shell:Creating package script '/home/chibueze/project_ws/install/gojo_description/share/gojo_description/package.sh'
[1.366s] INFO:colcon.colcon_core.shell:Creating package script '/home/chibueze/project_ws/install/gojo_description/share/gojo_description/package.bash'
[1.366s] INFO:colcon.colcon_core.shell:Creating package script '/home/chibueze/project_ws/install/gojo_description/share/gojo_description/package.zsh'
[1.367s] Level 1:colcon.colcon_core.environment:create_file_with_runtime_dependencies(/home/chibueze/project_ws/install/gojo_description/share/colcon-core/packages/gojo_description)
[1.369s] INFO:colcon.colcon_ros.task.ament_cmake.build:Building ROS package in '/home/chibueze/project_ws/src/gojo_bringup' with build type 'ament_cmake'
[1.369s] INFO:colcon.colcon_cmake.task.cmake.build:Building CMake package in '/home/chibueze/project_ws/src/gojo_bringup'
[1.369s] INFO:colcon.colcon_core.shell:Skip shell extension 'powershell' for command environment: Not usable outside of PowerShell
[1.369s] DEBUG:colcon.colcon_core.shell:Skip shell extension 'dsv' for command environment
[1.388s] DEBUG:colcon.colcon_core.event_handler.log_command:Invoking command in '/home/chibueze/project_ws/build/gojo_bringup': CMAKE_PREFIX_PATH=/home/chibueze/project_ws/install/gojo_description:/home/chibueze/project_ws/install/gojo_bringup:/opt/ros/humble /usr/bin/cmake --build /home/chibueze/project_ws/build/gojo_bringup -- -j2 -l2
[1.456s] DEBUG:colcon.colcon_core.event_handler.log_command:Invoked command in '/home/chibueze/project_ws/build/gojo_bringup' returned '0': CMAKE_PREFIX_PATH=/home/chibueze/project_ws/install/gojo_description:/home/chibueze/project_ws/install/gojo_bringup:/opt/ros/humble /usr/bin/cmake --build /home/chibueze/project_ws/build/gojo_bringup -- -j2 -l2
[1.512s] DEBUG:colcon.colcon_core.event_handler.log_command:Invoking command in '/home/chibueze/project_ws/build/gojo_bringup': CMAKE_PREFIX_PATH=/home/chibueze/project_ws/install/gojo_description:/home/chibueze/project_ws/install/gojo_bringup:/opt/ros/humble /usr/bin/cmake --install /home/chibueze/project_ws/build/gojo_bringup
[1.575s] Level 1:colcon.colcon_core.environment:create_environment_scripts_only(gojo_bringup)
[1.576s] Level 1:colcon.colcon_core.environment:checking '/home/chibueze/project_ws/install/gojo_bringup' for CMake module files
[1.577s] DEBUG:colcon.colcon_core.event_handler.log_command:Invoked command in '/home/chibueze/project_ws/build/gojo_bringup' returned '0': CMAKE_PREFIX_PATH=/home/chibueze/project_ws/install/gojo_description:/home/chibueze/project_ws/install/gojo_bringup:/opt/ros/humble /usr/bin/cmake --install /home/chibueze/project_ws/build/gojo_bringup
[1.577s] Level 1:colcon.colcon_core.environment:checking '/home/chibueze/project_ws/install/gojo_bringup' for CMake config files
[1.577s] Level 1:colcon.colcon_core.shell:create_environment_hook('gojo_bringup', 'cmake_prefix_path')
[1.578s] INFO:colcon.colcon_core.shell:Creating environment hook '/home/chibueze/project_ws/install/gojo_bringup/share/gojo_bringup/hook/cmake_prefix_path.ps1'
[1.578s] INFO:colcon.colcon_core.shell:Creating environment descriptor '/home/chibueze/project_ws/install/gojo_bringup/share/gojo_bringup/hook/cmake_prefix_path.dsv'
[1.579s] INFO:colcon.colcon_core.shell:Creating environment hook '/home/chibueze/project_ws/install/gojo_bringup/share/gojo_bringup/hook/cmake_prefix_path.sh'
[1.580s] Level 1:colcon.colcon_core.environment:checking '/home/chibueze/project_ws/install/gojo_bringup/bin'
[1.580s] Level 1:colcon.colcon_core.environment:checking '/home/chibueze/project_ws/install/gojo_bringup/lib/pkgconfig/gojo_bringup.pc'
[1.580s] Level 1:colcon.colcon_core.environment:checking '/home/chibueze/project_ws/install/gojo_bringup/lib/python3.10/site-packages'
[1.581s] Level 1:colcon.colcon_core.environment:checking '/home/chibueze/project_ws/install/gojo_bringup/bin'
[1.581s] INFO:colcon.colcon_core.shell:Creating package script '/home/chibueze/project_ws/install/gojo_bringup/share/gojo_bringup/package.ps1'
[1.582s] INFO:colcon.colcon_core.shell:Creating package descriptor '/home/chibueze/project_ws/install/gojo_bringup/share/gojo_bringup/package.dsv'
[1.582s] INFO:colcon.colcon_core.shell:Creating package script '/home/chibueze/project_ws/install/gojo_bringup/share/gojo_bringup/package.sh'
[1.583s] INFO:colcon.colcon_core.shell:Creating package script '/home/chibueze/project_ws/install/gojo_bringup/share/gojo_bringup/package.bash'
[1.583s] INFO:colcon.colcon_core.shell:Creating package script '/home/chibueze/project_ws/install/gojo_bringup/share/gojo_bringup/package.zsh'
[1.584s] Level 1:colcon.colcon_core.environment:create_file_with_runtime_dependencies(/home/chibueze/project_ws/install/gojo_bringup/share/colcon-core/packages/gojo_bringup)
[1.638s] Level 1:colcon.colcon_core.environment:create_environment_scripts_only(gojo_bringup)
[1.638s] Level 1:colcon.colcon_core.environment:checking '/home/chibueze/project_ws/install/gojo_bringup' for CMake module files
[1.639s] Level 1:colcon.colcon_core.environment:checking '/home/chibueze/project_ws/install/gojo_bringup' for CMake config files
[1.639s] Level 1:colcon.colcon_core.shell:create_environment_hook('gojo_bringup', 'cmake_prefix_path')
[1.639s] INFO:colcon.colcon_core.shell:Creating environment hook '/home/chibueze/project_ws/install/gojo_bringup/share/gojo_bringup/hook/cmake_prefix_path.ps1'
[1.640s] INFO:colcon.colcon_core.shell:Creating environment descriptor '/home/chibueze/project_ws/install/gojo_bringup/share/gojo_bringup/hook/cmake_prefix_path.dsv'
[1.641s] INFO:colcon.colcon_core.shell:Creating environment hook '/home/chibueze/project_ws/install/gojo_bringup/share/gojo_bringup/hook/cmake_prefix_path.sh'
[1.642s] Level 1:colcon.colcon_core.environment:checking '/home/chibueze/project_ws/install/gojo_bringup/bin'
[1.642s] Level 1:colcon.colcon_core.environment:checking '/home/chibueze/project_ws/install/gojo_bringup/lib/pkgconfig/gojo_bringup.pc'
[1.642s] Level 1:colcon.colcon_core.environment:checking '/home/chibueze/project_ws/install/gojo_bringup/lib/python3.10/site-packages'
[1.642s] Level 1:colcon.colcon_core.environment:checking '/home/chibueze/project_ws/install/gojo_bringup/bin'
[1.643s] INFO:colcon.colcon_core.shell:Creating package script '/home/chibueze/project_ws/install/gojo_bringup/share/gojo_bringup/package.ps1'
[1.643s] INFO:colcon.colcon_core.shell:Creating package descriptor '/home/chibueze/project_ws/install/gojo_bringup/share/gojo_bringup/package.dsv'
[1.644s] INFO:colcon.colcon_core.shell:Creating package script '/home/chibueze/project_ws/install/gojo_bringup/share/gojo_bringup/package.sh'
[1.645s] INFO:colcon.colcon_core.shell:Creating package script '/home/chibueze/project_ws/install/gojo_bringup/share/gojo_bringup/package.bash'
[1.646s] INFO:colcon.colcon_core.shell:Creating package script '/home/chibueze/project_ws/install/gojo_bringup/share/gojo_bringup/package.zsh'
[1.647s] Level 1:colcon.colcon_core.environment:create_file_with_runtime_dependencies(/home/chibueze/project_ws/install/gojo_bringup/share/colcon-core/packages/gojo_bringup)
[1.648s] DEBUG:colcon.colcon_parallel_executor.executor.parallel:closing loop
[1.649s] DEBUG:colcon.colcon_parallel_executor.executor.parallel:loop closed
[1.649s] DEBUG:colcon.colcon_parallel_executor.executor.parallel:run_until_complete finished with '0'
[1.649s] DEBUG:colcon.colcon_core.event_reactor:joining thread
[1.663s] INFO:colcon.colcon_core.plugin_system:Skipping extension 'colcon_notification.desktop_notification.terminal_notifier': Not used on non-Darwin systems
[1.663s] INFO:colcon.colcon_core.plugin_system:Skipping extension 'colcon_notification.desktop_notification.win32': Not used on non-Windows systems
[1.663s] INFO:colcon.colcon_notification.desktop_notification:Sending desktop notification using 'notify2'
[1.688s] DEBUG:colcon.colcon_core.event_reactor:joined thread
[1.688s] INFO:colcon.colcon_core.shell:Creating prefix script '/home/chibueze/project_ws/install/local_setup.ps1'
[1.690s] INFO:colcon.colcon_core.shell:Creating prefix util module '/home/chibueze/project_ws/install/_local_setup_util_ps1.py'
[1.693s] INFO:colcon.colcon_core.shell:Creating prefix chain script '/home/chibueze/project_ws/install/setup.ps1'
[1.696s] INFO:colcon.colcon_core.shell:Creating prefix script '/home/chibueze/project_ws/install/local_setup.sh'
[1.697s] INFO:colcon.colcon_core.shell:Creating prefix util module '/home/chibueze/project_ws/install/_local_setup_util_sh.py'
[1.698s] INFO:colcon.colcon_core.shell:Creating prefix chain script '/home/chibueze/project_ws/install/setup.sh'
[1.700s] INFO:colcon.colcon_core.shell:Creating prefix script '/home/chibueze/project_ws/install/local_setup.bash'
[1.701s] INFO:colcon.colcon_core.shell:Creating prefix chain script '/home/chibueze/project_ws/install/setup.bash'
[1.703s] INFO:colcon.colcon_core.shell:Creating prefix script '/home/chibueze/project_ws/install/local_setup.zsh'
[1.703s] INFO:colcon.colcon_core.shell:Creating prefix chain script '/home/chibueze/project_ws/install/setup.zsh'
